{
 "PRed": [
  {
   "PR": {
    "__lazy_json__": "pr_json/555293178.json"
   },
   "data": {
    "bot_rerun": 1620940547.677026,
    "migrator_name": "ArchRebuild",
    "migrator_version": 1,
    "name": "aarch64 and ppc64le addition"
   },
   "keys": [
    "bot_rerun",
    "migrator_name",
    "migrator_version",
    "name"
   ]
  },
  {
   "PR": {
    "__lazy_json__": "pr_json/644267266.json"
   },
   "data": {
    "bot_rerun": 1632914302.924674,
    "migrator_name": "ArchRebuild",
    "migrator_version": 1,
    "name": "aarch64 and ppc64le addition"
   },
   "keys": [
    "bot_rerun",
    "migrator_name",
    "migrator_version",
    "name"
   ]
  },
  {
   "PR": {
    "__lazy_json__": "pr_json/745652940.json"
   },
   "data": {
    "bot_rerun": false,
    "migrator_name": "ArchRebuild",
    "migrator_version": 1,
    "name": "aarch64 and ppc64le addition"
   },
   "keys": [
    "bot_rerun",
    "migrator_name",
    "migrator_version",
    "name"
   ]
  }
 ],
 "archived": false,
 "bad": "make_graph: render error cond build error: ValueError(\"variant config in /tmp/tmpl96scfct/conda_build_config.yaml is ambiguous because it\\ndoes not fully implement all zipped keys (To be clear: missing ['docker_image'])\\nor specifies a subspace that is not fully implemented (To be clear:\\n.. we did not find ['None', '9.2', '10.0', '10.1', '11.0', '11.1', '11.2', '11.3', '11.4', '11.5', '11.6', '11.7', '11.8'] from {'zip_keys': [['cuda_compiler_version', 'cdt_name', 'cudnn']], 'cuda_compiler': ['nvcc'], 'cuda_compiler_version': ['None', '9.2', '10.0', '10.1', '10.2', '11.0', '11.1', '11.2', '11.3', '11.4', '11.5', '11.6', '11.7', '11.8'], 'cudnn': ['undefined', '7', '7', '7', '7', '8', '8', '8', '8', '8', '8', '8', '8', '8'], 'cdt_name': ['cos6', 'cos6', 'cos6', 'cos6', 'cos6', 'cos7', 'cos7', 'cos7', 'cos7', 'cos7', 'cos7', 'cos7', 'cos7', 'cos7']} in cuda_compiler_version:['10.2']).\")\nTraceback (most recent call last):\n  File \"/home/runner/work/autotick-bot/autotick-bot/cf-scripts/conda_forge_tick/utils.py\", line 180, in parse_meta_yaml\n    return _parse_meta_yaml_impl(\n  File \"/home/runner/work/autotick-bot/autotick-bot/cf-scripts/conda_forge_tick/utils.py\", line 268, in _parse_meta_yaml_impl\n    config, _cbc = _run_parsing()\n  File \"/home/runner/work/autotick-bot/autotick-bot/cf-scripts/conda_forge_tick/utils.py\", line 250, in _run_parsing\n    _cbc, _ = conda_build.variants.get_package_combined_spec(\n  File \"/usr/share/miniconda3/envs/run_env/lib/python3.9/site-packages/conda_build/variants.py\", line 599, in get_package_combined_spec\n    combined_spec = combine_specs(specs, log_output=config.verbose)\n  File \"/usr/share/miniconda3/envs/run_env/lib/python3.9/site-packages/conda_build/variants.py\", line 324, in combine_specs\n    values = _combine_spec_dictionaries(specs, extend_keys=extend_keys, zip_keys=zip_keys,\n  File \"/usr/share/miniconda3/envs/run_env/lib/python3.9/site-packages/conda_build/variants.py\", line 296, in _combine_spec_dictionaries\n    raise ValueError(\"variant config in {} is ambiguous because it\\n\"\nValueError: variant config in /tmp/tmpl96scfct/conda_build_config.yaml is ambiguous because it\ndoes not fully implement all zipped keys (To be clear: missing ['docker_image'])\nor specifies a subspace that is not fully implemented (To be clear:\n.. we did not find ['None', '9.2', '10.0', '10.1', '11.0', '11.1', '11.2', '11.3', '11.4', '11.5', '11.6', '11.7', '11.8'] from {'zip_keys': [['cuda_compiler_version', 'cdt_name', 'cudnn']], 'cuda_compiler': ['nvcc'], 'cuda_compiler_version': ['None', '9.2', '10.0', '10.1', '10.2', '11.0', '11.1', '11.2', '11.3', '11.4', '11.5', '11.6', '11.7', '11.8'], 'cudnn': ['undefined', '7', '7', '7', '7', '8', '8', '8', '8', '8', '8', '8', '8', '8'], 'cdt_name': ['cos6', 'cos6', 'cos6', 'cos6', 'cos6', 'cos7', 'cos7', 'cos7', 'cos7', 'cos7', 'cos7', 'cos7', 'cos7', 'cos7']} in cuda_compiler_version:['10.2']).\n\nTraceback (most recent call last):\n  File \"/home/runner/work/autotick-bot/autotick-bot/cf-scripts/conda_forge_tick/utils.py\", line 180, in parse_meta_yaml\n    return _parse_meta_yaml_impl(\n  File \"/home/runner/work/autotick-bot/autotick-bot/cf-scripts/conda_forge_tick/utils.py\", line 268, in _parse_meta_yaml_impl\n    config, _cbc = _run_parsing()\n  File \"/home/runner/work/autotick-bot/autotick-bot/cf-scripts/conda_forge_tick/utils.py\", line 250, in _run_parsing\n    _cbc, _ = conda_build.variants.get_package_combined_spec(\n  File \"/usr/share/miniconda3/envs/run_env/lib/python3.9/site-packages/conda_build/variants.py\", line 599, in get_package_combined_spec\n    combined_spec = combine_specs(specs, log_output=config.verbose)\n  File \"/usr/share/miniconda3/envs/run_env/lib/python3.9/site-packages/conda_build/variants.py\", line 324, in combine_specs\n    values = _combine_spec_dictionaries(specs, extend_keys=extend_keys, zip_keys=zip_keys,\n  File \"/usr/share/miniconda3/envs/run_env/lib/python3.9/site-packages/conda_build/variants.py\", line 296, in _combine_spec_dictionaries\n    raise ValueError(\"variant config in {} is ambiguous because it\\n\"\nValueError: variant config in /tmp/tmpl96scfct/conda_build_config.yaml is ambiguous because it\ndoes not fully implement all zipped keys (To be clear: missing ['docker_image'])\nor specifies a subspace that is not fully implemented (To be clear:\n.. we did not find ['None', '9.2', '10.0', '10.1', '11.0', '11.1', '11.2', '11.3', '11.4', '11.5', '11.6', '11.7', '11.8'] from {'zip_keys': [['cuda_compiler_version', 'cdt_name', 'cudnn']], 'cuda_compiler': ['nvcc'], 'cuda_compiler_version': ['None', '9.2', '10.0', '10.1', '10.2', '11.0', '11.1', '11.2', '11.3', '11.4', '11.5', '11.6', '11.7', '11.8'], 'cudnn': ['undefined', '7', '7', '7', '7', '8', '8', '8', '8', '8', '8', '8', '8', '8'], 'cdt_name': ['cos6', 'cos6', 'cos6', 'cos6', 'cos6', 'cos7', 'cos7', 'cos7', 'cos7', 'cos7', 'cos7', 'cos7', 'cos7', 'cos7']} in cuda_compiler_version:['10.2']).\n\nDuring handling of the above exception, another exception occurred:\n\nTraceback (most recent call last):\n  File \"/home/runner/work/autotick-bot/autotick-bot/cf-scripts/conda_forge_tick/feedstock_parser.py\", line 246, in populate_feedstock_attributes\n    parse_meta_yaml(\n  File \"/home/runner/work/autotick-bot/autotick-bot/cf-scripts/conda_forge_tick/utils.py\", line 192, in parse_meta_yaml\n    raise RuntimeError(\nRuntimeError: cond build error: ValueError(\"variant config in /tmp/tmpl96scfct/conda_build_config.yaml is ambiguous because it\\ndoes not fully implement all zipped keys (To be clear: missing ['docker_image'])\\nor specifies a subspace that is not fully implemented (To be clear:\\n.. we did not find ['None', '9.2', '10.0', '10.1', '11.0', '11.1', '11.2', '11.3', '11.4', '11.5', '11.6', '11.7', '11.8'] from {'zip_keys': [['cuda_compiler_version', 'cdt_name', 'cudnn']], 'cuda_compiler': ['nvcc'], 'cuda_compiler_version': ['None', '9.2', '10.0', '10.1', '10.2', '11.0', '11.1', '11.2', '11.3', '11.4', '11.5', '11.6', '11.7', '11.8'], 'cudnn': ['undefined', '7', '7', '7', '7', '8', '8', '8', '8', '8', '8', '8', '8', '8'], 'cdt_name': ['cos6', 'cos6', 'cos6', 'cos6', 'cos6', 'cos7', 'cos7', 'cos7', 'cos7', 'cos7', 'cos7', 'cos7', 'cos7', 'cos7']} in cuda_compiler_version:['10.2']).\")\nTraceback (most recent call last):\n  File \"/home/runner/work/autotick-bot/autotick-bot/cf-scripts/conda_forge_tick/utils.py\", line 180, in parse_meta_yaml\n    return _parse_meta_yaml_impl(\n  File \"/home/runner/work/autotick-bot/autotick-bot/cf-scripts/conda_forge_tick/utils.py\", line 268, in _parse_meta_yaml_impl\n    config, _cbc = _run_parsing()\n  File \"/home/runner/work/autotick-bot/autotick-bot/cf-scripts/conda_forge_tick/utils.py\", line 250, in _run_parsing\n    _cbc, _ = conda_build.variants.get_package_combined_spec(\n  File \"/usr/share/miniconda3/envs/run_env/lib/python3.9/site-packages/conda_build/variants.py\", line 599, in get_package_combined_spec\n    combined_spec = combine_specs(specs, log_output=config.verbose)\n  File \"/usr/share/miniconda3/envs/run_env/lib/python3.9/site-packages/conda_build/variants.py\", line 324, in combine_specs\n    values = _combine_spec_dictionaries(specs, extend_keys=extend_keys, zip_keys=zip_keys,\n  File \"/usr/share/miniconda3/envs/run_env/lib/python3.9/site-packages/conda_build/variants.py\", line 296, in _combine_spec_dictionaries\n    raise ValueError(\"variant config in {} is ambiguous because it\\n\"\nValueError: variant config in /tmp/tmpl96scfct/conda_build_config.yaml is ambiguous because it\ndoes not fully implement all zipped keys (To be clear: missing ['docker_image'])\nor specifies a subspace that is not fully implemented (To be clear:\n.. we did not find ['None', '9.2', '10.0', '10.1', '11.0', '11.1', '11.2', '11.3', '11.4', '11.5', '11.6', '11.7', '11.8'] from {'zip_keys': [['cuda_compiler_version', 'cdt_name', 'cudnn']], 'cuda_compiler': ['nvcc'], 'cuda_compiler_version': ['None', '9.2', '10.0', '10.1', '10.2', '11.0', '11.1', '11.2', '11.3', '11.4', '11.5', '11.6', '11.7', '11.8'], 'cudnn': ['undefined', '7', '7', '7', '7', '8', '8', '8', '8', '8', '8', '8', '8', '8'], 'cdt_name': ['cos6', 'cos6', 'cos6', 'cos6', 'cos6', 'cos7', 'cos7', 'cos7', 'cos7', 'cos7', 'cos7', 'cos7', 'cos7', 'cos7']} in cuda_compiler_version:['10.2']).\n\n",
 "branch": "main",
 "conda-forge.yml": {
  "provider": {
   "linux_aarch64": "azure",
   "linux_ppc64le": "azure"
  }
 },
 "feedstock_name": "nvcc",
 "name": "nvcc",
 "new_version": false,
 "outputs_names": {
  "__set__": true,
  "elements": [
   "nvcc_linux-64",
   "nvcc_linux-aarch64",
   "nvcc_linux-ppc64le",
   "nvcc_win-64"
  ]
 },
 "pinning_version": "2021.09.28.19.51.35",
 "raw_meta_yaml": "{% set name = \"nvcc\" %}\n{% set number = 22 %}\n\n{% if cuda_compiler_version in (None, \"None\", True, False) %}\n{% set cuda_major = 0 %}\n{% set cuda_minor = 0 %}\n{% set cuda_major_minor = (0, 0) %}\n{% else %}\n{% set cuda_major = environ.get(\"cuda_compiler_version\", \"11.8\").split(\".\")[0]|int %}\n{% set cuda_minor = environ.get(\"cuda_compiler_version\", \"11.8\").split(\".\")[1]|int %}\n{% set cuda_major_minor = (cuda_major, cuda_minor) %}\n{% endif %}\n\npackage:\n  name: \"{{ name }}\"\n\nbuild:\n  number: {{ number }}\n{% if cuda_major == 0\n    or (target_platform == \"linux-ppc64le\" and cuda_major_minor < (10, 2))\n    or (target_platform == \"linux-aarch64\" and (cuda_major_minor < (11, 0) or arm_variant_type != \"sbsa\")) %}\n  skip: true\n{% endif %}\n\noutputs:\n  - name: \"{{ name }}_{{ target_platform }}\"\n    version: \"{{ cuda_compiler_version }}\"\n    number: {{ number }}\n    script: linux/install_nvcc.sh     # [linux]\n    script: windows/install_nvcc.bat  # [win]\n    build:\n      ignore_run_exports:\n        - libgcc-ng\n      run_exports:\n        strong:\n{% if cuda_major_minor < (11, 2) %}\n          - cudatoolkit {{ cuda_compiler_version }}|{{ cuda_compiler_version }}.*\n{% else %}\n          - cudatoolkit >={{ cuda_compiler_version }},<{{ cuda_major + 1 }}\n{% endif %}\n{% if cdt_name == \"cos7\" %}       # [linux]\n          - __glibc >=2.17        # [linux]\n{% endif %}                       # [linux]\n    requirements:\n      build:      # [win]\n        - m2-sed  # [win]\n      host:\n        # Needed to symlink libcuda into sysroot libs.\n        - {{ compiler(\"c\") }}\n{% if cdt_name == \"cos7\" %}                    # [linux]\n        - sysroot_{{ target_platform }} 2.17   # [linux]\n        - __glibc >=2.17                       # [linux]\n{% endif %}                                    # [linux]\n      run:\n        - sed                                  # [linux]\n{% if cdt_name == \"cos7\" %}                    # [linux]\n        - sysroot_{{ target_platform }} 2.17   # [linux]\n        - __glibc >=2.17                       # [linux]\n{% endif %}                                    # [linux]\n    test:\n      requires:\n        - {{ compiler(\"c\") }}\n        # Host code is forwarded to a C++ compiler\n        - {{ compiler(\"cxx\") }}\n{% if cdt_name == \"cos7\" %}                    # [linux]\n        - sysroot_{{ target_platform }} 2.17   # [linux]\n{% endif %}                                    # [linux]\n      files:\n        - test.cu\n        - linux/test_nvcc.sh     # [linux]\n        - windows\\test_nvcc.bat  # [win]\n      commands:\n        - bash linux/test_nvcc.sh  # [linux]\n        - windows\\test_nvcc.bat    # [win]\n    about:\n      home: https://github.com/conda-forge/nvcc-feedstock\n      license: BSD-3-Clause\n      license_file: LICENSE.txt\n      summary: A meta-package to enable the right nvcc.\n\nabout:\n  home: https://github.com/conda-forge/nvcc-feedstock\n  license: BSD-3-Clause\n  license_file: LICENSE.txt\n  summary: A meta-package to enable the right nvcc.\n\nextra:\n  recipe-maintainers:\n    - dillon-cullinan\n    - isuruf\n    - jakirkham\n    - kkraus14\n    - mike-wendt\n    - raydouglass\n    - jaimergp\n    - leofang\n",
 "smithy_version": "3.12",
 "strong_exports": true,
 "time": 1568135311.4851289
}