{
  "errored": [
    "agate",
    "astropy-healpix",
    "beakerx",
    "consul",
    "consul-template",
    "croniter",
    "cysignals",
    "diffoscope",
    "embree",
    "ffmpeg",
    "folium",
    "fonttools",
    "ghostscript",
    "hunspell-en",
    "imapclient",
    "jenkspy",
    "libdap4",
    "libjpeg-turbo",
    "libmo_unpack",
    "lua",
    "markdown-checklist",
    "mkl_random",
    "monotonic",
    "mpifft4py",
    "opencv",
    "orekit",
    "postgis",
    "protobuf",
    "pudb",
    "python",
    "python-node-semver",
    "qt",
    "r-rgdal",
    "rabbitmq-server",
    "torchvision",
    "vault",
    "wkhtmltopdf",
    "xtensor",
    "gherkin-official",
    "simage",
    "ipywe",
    "liquidprompt",
    "netgen",
    "h5utils",
    "tensorflow",
    "pyct",
    "tesseract",
    "conjure-python-client",
    "tokei",
    "child",
    "gmsh",
    "graphicsmagick",
    "py3dmol",
    "flake8-rst",
    "simanneal",
    "markdown_strings",
    "oclgrind",
    "elm",
    "afterimage",
    "root",
    "dockermake",
    "go-bindata-assetfs",
    "allensdk",
    "nginx-module-njs",
    "gfortran_impl_osx-64",
    "spacy-model-en_vectors_web",
    "segyio",
    "google-cloud-bigquery-storage",
    "desres-msys",
    "python-gilt",
    "mkdocs-markdownextradata-plugin",
    "intern",
    "cudatoolkit",
    "tf_object_detection",
    "grandalf",
    "zziplib",
    "latte-integrale",
    "r-loose.rock",
    "gspread-pandas",
    "wand",
    "osrf_pycommon",
    "freegenes",
    "rb-aws-codedeploy-agent",
    "get-docker-secret",
    "rb-cool.io",
    "itk-meshtopolydata",
    "libredwg",
    "e3sm_to_cmip",
    "cothread",
    "mlt",
    "conda-standalone",
    "imagecodecs-lite",
    "kauth",
    "kconfigwidgets",
    "kiconthemes",
    "kcompletion",
    "kcrash",
    "kservice",
    "kglobalaccel",
    "ktextwidgets",
    "kxmlgui",
    "kbookmarks",
    "kjobwidgets",
    "knotifications",
    "kio",
    "kpackage",
    "kwallet",
    "kfilemetadata",
    "knotifyconfig",
    "purpose",
    "knewstuff",
    "kdeclarative",
    "stack_data",
    "python-certifi-win32",
    "libignition-common",
    "libignition-fuel-tools",
    "outdated",
    "neptune-client",
    "damask",
    "openal-soft",
    "openglider",
    "harmonica",
    "proj-data",
    "cyclonedds",
    "jbig2dec",
    "azure-uamqp-c",
    "terraform-provider-credstash",
    "cadabra2",
    "g2o",
    "py-applescript",
    "pybamm",
    "covid-sim-suite",
    "mvlearn",
    "terraform-provider-time",
    "cub",
    "thrust",
    "cmake-format",
    "angreal",
    "iprpy-data",
    "pyprocar",
    "suds-py3",
    "opencensus-context",
    "pytorch-dp",
    "xarray-spatial",
    "versioned-hdf5",
    "cloudstorage",
    "pixmappy",
    "r-bactdating",
    "openscenegraph-osgqt",
    "reproc",
    "kaleido-core",
    "python-kaleido",
    "maml",
    "libignition-rendering4",
    "ipannotoryous",
    "openml",
    "libgumbo",
    "libignition-sensors",
    "libignition-gui",
    "libignition-utils"
  ],
  "errors": {
    "afterimage": "The recipe did not change in the version migration, a URL did not hash, or there is jinja2 syntax the bot cannot handle!\n\nPlease check the URLs in your recipe with version '6-25-01' to make sure they exist!\n\nWe also found the following errors:\n\n - recipe did not appear to change even though the bot said it should have\n",
    "agate": "We found a problem parsing the recipe for version '1.6.2': \n\nDuplicateKeyError('while constructing a mapping', <ruamel.yaml.error.StringMark object at 0x7f06917b04a0>, 'found duplicate key \"license\" with value \"COPYING\" (original value: \"MIT\")', <ruamel.yaml.error.StringMark object at 0x7f06f928e350>, '\\n                    To suppress this check see:\\n                        http://yaml.readthedocs.io/en/latest/api.html#duplicate-keys\\n                    ', '                    Duplicate keys will become an error in future releases, and are errors\\n                    by default when using the new API.\\n                    ')\n\ntraceback:\n  File \"/home/runner/work/autotick-bot/autotick-bot/cf-scripts/conda_forge_tick/migrators/version.py\", line 472, in migrate\n    cmeta = CondaMetaYAML(fp.read())\n  File \"/home/runner/work/autotick-bot/autotick-bot/cf-scripts/conda_forge_tick/recipe_parser/_parser.py\", line 455, in __init__\n    self.meta = self._parser.load(\"\".join(lines))\n  File \"/usr/share/miniconda/envs/run_env/lib/python3.9/site-packages/ruamel/yaml/main.py\", line 343, in load\n    return constructor.get_single_data()\n  File \"/usr/share/miniconda/envs/run_env/lib/python3.9/site-packages/ruamel/yaml/constructor.py\", line 113, in get_single_data\n    return self.construct_document(node)\n  File \"/usr/share/miniconda/envs/run_env/lib/python3.9/site-packages/ruamel/yaml/constructor.py\", line 123, in construct_document\n    for _dummy in generator:\n  File \"/usr/share/miniconda/envs/run_env/lib/python3.9/site-packages/ruamel/yaml/constructor.py\", line 1563, in construct_yaml_map\n    self.construct_mapping(node, data, deep=True)\n  File \"/usr/share/miniconda/envs/run_env/lib/python3.9/site-packages/ruamel/yaml/constructor.py\", line 1469, in construct_mapping\n    value = self.construct_object(value_node, deep=deep)\n  File \"/usr/share/miniconda/envs/run_env/lib/python3.9/site-packages/ruamel/yaml/constructor.py\", line 146, in construct_object\n    data = self.construct_non_recursive_object(node)\n  File \"/usr/share/miniconda/envs/run_env/lib/python3.9/site-packages/ruamel/yaml/constructor.py\", line 188, in construct_non_recursive_object\n    for _dummy in generator:\n  File \"/usr/share/miniconda/envs/run_env/lib/python3.9/site-packages/ruamel/yaml/constructor.py\", line 1563, in construct_yaml_map\n    self.construct_mapping(node, data, deep=True)\n  File \"/usr/share/miniconda/envs/run_env/lib/python3.9/site-packages/ruamel/yaml/constructor.py\", line 1470, in construct_mapping\n    if self.check_mapping_key(node, key_node, maptyp, key, value):\n  File \"/usr/share/miniconda/envs/run_env/lib/python3.9/site-packages/ruamel/yaml/constructor.py\", line 295, in check_mapping_key\n    raise DuplicateKeyError(*args)\n",
    "allensdk": "The recipe did not change in the version migration, a URL did not hash, or there is jinja2 syntax the bot cannot handle!\n\nPlease check the URLs in your recipe with version '2.10.2' to make sure they exist!\n\nWe also found the following errors:\n\n - could not hash URL template 'https://pypi.io/packages/source/{{ name[0] }}/{{ name }}/{{ name }}-{{ version }}.tar.bz2'\n",
    "angreal": "The recipe did not change in the version migration, a URL did not hash, or there is jinja2 syntax the bot cannot handle!\n\nPlease check the URLs in your recipe with version '0.7.3' to make sure they exist!\n\nWe also found the following errors:\n\n - could not hash URL template 'https://gitlab.com/angreal/angreal/-/raw/{{ version }}/requirements/requirements.txt'\n - could not hash URL template 'https://gitlab.com/angreal/angreal/-/raw/{{ version }}/requirements/dev.txt'\n",
    "astropy-healpix": "The recipe did not change in the version migration, a URL did not hash, or there is jinja2 syntax the bot cannot handle!\n\nPlease check the URLs in your recipe with version '0.6' to make sure they exist!\n\nWe also found the following errors:\n\n - could not hash URL template 'https://pypi.io/packages/source/{{ name[0] }}/{{ name }}/{{ name }}-{{ version }}.tar.gz'\n",
    "azure-uamqp-c": "The recipe did not change in the version migration, a URL did not hash, or there is jinja2 syntax the bot cannot handle!\n\nPlease check the URLs in your recipe with version '2020-12-09' to make sure they exist!\n\nWe also found the following errors:\n\n - recipe did not appear to change even though the bot said it should have\n",
    "beakerx": "We found a problem parsing the recipe for version '2.0.1': \n\nDuplicateKeyError('while constructing a mapping', <ruamel.yaml.error.StringMark object at 0x7f07127d9200>, 'found duplicate key \"source\" with value \"ordereddict([(\\'fn\\', \\'<{ name }}-<{ version }}.tar.gz\\'), (\\'url\\', \\'https://files.pythonhosted.org/packages/source/b/beakerx/<{ name }}-<{ version }}.tar.gz\\'), (\\'sha256\\', \\'<{ sha256 }}\\')])\" (original value: \"ordereddict([(\\'git_rev\\', \\'<{ version }}\\'), (\\'git_url\\', \\'https://github.com/twosigma/beakerx.git\\')])\")', <ruamel.yaml.error.StringMark object at 0x7f0705f0af20>, '\\n                    To suppress this check see:\\n                        http://yaml.readthedocs.io/en/latest/api.html#duplicate-keys\\n                    ', '                    Duplicate keys will become an error in future releases, and are errors\\n                    by default when using the new API.\\n                    ')\n\ntraceback:\n  File \"/home/runner/work/autotick-bot/autotick-bot/cf-scripts/conda_forge_tick/migrators/version.py\", line 472, in migrate\n    cmeta = CondaMetaYAML(fp.read())\n  File \"/home/runner/work/autotick-bot/autotick-bot/cf-scripts/conda_forge_tick/recipe_parser/_parser.py\", line 455, in __init__\n    self.meta = self._parser.load(\"\".join(lines))\n  File \"/usr/share/miniconda/envs/run_env/lib/python3.9/site-packages/ruamel/yaml/main.py\", line 343, in load\n    return constructor.get_single_data()\n  File \"/usr/share/miniconda/envs/run_env/lib/python3.9/site-packages/ruamel/yaml/constructor.py\", line 113, in get_single_data\n    return self.construct_document(node)\n  File \"/usr/share/miniconda/envs/run_env/lib/python3.9/site-packages/ruamel/yaml/constructor.py\", line 123, in construct_document\n    for _dummy in generator:\n  File \"/usr/share/miniconda/envs/run_env/lib/python3.9/site-packages/ruamel/yaml/constructor.py\", line 1563, in construct_yaml_map\n    self.construct_mapping(node, data, deep=True)\n  File \"/usr/share/miniconda/envs/run_env/lib/python3.9/site-packages/ruamel/yaml/constructor.py\", line 1470, in construct_mapping\n    if self.check_mapping_key(node, key_node, maptyp, key, value):\n  File \"/usr/share/miniconda/envs/run_env/lib/python3.9/site-packages/ruamel/yaml/constructor.py\", line 295, in check_mapping_key\n    raise DuplicateKeyError(*args)\n",
    "cadabra2": "The recipe did not change in the version migration, a URL did not hash, or there is jinja2 syntax the bot cannot handle!\n\nPlease check the URLs in your recipe with version '2.3.6.8' to make sure they exist!\n\nWe also found the following errors:\n\n - could not hash URL template 'https://github.com/kpeeters/cadabra2/releases/download/{{ version }}/cadabra2-{{ version }}.tar.gz'\n",
    "child": "The recipe did not change in the version migration, a URL did not hash, or there is jinja2 syntax the bot cannot handle!\n\nPlease check the URLs in your recipe with version '20020726' to make sure they exist!\n\nWe also found the following errors:\n\n - could not hash URL template 'https://github.com/childmodel/child/archive/v{{ version }}.tar.gz'\n",
    "cloudstorage": "The recipe did not change in the version migration, a URL did not hash, or there is jinja2 syntax the bot cannot handle!\n\nPlease check the URLs in your recipe with version '0.11.0' to make sure they exist!\n\nWe also found the following errors:\n\n - could not hash URL template 'https://pypi.io/packages/source/{{ name[0] }}/{{ name }}/cloudstorage-{{ version }}.tar.gz'\n",
    "cmake-format": "The recipe did not change in the version migration, a URL did not hash, or there is jinja2 syntax the bot cannot handle!\n\nPlease check the URLs in your recipe with version '0.6.13' to make sure they exist!\n\nWe also found the following errors:\n\n - could not hash URL template 'https://github.com/cheshirekow/cmake_format/releases/download/v{{ version }}/cmake_format-{{ version }}.tar.gz'\n",
    "conda-standalone": "No error information available for version '4.10.0'.",
    "conjure-python-client": "No error information available for version '1.10.1'.",
    "consul": "We found a problem parsing the recipe for version '2Fv0.7.0': \n\nAssertionError('\\n')\n\ntraceback:\n  File \"/home/runner/work/autotick-bot/autotick-bot/cf-scripts/conda_forge_tick/migrators/version.py\", line 472, in migrate\n    cmeta = CondaMetaYAML(fp.read())\n  File \"/home/runner/work/autotick-bot/autotick-bot/cf-scripts/conda_forge_tick/recipe_parser/_parser.py\", line 437, in __init__\n    v, e = _parse_jinja2_variables(meta_yaml)\n  File \"/home/runner/work/autotick-bot/autotick-bot/cf-scripts/conda_forge_tick/recipe_parser/_parser.py\", line 112, in _parse_jinja2_variables\n    assert False, jinja2_data\n",
    "consul-template": "We found a problem parsing the recipe for version '0.25.2': \n\nAssertionError('\\n')\n\ntraceback:\n  File \"/home/runner/work/autotick-bot/autotick-bot/cf-scripts/conda_forge_tick/migrators/version.py\", line 472, in migrate\n    cmeta = CondaMetaYAML(fp.read())\n  File \"/home/runner/work/autotick-bot/autotick-bot/cf-scripts/conda_forge_tick/recipe_parser/_parser.py\", line 437, in __init__\n    v, e = _parse_jinja2_variables(meta_yaml)\n  File \"/home/runner/work/autotick-bot/autotick-bot/cf-scripts/conda_forge_tick/recipe_parser/_parser.py\", line 112, in _parse_jinja2_variables\n    assert False, jinja2_data\n",
    "cothread": "The recipe did not change in the version migration, a URL did not hash, or there is jinja2 syntax the bot cannot handle!\n\nPlease check the URLs in your recipe with version '2.17' to make sure they exist!\n\nWe also found the following errors:\n\n - could not hash URL template 'https://github.com/dls-controls/{{ name }}/archive/{{ vparts[0] }}-{{ vparts[1] }}.tar.gz'\n",
    "covid-sim-suite": "We found a problem parsing the recipe for version '0.15.0': \n\nDuplicateKeyError('while constructing a mapping', <ruamel.yaml.error.StringMark object at 0x7f06f6fde7b0>, 'found duplicate key \"version\" with value \"<{ GIT_DESCRIBE_TAG }}\" (original value: \"<{ version }}\")', <ruamel.yaml.error.StringMark object at 0x7f06716b13c0>, '\\n                    To suppress this check see:\\n                        http://yaml.readthedocs.io/en/latest/api.html#duplicate-keys\\n                    ', '                    Duplicate keys will become an error in future releases, and are errors\\n                    by default when using the new API.\\n                    ')\n\ntraceback:\n  File \"/home/runner/work/autotick-bot/autotick-bot/cf-scripts/conda_forge_tick/migrators/version.py\", line 472, in migrate\n    cmeta = CondaMetaYAML(fp.read())\n  File \"/home/runner/work/autotick-bot/autotick-bot/cf-scripts/conda_forge_tick/recipe_parser/_parser.py\", line 455, in __init__\n    self.meta = self._parser.load(\"\".join(lines))\n  File \"/usr/share/miniconda/envs/run_env/lib/python3.9/site-packages/ruamel/yaml/main.py\", line 343, in load\n    return constructor.get_single_data()\n  File \"/usr/share/miniconda/envs/run_env/lib/python3.9/site-packages/ruamel/yaml/constructor.py\", line 113, in get_single_data\n    return self.construct_document(node)\n  File \"/usr/share/miniconda/envs/run_env/lib/python3.9/site-packages/ruamel/yaml/constructor.py\", line 123, in construct_document\n    for _dummy in generator:\n  File \"/usr/share/miniconda/envs/run_env/lib/python3.9/site-packages/ruamel/yaml/constructor.py\", line 1563, in construct_yaml_map\n    self.construct_mapping(node, data, deep=True)\n  File \"/usr/share/miniconda/envs/run_env/lib/python3.9/site-packages/ruamel/yaml/constructor.py\", line 1469, in construct_mapping\n    value = self.construct_object(value_node, deep=deep)\n  File \"/usr/share/miniconda/envs/run_env/lib/python3.9/site-packages/ruamel/yaml/constructor.py\", line 146, in construct_object\n    data = self.construct_non_recursive_object(node)\n  File \"/usr/share/miniconda/envs/run_env/lib/python3.9/site-packages/ruamel/yaml/constructor.py\", line 188, in construct_non_recursive_object\n    for _dummy in generator:\n  File \"/usr/share/miniconda/envs/run_env/lib/python3.9/site-packages/ruamel/yaml/constructor.py\", line 1563, in construct_yaml_map\n    self.construct_mapping(node, data, deep=True)\n  File \"/usr/share/miniconda/envs/run_env/lib/python3.9/site-packages/ruamel/yaml/constructor.py\", line 1470, in construct_mapping\n    if self.check_mapping_key(node, key_node, maptyp, key, value):\n  File \"/usr/share/miniconda/envs/run_env/lib/python3.9/site-packages/ruamel/yaml/constructor.py\", line 295, in check_mapping_key\n    raise DuplicateKeyError(*args)\n",
    "croniter": "The recipe did not change in the version migration, a URL did not hash, or there is jinja2 syntax the bot cannot handle!\n\nPlease check the URLs in your recipe with version '1.0.11' to make sure they exist!\n\nWe also found the following errors:\n\n - could not hash URL template 'https://github.com/taichino/{{ name }}/archive/{{ version }}.tar.gz'\n",
    "cub": "The recipe did not change in the version migration, a URL did not hash, or there is jinja2 syntax the bot cannot handle!\n\nPlease check the URLs in your recipe with version '21.3' to make sure they exist!\n\nWe also found the following errors:\n\n - could not hash URL template 'https://github.com/NVIDIA/cub/archive/{{ version }}.tar.gz'\n",
    "cudatoolkit": "We found a problem parsing the recipe: \n\nwhile parsing a block mapping\n  in \"<unicode string>\", line 34, column 3:\n      \"9.2\": {\n      ^ (line: 34)\nexpected <block end>, but found ','\n  in \"<unicode string>\", line 52, column 4:\n      },\n       ^ (line: 52)",
    "cyclonedds": "The recipe did not change in the version migration, a URL did not hash, or there is jinja2 syntax the bot cannot handle!\n\nPlease check the URLs in your recipe with version '0.7.0' to make sure they exist!\n\nWe also found the following errors:\n\n - could not hash URL template 'https://github.com/eclipse-cyclonedds/cyclonedds/archive/V{{ version }}.tar.gz'\n",
    "cysignals": "The recipe did not change in the version migration, a URL did not hash, or there is jinja2 syntax the bot cannot handle!\n\nPlease check the URLs in your recipe with version '1.10.3' to make sure they exist!\n\nWe also found the following errors:\n\n - could not hash URL template 'https://github.com/sagemath/{{ name }}/releases/download/{{ version }}/{{ name }}-{{ version }}.tar.gz'\n",
    "damask": "The recipe did not change in the version migration, a URL did not hash, or there is jinja2 syntax the bot cannot handle!\n\nPlease check the URLs in your recipe with version '3813' to make sure they exist!\n\nWe also found the following errors:\n\n - could not hash URL template 'https://github.com/eisenforschung/DAMASK/archive/v{{ version }}-alpha2.tar.gz'\n",
    "desres-msys": "The recipe did not change in the version migration, a URL did not hash, or there is jinja2 syntax the bot cannot handle!\n\nPlease check the URLs in your recipe with version '1.7.318' to make sure they exist!\n\nWe also found the following errors:\n\n - no URLs in the source section\n",
    "diffoscope": "We found a problem parsing the recipe for version '172': \n\nDuplicateKeyError('while constructing a mapping', <ruamel.yaml.error.StringMark object at 0x7f07111693c0>, 'found duplicate key \"dev_url\" with value \"https://salsa.debian.org/reproducible-builds/diffoscope\" (original value: \"https://anonscm.debian.org/cgit/reproducible/diffoscope.git\")', <ruamel.yaml.error.StringMark object at 0x7f0711362510>, '\\n                    To suppress this check see:\\n                        http://yaml.readthedocs.io/en/latest/api.html#duplicate-keys\\n                    ', '                    Duplicate keys will become an error in future releases, and are errors\\n                    by default when using the new API.\\n                    ')\n\ntraceback:\n  File \"/home/runner/work/autotick-bot/autotick-bot/cf-scripts/conda_forge_tick/migrators/version.py\", line 472, in migrate\n    cmeta = CondaMetaYAML(fp.read())\n  File \"/home/runner/work/autotick-bot/autotick-bot/cf-scripts/conda_forge_tick/recipe_parser/_parser.py\", line 455, in __init__\n    self.meta = self._parser.load(\"\".join(lines))\n  File \"/usr/share/miniconda/envs/run_env/lib/python3.9/site-packages/ruamel/yaml/main.py\", line 343, in load\n    return constructor.get_single_data()\n  File \"/usr/share/miniconda/envs/run_env/lib/python3.9/site-packages/ruamel/yaml/constructor.py\", line 113, in get_single_data\n    return self.construct_document(node)\n  File \"/usr/share/miniconda/envs/run_env/lib/python3.9/site-packages/ruamel/yaml/constructor.py\", line 123, in construct_document\n    for _dummy in generator:\n  File \"/usr/share/miniconda/envs/run_env/lib/python3.9/site-packages/ruamel/yaml/constructor.py\", line 1563, in construct_yaml_map\n    self.construct_mapping(node, data, deep=True)\n  File \"/usr/share/miniconda/envs/run_env/lib/python3.9/site-packages/ruamel/yaml/constructor.py\", line 1469, in construct_mapping\n    value = self.construct_object(value_node, deep=deep)\n  File \"/usr/share/miniconda/envs/run_env/lib/python3.9/site-packages/ruamel/yaml/constructor.py\", line 146, in construct_object\n    data = self.construct_non_recursive_object(node)\n  File \"/usr/share/miniconda/envs/run_env/lib/python3.9/site-packages/ruamel/yaml/constructor.py\", line 188, in construct_non_recursive_object\n    for _dummy in generator:\n  File \"/usr/share/miniconda/envs/run_env/lib/python3.9/site-packages/ruamel/yaml/constructor.py\", line 1563, in construct_yaml_map\n    self.construct_mapping(node, data, deep=True)\n  File \"/usr/share/miniconda/envs/run_env/lib/python3.9/site-packages/ruamel/yaml/constructor.py\", line 1470, in construct_mapping\n    if self.check_mapping_key(node, key_node, maptyp, key, value):\n  File \"/usr/share/miniconda/envs/run_env/lib/python3.9/site-packages/ruamel/yaml/constructor.py\", line 295, in check_mapping_key\n    raise DuplicateKeyError(*args)\n",
    "dockermake": "We found a problem parsing the recipe for version '0.9.0': \n\nDuplicateKeyError('while constructing a mapping', <ruamel.yaml.error.StringMark object at 0x7ff445f2d200>, 'found duplicate key \"build\" with value \"ordereddict([(\\'number\\', 1), (\\'entry_points\\', [\\'docker-make = dockermake.__main__:main\\']), (\\'script\\', \\'<{ PYTHON }} -m pip install . --no-deps --ignore-installed -vv \\')])\" (original value: \"ordereddict([(\\'noarch\\', \\'python\\'), (\\'number\\', 1), (\\'script\\', \\'<{ PYTHON }} -m pip install . --no-deps -vv\\')])\")', <ruamel.yaml.error.StringMark object at 0x7ff49ed9e7b0>, '\\n                    To suppress this check see:\\n                        http://yaml.readthedocs.io/en/latest/api.html#duplicate-keys\\n                    ', '                    Duplicate keys will become an error in future releases, and are errors\\n                    by default when using the new API.\\n                    ')\n\ntraceback:\n  File \"/home/runner/work/autotick-bot/autotick-bot/cf-scripts/conda_forge_tick/migrators/version.py\", line 472, in migrate\n    cmeta = CondaMetaYAML(fp.read())\n  File \"/home/runner/work/autotick-bot/autotick-bot/cf-scripts/conda_forge_tick/recipe_parser/_parser.py\", line 455, in __init__\n    self.meta = self._parser.load(\"\".join(lines))\n  File \"/usr/share/miniconda/envs/run_env/lib/python3.9/site-packages/ruamel/yaml/main.py\", line 343, in load\n    return constructor.get_single_data()\n  File \"/usr/share/miniconda/envs/run_env/lib/python3.9/site-packages/ruamel/yaml/constructor.py\", line 113, in get_single_data\n    return self.construct_document(node)\n  File \"/usr/share/miniconda/envs/run_env/lib/python3.9/site-packages/ruamel/yaml/constructor.py\", line 123, in construct_document\n    for _dummy in generator:\n  File \"/usr/share/miniconda/envs/run_env/lib/python3.9/site-packages/ruamel/yaml/constructor.py\", line 1563, in construct_yaml_map\n    self.construct_mapping(node, data, deep=True)\n  File \"/usr/share/miniconda/envs/run_env/lib/python3.9/site-packages/ruamel/yaml/constructor.py\", line 1470, in construct_mapping\n    if self.check_mapping_key(node, key_node, maptyp, key, value):\n  File \"/usr/share/miniconda/envs/run_env/lib/python3.9/site-packages/ruamel/yaml/constructor.py\", line 295, in check_mapping_key\n    raise DuplicateKeyError(*args)\n",
    "e3sm_to_cmip": "The recipe did not change in the version migration, a URL did not hash, or there is jinja2 syntax the bot cannot handle!\n\nPlease check the URLs in your recipe with version '1.6.0' to make sure they exist!\n\nWe also found the following errors:\n\n - could not hash URL template 'https://github.com/E3SM-Project/{{ name }}/archive/v.{{ version }}.tar.gz'\n",
    "elm": "The recipe did not change in the version migration, a URL did not hash, or there is jinja2 syntax the bot cannot handle!\n\nPlease check the URLs in your recipe with version '0.19.1' to make sure they exist!\n\nWe also found the following errors:\n\n - could not hash URL template 'https://github.com/{{ name }}/compiler/releases/download/{{ version }}/binaries-for-windows.tar.gz'\n - could not hash URL template 'https://github.com/{{ name }}/compiler/releases/download/{{ version }}/binaries-for-linux.tar.gz'\n - could not hash URL template 'https://github.com/{{ name }}/compiler/releases/download/{{ version }}/binaries-for-mac.tar.gz'\n",
    "embree": "The recipe did not change in the version migration, a URL did not hash, or there is jinja2 syntax the bot cannot handle!\n\nPlease check the URLs in your recipe with version '3.12.2' to make sure they exist!\n\nWe also found the following errors:\n\n - could not hash URL template 'https://github.com/{{ name }}/{{ name }}/releases/download/v{{ version }}/{{ name }}-{{ version }}.x64.windows.zip'\n",
    "ffmpeg": "The recipe did not change in the version migration, a URL did not hash, or there is jinja2 syntax the bot cannot handle!\n\nPlease check the URLs in your recipe with version '4.4.0' to make sure they exist!\n\nWe also found the following errors:\n\n - could not hash URL template 'https://ffmpeg.zeranoe.com/builds/win64/dev/ffmpeg-{{ version_ffmpeg_style }}-win64-dev.zip'\n - could not hash URL template 'https://ffmpeg.zeranoe.com/builds/win64/shared/ffmpeg-{{ version_ffmpeg_style }}-win64-shared.zip'\n",
    "flake8-rst": "The recipe did not change in the version migration, a URL did not hash, or there is jinja2 syntax the bot cannot handle!\n\nPlease check the URLs in your recipe with version '0.8.0' to make sure they exist!\n\nWe also found the following errors:\n\n - could not hash URL template 'https://pypi.io/packages/source/{{ name[0] }}/{{ name }}/{{ name }}-{{ version }}.tar.gz'\n",
    "folium": "The recipe did not change in the version migration, a URL did not hash, or there is jinja2 syntax the bot cannot handle!\n\nPlease check the URLs in your recipe with version '0.12.1' to make sure they exist!\n\nWe also found the following errors:\n\n - could not hash URL template 'https://pypi.io/packages/source/f/folium/folium-{{ version }}.tar.gz'\n",
    "fonttools": "The recipe did not change in the version migration, a URL did not hash, or there is jinja2 syntax the bot cannot handle!\n\nPlease check the URLs in your recipe with version '4.22.0' to make sure they exist!\n\nWe also found the following errors:\n\n - could not hash URL template 'https://github.com/{{ name }}/{{ name }}/releases/download/{{ version }}/{{ name }}-{{ version }}.zip'\n",
    "freegenes": "The recipe did not change in the version migration, a URL did not hash, or there is jinja2 syntax the bot cannot handle!\n\nPlease check the URLs in your recipe with version '0.0.16' to make sure they exist!\n\nWe also found the following errors:\n\n - could not hash URL template 'https://pypi.io/packages/source/{{ name[0] }}/{{ name }}/{{ name }}-{{ version }}.tar.gz'\n",
    "g2o": "The recipe did not change in the version migration, a URL did not hash, or there is jinja2 syntax the bot cannot handle!\n\nPlease check the URLs in your recipe with version '20201223_git' to make sure they exist!\n\nWe also found the following errors:\n\n - recipe did not appear to change even though the bot said it should have\n",
    "get-docker-secret": "The recipe did not change in the version migration, a URL did not hash, or there is jinja2 syntax the bot cannot handle!\n\nPlease check the URLs in your recipe with version '1.0.2' to make sure they exist!\n\nWe also found the following errors:\n\n - could not hash URL template 'https://pypi.io/packages/source/{{ name[0] }}/{{ name }}/{{ name }}-{{ version }}.tar.gz'\n",
    "gfortran_impl_osx-64": "The recipe did not change in the version migration, a URL did not hash, or there is jinja2 syntax the bot cannot handle!\n\nPlease check the URLs in your recipe with version '10.3.0' to make sure they exist!\n\nWe also found the following errors:\n\n - migrations do not work on versions not specified with jinja2\n",
    "gherkin-official": "We found a problem parsing the recipe for version '18.1.0': \n\nParserError('while parsing a block mapping', <ruamel.yaml.error.StringMark object at 0x7f07127827b0>, \"expected <block end>, but found '<scalar>'\", <ruamel.yaml.error.StringMark object at 0x7f0712782820>)\n\ntraceback:\n  File \"/home/runner/work/autotick-bot/autotick-bot/cf-scripts/conda_forge_tick/migrators/version.py\", line 472, in migrate\n    cmeta = CondaMetaYAML(fp.read())\n  File \"/home/runner/work/autotick-bot/autotick-bot/cf-scripts/conda_forge_tick/recipe_parser/_parser.py\", line 455, in __init__\n    self.meta = self._parser.load(\"\".join(lines))\n  File \"/usr/share/miniconda/envs/run_env/lib/python3.9/site-packages/ruamel/yaml/main.py\", line 343, in load\n    return constructor.get_single_data()\n  File \"/usr/share/miniconda/envs/run_env/lib/python3.9/site-packages/ruamel/yaml/constructor.py\", line 111, in get_single_data\n    node = self.composer.get_single_node()\n  File \"/usr/share/miniconda/envs/run_env/lib/python3.9/site-packages/ruamel/yaml/composer.py\", line 78, in get_single_node\n    document = self.compose_document()\n  File \"/usr/share/miniconda/envs/run_env/lib/python3.9/site-packages/ruamel/yaml/composer.py\", line 101, in compose_document\n    node = self.compose_node(None, None)\n  File \"/usr/share/miniconda/envs/run_env/lib/python3.9/site-packages/ruamel/yaml/composer.py\", line 138, in compose_node\n    node = self.compose_mapping_node(anchor)\n  File \"/usr/share/miniconda/envs/run_env/lib/python3.9/site-packages/ruamel/yaml/composer.py\", line 218, in compose_mapping_node\n    item_value = self.compose_node(node, item_key)\n  File \"/usr/share/miniconda/envs/run_env/lib/python3.9/site-packages/ruamel/yaml/composer.py\", line 138, in compose_node\n    node = self.compose_mapping_node(anchor)\n  File \"/usr/share/miniconda/envs/run_env/lib/python3.9/site-packages/ruamel/yaml/composer.py\", line 211, in compose_mapping_node\n    while not self.parser.check_event(MappingEndEvent):\n  File \"/usr/share/miniconda/envs/run_env/lib/python3.9/site-packages/ruamel/yaml/parser.py\", line 140, in check_event\n    self.current_event = self.state()\n  File \"/usr/share/miniconda/envs/run_env/lib/python3.9/site-packages/ruamel/yaml/parser.py\", line 585, in parse_block_mapping_key\n    raise ParserError(\n",
    "ghostscript": "The recipe did not change in the version migration, a URL did not hash, or there is jinja2 syntax the bot cannot handle!\n\nPlease check the URLs in your recipe with version '9533' to make sure they exist!\n\nWe also found the following errors:\n\n - could not hash URL template 'https://github.com/ArtifexSoftware/ghostpdl-downloads/releases/download/gs{{ version | replace(\".\", \"\") }}/ghostscript-{{ version }}.tar.gz'\n",
    "gmsh": "The recipe did not change in the version migration, a URL did not hash, or there is jinja2 syntax the bot cannot handle!\n\nPlease check the URLs in your recipe with version '4.8.3' to make sure they exist!\n\nWe also found the following errors:\n\n - could not hash URL template 'http://gmsh.info/src/{{ name }}-{{ version }}-source.tgz'\n",
    "go-bindata-assetfs": "The recipe did not change in the version migration, a URL did not hash, or there is jinja2 syntax the bot cannot handle!\n\nPlease check the URLs in your recipe with version '1.0.1' to make sure they exist!\n\nWe also found the following errors:\n\n - migrations do not work on `git_url`s\n",
    "google-cloud-bigquery-storage": "We found a problem parsing the recipe for version '2.4.0': \n\nAssertionError('\\n')\n\ntraceback:\n  File \"/home/runner/work/autotick-bot/autotick-bot/cf-scripts/conda_forge_tick/migrators/version.py\", line 472, in migrate\n    cmeta = CondaMetaYAML(fp.read())\n  File \"/home/runner/work/autotick-bot/autotick-bot/cf-scripts/conda_forge_tick/recipe_parser/_parser.py\", line 437, in __init__\n    v, e = _parse_jinja2_variables(meta_yaml)\n  File \"/home/runner/work/autotick-bot/autotick-bot/cf-scripts/conda_forge_tick/recipe_parser/_parser.py\", line 112, in _parse_jinja2_variables\n    assert False, jinja2_data\n",
    "grandalf": "The recipe did not change in the version migration, a URL did not hash, or there is jinja2 syntax the bot cannot handle!\n\nPlease check the URLs in your recipe with version '0.7' to make sure they exist!\n\nWe also found the following errors:\n\n - could not hash URL template 'https://pypi.io/packages/source/{{ name[0] }}/{{ name }}/{{ name }}-{{ version }}.tar.gz'\n",
    "graphicsmagick": "The recipe did not change in the version migration, a URL did not hash, or there is jinja2 syntax the bot cannot handle!\n\nPlease check the URLs in your recipe with version '1.3.36' to make sure they exist!\n\nWe also found the following errors:\n\n - no URLs in the source section\n",
    "gspread-pandas": "The recipe did not change in the version migration, a URL did not hash, or there is jinja2 syntax the bot cannot handle!\n\nPlease check the URLs in your recipe with version '2.3.0' to make sure they exist!\n\nWe also found the following errors:\n\n - could not hash URL template 'https://pypi.io/packages/source/{{ name[0] }}/{{ name }}/{{ name }}-{{ version }}.tar.gz'\n",
    "h5utils": "The recipe did not change in the version migration, a URL did not hash, or there is jinja2 syntax the bot cannot handle!\n\nPlease check the URLs in your recipe with version '5utils-1.12' to make sure they exist!\n\nWe also found the following errors:\n\n - could not hash URL template 'https://github.com/NanoComp/{{ name }}/releases/download/{{ version }}/{{ name }}-{{ version }}.tar.gz'\n",
    "harmonica": "The recipe did not change in the version migration, a URL did not hash, or there is jinja2 syntax the bot cannot handle!\n\nPlease check the URLs in your recipe with version '0.2.0' to make sure they exist!\n\nWe also found the following errors:\n\n - could not hash URL template 'https://pypi.io/packages/source/{{ name[0] }}/{{ name }}/{{ name }}-{{ version }}.tar.gz'\n",
    "hunspell-en": "The recipe did not change in the version migration, a URL did not hash, or there is jinja2 syntax the bot cannot handle!\n\nPlease check the URLs in your recipe with version '2020-12-07us' to make sure they exist!\n\nWe also found the following errors:\n\n - could not hash URL template 'https://github.com/marcoagpinto/{{ name }}/archive/{{ version }}gb.tar.gz'\n",
    "imagecodecs-lite": "The recipe did not change in the version migration, a URL did not hash, or there is jinja2 syntax the bot cannot handle!\n\nPlease check the URLs in your recipe with version '2020.1.31' to make sure they exist!\n\nWe also found the following errors:\n\n - could not hash URL template 'https://pypi.io/packages/source/i/imagecodecs-lite/imagecodecs-lite-{{ version }}.tar.gz'\n",
    "imapclient": "The recipe did not change in the version migration, a URL did not hash, or there is jinja2 syntax the bot cannot handle!\n\nPlease check the URLs in your recipe with version '2.2.0' to make sure they exist!\n\nWe also found the following errors:\n\n - could not hash URL template 'https://pypi.org/packages/source/{{ name[0] }}/{{ name }}/{{ name }}-{{ version }}.{{ compress_type }}'\n",
    "intern": "The recipe did not change in the version migration, a URL did not hash, or there is jinja2 syntax the bot cannot handle!\n\nPlease check the URLs in your recipe with version '19-hotfix' to make sure they exist!\n\nWe also found the following errors:\n\n - could not hash URL template 'https://github.com/jhuapl-boss/intern/archive/v{{ version }}.tar.gz'\n",
    "ipannotoryous": "The recipe did not change in the version migration, a URL did not hash, or there is jinja2 syntax the bot cannot handle!\n\nPlease check the URLs in your recipe with version '1.0.0.post1' to make sure they exist!\n\nWe also found the following errors:\n\n - could not hash URL template 'https://pypi.io/packages/source/{{ name[0] }}/{{ name }}/{{ name }}-{{ version }}.post1.tar.gz'\n",
    "iprpy-data": "The recipe did not change in the version migration, a URL did not hash, or there is jinja2 syntax the bot cannot handle!\n\nPlease check the URLs in your recipe with version '2021-03-03' to make sure they exist!\n\nWe also found the following errors:\n\n - recipe did not appear to change even though the bot said it should have\n",
    "ipywe": "The recipe did not change in the version migration, a URL did not hash, or there is jinja2 syntax the bot cannot handle!\n\nPlease check the URLs in your recipe with version '27' to make sure they exist!\n\nWe also found the following errors:\n\n - could not hash URL template 'https://github.com/scikit-beam/ipywe/archive/{{ version }}.tar.gz'\n",
    "itk-meshtopolydata": "The recipe did not change in the version migration, a URL did not hash, or there is jinja2 syntax the bot cannot handle!\n\nPlease check the URLs in your recipe with version '1.2.0' to make sure they exist!\n\nWe also found the following errors:\n\n - missing jinja2 variable 'fn' for selector 'osx and py38'\n - missing jinja2 variable 'fn' for selector 'osx and py37'\n - missing jinja2 variable 'pyver' for selector 'linux'\n - missing jinja2 variable 'fn' for selector 'win and py38'\n - missing jinja2 variable 'pyver' for selector 'osx'\n - missing jinja2 variable 'fn' for selector 'linux and py37'\n - missing jinja2 variable 'fn' for selector 'linux and py38'\n - missing jinja2 variable 'fn' for selector 'win and py37'\n - missing jinja2 variable 'pyver' for selector 'win'\n - missing jinja2 variable 'fn' for selector 'linux and py36'\n - missing jinja2 variable 'fn' for selector 'osx and py36'\n - missing jinja2 variable 'fn' for selector 'win and py36'\n - could not hash URL template 'https://pypi.io/packages/{{ pyver }}/i/itk_meshtopolydata/{{ fn }}'\n",
    "jbig2dec": "The recipe did not change in the version migration, a URL did not hash, or there is jinja2 syntax the bot cannot handle!\n\nPlease check the URLs in your recipe with version '9540' to make sure they exist!\n\nWe also found the following errors:\n\n - could not hash URL template 'https://github.com/ArtifexSoftware/ghostpdl-downloads/releases/download/{{ ghostscript_tag }}/jbig2dec-{{ version }}.tar.gz'\n",
    "jenkspy": "We found a problem parsing the recipe for version '0.2.0': \n\nDuplicateKeyError('while constructing a mapping', <ruamel.yaml.error.StringMark object at 0x7f41b7e33f90>, 'found duplicate key \"host\" with value \"[\\'python\\', \\'setuptools\\']\" (original value: \"[\"<{ compiler(\\'c\\') }}\"]\")', <ruamel.yaml.error.StringMark object at 0x7f41dbcd29e0>, '\\n                    To suppress this check see:\\n                        http://yaml.readthedocs.io/en/latest/api.html#duplicate-keys\\n                    ', '                    Duplicate keys will become an error in future releases, and are errors\\n                    by default when using the new API.\\n                    ')\n\ntraceback:\n  File \"/home/runner/work/autotick-bot/autotick-bot/cf-scripts/conda_forge_tick/migrators/version.py\", line 472, in migrate\n    cmeta = CondaMetaYAML(fp.read())\n  File \"/home/runner/work/autotick-bot/autotick-bot/cf-scripts/conda_forge_tick/recipe_parser/_parser.py\", line 455, in __init__\n    self.meta = self._parser.load(\"\".join(lines))\n  File \"/usr/share/miniconda/envs/run_env/lib/python3.9/site-packages/ruamel/yaml/main.py\", line 343, in load\n    return constructor.get_single_data()\n  File \"/usr/share/miniconda/envs/run_env/lib/python3.9/site-packages/ruamel/yaml/constructor.py\", line 113, in get_single_data\n    return self.construct_document(node)\n  File \"/usr/share/miniconda/envs/run_env/lib/python3.9/site-packages/ruamel/yaml/constructor.py\", line 123, in construct_document\n    for _dummy in generator:\n  File \"/usr/share/miniconda/envs/run_env/lib/python3.9/site-packages/ruamel/yaml/constructor.py\", line 1563, in construct_yaml_map\n    self.construct_mapping(node, data, deep=True)\n  File \"/usr/share/miniconda/envs/run_env/lib/python3.9/site-packages/ruamel/yaml/constructor.py\", line 1469, in construct_mapping\n    value = self.construct_object(value_node, deep=deep)\n  File \"/usr/share/miniconda/envs/run_env/lib/python3.9/site-packages/ruamel/yaml/constructor.py\", line 146, in construct_object\n    data = self.construct_non_recursive_object(node)\n  File \"/usr/share/miniconda/envs/run_env/lib/python3.9/site-packages/ruamel/yaml/constructor.py\", line 188, in construct_non_recursive_object\n    for _dummy in generator:\n  File \"/usr/share/miniconda/envs/run_env/lib/python3.9/site-packages/ruamel/yaml/constructor.py\", line 1563, in construct_yaml_map\n    self.construct_mapping(node, data, deep=True)\n  File \"/usr/share/miniconda/envs/run_env/lib/python3.9/site-packages/ruamel/yaml/constructor.py\", line 1470, in construct_mapping\n    if self.check_mapping_key(node, key_node, maptyp, key, value):\n  File \"/usr/share/miniconda/envs/run_env/lib/python3.9/site-packages/ruamel/yaml/constructor.py\", line 295, in check_mapping_key\n    raise DuplicateKeyError(*args)\n",
    "kaleido-core": "The recipe did not change in the version migration, a URL did not hash, or there is jinja2 syntax the bot cannot handle!\n\nPlease check the URLs in your recipe with version '0.2.1.post1' to make sure they exist!\n\nWe also found the following errors:\n\n - could not hash URL template 'https://github.com/plotly/Kaleido/releases/download/v{{ version }}/kaleido_win_x64.zip'\n - could not hash URL template 'https://github.com/plotly/Kaleido/releases/download/v{{ version }}/kaleido_mac_arm64.zip'\n - could not hash URL template 'https://github.com/plotly/Kaleido/releases/download/v{{ version }}/kaleido_minimal_linux_arm64.zip'\n - could not hash URL template 'https://github.com/plotly/Kaleido/releases/download/v{{ version }}/kaleido_minimal_linux_x64.zip'\n - could not hash URL template 'https://github.com/plotly/Kaleido/releases/download/v{{ version }}/kaleido_mac_x64.zip'\n",
    "kauth": "not solvable (<a href=\"https://github.com/regro/autotick-bot/actions/runs/735781287\">bot CI job</a>): master: ['linux_64_: Encountered problems while solving.\\nProblem: nothing provides requested extra-cmake-modules >=5.81.0\\n', 'linux_64_: Encountered problems while solving.\\nProblem: nothing provides requested kcoreaddons >=5.81.0\\n']\n\nsolver error - not solvable (<a href=\"https://github.com/regro/autotick-bot/actions/runs/736087011\">bot CI job</a>): master: ['linux_64_: Encountered problems while solving.\\nProblem: nothing provides requested kcoreaddons >=5.81.0\\n']\n\nsolver error - not solvable (<a href=\"https://github.com/regro/autotick-bot/actions/runs/736927169\">bot CI job</a>): master: ['linux_64_: Encountered problems while solving.\\nProblem: nothing provides requested kcoreaddons >=5.81.0\\n']\n\nsolver error - not solvable (<a href=\"https://github.com/regro/autotick-bot/actions/runs/737153436\">bot CI job</a>): master: ['linux_64_: Encountered problems while solving.\\nProblem: nothing provides requested kcoreaddons >=5.81.0\\n']",
    "kbookmarks": "not solvable (<a href=\"https://github.com/regro/autotick-bot/actions/runs/735781287\">bot CI job</a>): master: ['linux_64_: Encountered problems while solving.\\nProblem: nothing provides requested extra-cmake-modules >=5.81.0\\n', 'linux_64_: Encountered problems while solving.\\nProblem: nothing provides requested kcodecs >=5.81.0\\nProblem: nothing provides requested kcoreaddons >=5.81.0\\nProblem: nothing provides requested kxmlgui >=5.81.0\\nProblem: nothing provides requested kconfig >=5.81.0\\nProblem: nothing provides requested kconfigwidgets >=5.81.0\\nProblem: nothing provides requested kwidgetsaddons >=5.81.0\\n']\n\nsolver error - not solvable (<a href=\"https://github.com/regro/autotick-bot/actions/runs/736382286\">bot CI job</a>): master: ['linux_64_: Encountered problems while solving.\\nProblem: nothing provides requested kconfig >=5.81.0\\nProblem: nothing provides requested kcoreaddons >=5.81.0\\nProblem: nothing provides requested kxmlgui >=5.81.0\\nProblem: nothing provides requested kwidgetsaddons >=5.81.0\\nProblem: nothing provides requested kconfigwidgets >=5.81.0\\nProblem: nothing provides requested kcodecs >=5.81.0\\n']\n\nsolver error - not solvable (<a href=\"https://github.com/regro/autotick-bot/actions/runs/736927169\">bot CI job</a>): master: ['linux_64_: Encountered problems while solving.\\nProblem: nothing provides requested kconfig >=5.81.0\\nProblem: nothing provides requested kwidgetsaddons >=5.81.0\\nProblem: nothing provides requested kcoreaddons >=5.81.0\\nProblem: nothing provides requested kxmlgui >=5.81.0\\nProblem: nothing provides requested kconfigwidgets >=5.81.0\\nProblem: nothing provides requested kcodecs >=5.81.0\\n']\n\nsolver error - not solvable (<a href=\"https://github.com/regro/autotick-bot/actions/runs/737153436\">bot CI job</a>): master: ['linux_64_: Encountered problems while solving.\\nProblem: nothing provides requested kconfigwidgets >=5.81.0\\nProblem: nothing provides requested kcodecs >=5.81.0\\nProblem: nothing provides requested kcoreaddons >=5.81.0\\nProblem: nothing provides requested kconfig >=5.81.0\\nProblem: nothing provides requested kwidgetsaddons >=5.81.0\\nProblem: nothing provides requested kxmlgui >=5.81.0\\n']",
    "kcompletion": "not solvable (<a href=\"https://github.com/regro/autotick-bot/actions/runs/735781287\">bot CI job</a>): master: ['linux_64_: Encountered problems while solving.\\nProblem: nothing provides requested extra-cmake-modules >=5.81.0\\n', 'linux_64_: Encountered problems while solving.\\nProblem: nothing provides requested kconfig >=5.81.0\\nProblem: nothing provides requested kwidgetsaddons >=5.81.0\\n']\n\nsolver error - not solvable (<a href=\"https://github.com/regro/autotick-bot/actions/runs/736382286\">bot CI job</a>): master: ['linux_64_: Encountered problems while solving.\\nProblem: nothing provides requested kconfig >=5.81.0\\nProblem: nothing provides requested kwidgetsaddons >=5.81.0\\n']\n\nsolver error - not solvable (<a href=\"https://github.com/regro/autotick-bot/actions/runs/736927169\">bot CI job</a>): master: ['linux_64_: Encountered problems while solving.\\nProblem: nothing provides requested kconfig >=5.81.0\\nProblem: nothing provides requested kwidgetsaddons >=5.81.0\\n']\n\nsolver error - not solvable (<a href=\"https://github.com/regro/autotick-bot/actions/runs/737153436\">bot CI job</a>): master: ['linux_64_: Encountered problems while solving.\\nProblem: nothing provides requested kconfig >=5.81.0\\nProblem: nothing provides requested kwidgetsaddons >=5.81.0\\n']",
    "kconfigwidgets": "not solvable (<a href=\"https://github.com/regro/autotick-bot/actions/runs/735781287\">bot CI job</a>): master: ['linux_64_: Encountered problems while solving.\\nProblem: nothing provides requested extra-cmake-modules >=5.81\\n', 'linux_64_: Encountered problems while solving.\\nProblem: nothing provides requested kwidgetsaddons >=5.81\\nProblem: nothing provides requested kauth >=5.81\\nProblem: nothing provides requested ki18n >=5.81\\nProblem: nothing provides requested kconfig >=5.81\\nProblem: nothing provides requested kcodecs >=5.81\\nProblem: nothing provides requested kguiaddons >=5.81\\nProblem: nothing provides requested kcoreaddons >=5.81\\n']\n\nsolver error - not solvable (<a href=\"https://github.com/regro/autotick-bot/actions/runs/736656167\">bot CI job</a>): master: ['linux_64_: Encountered problems while solving.\\nProblem: nothing provides requested kcoreaddons >=5.81\\nProblem: nothing provides requested ki18n >=5.81\\nProblem: nothing provides requested kwidgetsaddons >=5.81\\nProblem: nothing provides requested kauth >=5.81\\nProblem: nothing provides requested kconfig >=5.81\\nProblem: nothing provides requested kcodecs >=5.81\\nProblem: nothing provides requested kguiaddons >=5.81\\n']\n\nsolver error - not solvable (<a href=\"https://github.com/regro/autotick-bot/actions/runs/736799585\">bot CI job</a>): master: ['linux_64_: Encountered problems while solving.\\nProblem: nothing provides requested kcodecs >=5.81\\nProblem: nothing provides requested kcoreaddons >=5.81\\nProblem: nothing provides requested kwidgetsaddons >=5.81\\nProblem: nothing provides requested ki18n >=5.81\\nProblem: nothing provides requested kconfig >=5.81\\nProblem: nothing provides requested kauth >=5.81\\nProblem: nothing provides requested kguiaddons >=5.81\\n']\n\nsolver error - not solvable (<a href=\"https://github.com/regro/autotick-bot/actions/runs/737153436\">bot CI job</a>): master: ['linux_64_: Encountered problems while solving.\\nProblem: nothing provides requested kauth >=5.81\\nProblem: nothing provides requested kwidgetsaddons >=5.81\\nProblem: nothing provides requested kcodecs >=5.81\\nProblem: nothing provides requested kconfig >=5.81\\nProblem: nothing provides requested kcoreaddons >=5.81\\nProblem: nothing provides requested ki18n >=5.81\\nProblem: nothing provides requested kguiaddons >=5.81\\n']",
    "kcrash": "No error information available for version '5.81.0'.",
    "kdeclarative": "not solvable (<a href=\"https://github.com/regro/autotick-bot/actions/runs/735781287\">bot CI job</a>): master: ['linux_64_: Encountered problems while solving.\\nProblem: nothing provides requested extra-cmake-modules >=5.81\\n', 'linux_64_: Encountered problems while solving.\\nProblem: nothing provides requested kiconthemes >=5.81\\nProblem: nothing provides requested kwidgetsaddons >=5.81\\nProblem: nothing provides requested kpackage >=5.81\\nProblem: nothing provides requested kwindowsystem >=5.81\\nProblem: nothing provides requested kservice >=5.81\\nProblem: nothing provides requested ki18n >=5.81\\nProblem: nothing provides requested kconfig >=5.81\\nProblem: nothing provides requested kio >=5.81\\nProblem: nothing provides requested kglobalaccel >=5.81\\nProblem: nothing provides requested kcoreaddons >=5.81\\n']\n\nsolver error - not solvable (<a href=\"https://github.com/regro/autotick-bot/actions/runs/736246950\">bot CI job</a>): master: ['linux_64_: Encountered problems while solving.\\nProblem: nothing provides requested kconfig >=5.81\\nProblem: nothing provides requested kcoreaddons >=5.81\\nProblem: nothing provides requested kio >=5.81\\nProblem: nothing provides requested kservice >=5.81\\nProblem: nothing provides requested kiconthemes >=5.81\\nProblem: nothing provides requested kwidgetsaddons >=5.81\\nProblem: nothing provides requested kwindowsystem >=5.81\\nProblem: nothing provides requested kglobalaccel >=5.81\\nProblem: nothing provides requested ki18n >=5.81\\nProblem: nothing provides requested kpackage >=5.81\\n']\n\nsolver error - not solvable (<a href=\"https://github.com/regro/autotick-bot/actions/runs/736799585\">bot CI job</a>): master: ['linux_64_: Encountered problems while solving.\\nProblem: nothing provides requested kiconthemes >=5.81\\nProblem: nothing provides requested kpackage >=5.81\\nProblem: nothing provides requested kcoreaddons >=5.81\\nProblem: nothing provides requested kwidgetsaddons >=5.81\\nProblem: nothing provides requested kio >=5.81\\nProblem: nothing provides requested kwindowsystem >=5.81\\nProblem: nothing provides requested kservice >=5.81\\nProblem: nothing provides requested ki18n >=5.81\\nProblem: nothing provides requested kconfig >=5.81\\nProblem: nothing provides requested kglobalaccel >=5.81\\n']\n\nsolver error - not solvable (<a href=\"https://github.com/regro/autotick-bot/actions/runs/737153436\">bot CI job</a>): master: ['linux_64_: Encountered problems while solving.\\nProblem: nothing provides requested kwidgetsaddons >=5.81\\nProblem: nothing provides requested kpackage >=5.81\\nProblem: nothing provides requested kiconthemes >=5.81\\nProblem: nothing provides requested kglobalaccel >=5.81\\nProblem: nothing provides requested kservice >=5.81\\nProblem: nothing provides requested kconfig >=5.81\\nProblem: nothing provides requested kcoreaddons >=5.81\\nProblem: nothing provides requested ki18n >=5.81\\nProblem: nothing provides requested kwindowsystem >=5.81\\nProblem: nothing provides requested kio >=5.81\\n']",
    "kfilemetadata": "not solvable (<a href=\"https://github.com/regro/autotick-bot/actions/runs/735781287\">bot CI job</a>): master: ['linux_64_: Encountered problems while solving.\\nProblem: nothing provides requested extra-cmake-modules >=5.81\\n', 'linux_64_: Encountered problems while solving.\\nProblem: nothing provides requested karchive >=5.81\\nProblem: nothing provides requested ki18n >=5.81\\nProblem: nothing provides requested kconfig >=5.81\\nProblem: nothing provides requested kcoreaddons >=5.81\\n']\n\nsolver error - not solvable (<a href=\"https://github.com/regro/autotick-bot/actions/runs/736537844\">bot CI job</a>): master: ['linux_64_: Encountered problems while solving.\\nProblem: nothing provides requested karchive >=5.81\\nProblem: nothing provides requested ki18n >=5.81\\nProblem: nothing provides requested kconfig >=5.81\\nProblem: nothing provides requested kcoreaddons >=5.81\\n']\n\nsolver error - not solvable (<a href=\"https://github.com/regro/autotick-bot/actions/runs/736927169\">bot CI job</a>): master: ['linux_64_: Encountered problems while solving.\\nProblem: nothing provides requested ki18n >=5.81\\nProblem: nothing provides requested kconfig >=5.81\\nProblem: nothing provides requested kcoreaddons >=5.81\\nProblem: nothing provides requested karchive >=5.81\\n']\n\nsolver error - not solvable (<a href=\"https://github.com/regro/autotick-bot/actions/runs/737038659\">bot CI job</a>): master: ['linux_64_: Encountered problems while solving.\\nProblem: nothing provides requested karchive >=5.81\\nProblem: nothing provides requested kconfig >=5.81\\nProblem: nothing provides requested ki18n >=5.81\\nProblem: nothing provides requested kcoreaddons >=5.81\\n']",
    "kglobalaccel": "not solvable (<a href=\"https://github.com/regro/autotick-bot/actions/runs/735781287\">bot CI job</a>): master: ['linux_64_: Encountered problems while solving.\\nProblem: nothing provides requested extra-cmake-modules >=5.81.0\\n', 'linux_64_: Encountered problems while solving.\\nProblem: nothing provides requested kcrash >=5.81.0\\nProblem: nothing provides requested kdbusaddons >=5.81.0\\nProblem: nothing provides requested kcoreaddons >=5.81.0\\nProblem: nothing provides requested kconfig >=5.81.0\\nProblem: nothing provides requested kwindowsystem >=5.81.0\\n']\n\nsolver error - not solvable (<a href=\"https://github.com/regro/autotick-bot/actions/runs/736246950\">bot CI job</a>): master: ['linux_64_: Encountered problems while solving.\\nProblem: nothing provides requested kcoreaddons >=5.81.0\\nProblem: nothing provides requested kwindowsystem >=5.81.0\\nProblem: nothing provides requested kcrash >=5.81.0\\nProblem: nothing provides requested kconfig >=5.81.0\\nProblem: nothing provides requested kdbusaddons >=5.81.0\\n']\n\nsolver error - not solvable (<a href=\"https://github.com/regro/autotick-bot/actions/runs/736799585\">bot CI job</a>): master: ['linux_64_: Encountered problems while solving.\\nProblem: nothing provides requested kdbusaddons >=5.81.0\\nProblem: nothing provides requested kwindowsystem >=5.81.0\\nProblem: nothing provides requested kcrash >=5.81.0\\nProblem: nothing provides requested kcoreaddons >=5.81.0\\nProblem: nothing provides requested kconfig >=5.81.0\\n']\n\nsolver error - not solvable (<a href=\"https://github.com/regro/autotick-bot/actions/runs/737038659\">bot CI job</a>): master: ['linux_64_: Encountered problems while solving.\\nProblem: nothing provides requested kcrash >=5.81.0\\nProblem: nothing provides requested kdbusaddons >=5.81.0\\nProblem: nothing provides requested kwindowsystem >=5.81.0\\nProblem: nothing provides requested kcoreaddons >=5.81.0\\nProblem: nothing provides requested kconfig >=5.81.0\\n']",
    "kiconthemes": "not solvable (<a href=\"https://github.com/regro/autotick-bot/actions/runs/735781287\">bot CI job</a>): master: ['linux_64_: Encountered problems while solving.\\nProblem: nothing provides requested extra-cmake-modules >=5.81.0\\n', 'linux_64_: Encountered problems while solving.\\nProblem: nothing provides requested kitemviews >=5.81.0\\nProblem: nothing provides requested kcoreaddons >=5.81.0\\nProblem: nothing provides requested ki18n >=5.81.0\\nProblem: nothing provides requested kconfig >=5.81.0\\nProblem: nothing provides requested kconfigwidgets >=5.81.0\\nProblem: nothing provides requested kwidgetsaddons >=5.81.0\\nProblem: nothing provides requested karchive >=5.81.0\\n']\n\nsolver error - not solvable (<a href=\"https://github.com/regro/autotick-bot/actions/runs/735945050\">bot CI job</a>): master: ['linux_64_: Encountered problems while solving.\\nProblem: nothing provides requested kconfigwidgets >=5.81.0\\nProblem: nothing provides requested kitemviews >=5.81.0\\nProblem: nothing provides requested kwidgetsaddons >=5.81.0\\nProblem: nothing provides requested kcoreaddons >=5.81.0\\nProblem: nothing provides requested ki18n >=5.81.0\\nProblem: nothing provides requested kconfig >=5.81.0\\nProblem: nothing provides requested karchive >=5.81.0\\n']\n\nsolver error - not solvable (<a href=\"https://github.com/regro/autotick-bot/actions/runs/736927169\">bot CI job</a>): master: ['linux_64_: Encountered problems while solving.\\nProblem: nothing provides requested karchive >=5.81.0\\nProblem: nothing provides requested kconfig >=5.81.0\\nProblem: nothing provides requested kitemviews >=5.81.0\\nProblem: nothing provides requested kwidgetsaddons >=5.81.0\\nProblem: nothing provides requested ki18n >=5.81.0\\nProblem: nothing provides requested kcoreaddons >=5.81.0\\nProblem: nothing provides requested kconfigwidgets >=5.81.0\\n']",
    "kio": "not solvable (<a href=\"https://github.com/regro/autotick-bot/actions/runs/735781287\">bot CI job</a>): master: ['linux_64_: Encountered problems while solving.\\nProblem: nothing provides requested extra-cmake-modules >=5.81\\n', 'linux_64_: Encountered problems while solving.\\nProblem: nothing provides requested kcrash >=5.81\\nProblem: nothing provides requested karchive >=5.81\\nProblem: nothing provides requested kjobwidgets >=5.81\\nProblem: nothing provides requested kauth >=5.81\\nProblem: nothing provides requested kitemviews >=5.81\\nProblem: nothing provides requested kconfig >=5.81\\nProblem: nothing provides requested kcodecs >=5.81\\nProblem: nothing provides requested ktextwidgets >=5.81\\nProblem: nothing provides requested kcoreaddons >=5.81\\nProblem: nothing provides requested kcompletion >=5.81\\nProblem: nothing provides requested kconfigwidgets >=5.81\\nProblem: nothing provides requested kwallet >=5.81\\nProblem: nothing provides requested kiconthemes >=5.81\\nProblem: nothing provides requested kbookmarks >=5.81\\nProblem: nothing provides requested kwindowsystem >=5.81\\nProblem: nothing provides requested kxmlgui >=5.81\\nProblem: nothing provides requested kdbusaddons >=5.81\\nProblem: nothing provides requested kservice >=5.81\\nProblem: nothing provides requested ki18n >=5.81\\nProblem: nothing provides requested knotifications >=5.81\\nProblem: nothing provides requested solid >=5.81\\nProblem: nothing provides requested kwidgetsaddons >=5.81\\n']\n\nsolver error - not solvable (<a href=\"https://github.com/regro/autotick-bot/actions/runs/735945050\">bot CI job</a>): master: ['linux_64_: Encountered problems while solving.\\nProblem: nothing provides requested kconfigwidgets >=5.81\\nProblem: nothing provides requested kcrash >=5.81\\nProblem: nothing provides requested kcoreaddons >=5.81\\nProblem: nothing provides requested ki18n >=5.81\\nProblem: nothing provides requested kservice >=5.81\\nProblem: nothing provides requested kxmlgui >=5.81\\nProblem: nothing provides requested ktextwidgets >=5.81\\nProblem: nothing provides requested kwidgetsaddons >=5.81\\nProblem: nothing provides requested solid >=5.81\\nProblem: nothing provides requested kwallet >=5.81\\nProblem: nothing provides requested karchive >=5.81\\nProblem: nothing provides requested kitemviews >=5.81\\nProblem: nothing provides requested kcompletion >=5.81\\nProblem: nothing provides requested kauth >=5.81\\nProblem: nothing provides requested knotifications >=5.81\\nProblem: nothing provides requested kiconthemes >=5.81\\nProblem: nothing provides requested kjobwidgets >=5.81\\nProblem: nothing provides requested kdbusaddons >=5.81\\nProblem: nothing provides requested kconfig >=5.81\\nProblem: nothing provides requested kwindowsystem >=5.81\\nProblem: nothing provides requested kbookmarks >=5.81\\nProblem: nothing provides requested kcodecs >=5.81\\n']\n\nsolver error - not solvable (<a href=\"https://github.com/regro/autotick-bot/actions/runs/736927169\">bot CI job</a>): master: ['linux_64_: Encountered problems while solving.\\nProblem: nothing provides requested ktextwidgets >=5.81\\nProblem: nothing provides requested kitemviews >=5.81\\nProblem: nothing provides requested ki18n >=5.81\\nProblem: nothing provides requested kjobwidgets >=5.81\\nProblem: nothing provides requested kconfig >=5.81\\nProblem: nothing provides requested kbookmarks >=5.81\\nProblem: nothing provides requested knotifications >=5.81\\nProblem: nothing provides requested kwallet >=5.81\\nProblem: nothing provides requested kwidgetsaddons >=5.81\\nProblem: nothing provides requested kauth >=5.81\\nProblem: nothing provides requested kcrash >=5.81\\nProblem: nothing provides requested kcompletion >=5.81\\nProblem: nothing provides requested kiconthemes >=5.81\\nProblem: nothing provides requested kconfigwidgets >=5.81\\nProblem: nothing provides requested solid >=5.81\\nProblem: nothing provides requested kcodecs >=5.81\\nProblem: nothing provides requested kxmlgui >=5.81\\nProblem: nothing provides requested kcoreaddons >=5.81\\nProblem: nothing provides requested kservice >=5.81\\nProblem: nothing provides requested kdbusaddons >=5.81\\nProblem: nothing provides requested karchive >=5.81\\nProblem: nothing provides requested kwindowsystem >=5.81\\n']",
    "kjobwidgets": "not solvable (<a href=\"https://github.com/regro/autotick-bot/actions/runs/735781287\">bot CI job</a>): master: ['linux_64_: Encountered problems while solving.\\nProblem: nothing provides requested extra-cmake-modules >=5.81.0\\n', 'linux_64_: Encountered problems while solving.\\nProblem: nothing provides requested kwidgetsaddons >=5.81.0\\nProblem: nothing provides requested kcoreaddons >=5.81.0\\n']\n\nsolver error - not solvable (<a href=\"https://github.com/regro/autotick-bot/actions/runs/736382286\">bot CI job</a>): master: ['linux_64_: Encountered problems while solving.\\nProblem: nothing provides requested kcoreaddons >=5.81.0\\nProblem: nothing provides requested kwidgetsaddons >=5.81.0\\n']\n\nsolver error - not solvable (<a href=\"https://github.com/regro/autotick-bot/actions/runs/737038659\">bot CI job</a>): master: ['linux_64_: Encountered problems while solving.\\nProblem: nothing provides requested kcoreaddons >=5.81.0\\nProblem: nothing provides requested kwidgetsaddons >=5.81.0\\n']\n\nsolver error - not solvable (<a href=\"https://github.com/regro/autotick-bot/actions/runs/737153436\">bot CI job</a>): master: ['linux_64_: Encountered problems while solving.\\nProblem: nothing provides requested kcoreaddons >=5.81.0\\nProblem: nothing provides requested kwidgetsaddons >=5.81.0\\n']",
    "knewstuff": "not solvable (<a href=\"https://github.com/regro/autotick-bot/actions/runs/735781287\">bot CI job</a>): master: ['linux_64_: Encountered problems while solving.\\nProblem: nothing provides requested extra-cmake-modules >=5.81\\n', 'linux_64_: Encountered problems while solving.\\nProblem: nothing provides requested karchive >=5.81\\nProblem: nothing provides requested kitemviews >=5.81\\nProblem: nothing provides requested kconfig >=5.81\\nProblem: nothing provides requested attica >=5.81\\nProblem: nothing provides requested kio >=5.81\\nProblem: nothing provides requested ktextwidgets >=5.81\\nProblem: nothing provides requested kcoreaddons >=5.81\\nProblem: nothing provides requested kcompletion >=5.81\\nProblem: nothing provides requested kiconthemes >=5.81\\nProblem: nothing provides requested kpackage >=5.81\\nProblem: nothing provides requested kxmlgui >=5.81\\nProblem: nothing provides requested kservice >=5.81\\nProblem: nothing provides requested ki18n >=5.81\\nProblem: nothing provides requested kwidgetsaddons >=5.81\\n']\n\nsolver error - not solvable (<a href=\"https://github.com/regro/autotick-bot/actions/runs/736537844\">bot CI job</a>): master: ['linux_64_: Encountered problems while solving.\\nProblem: nothing provides requested kio >=5.81\\nProblem: nothing provides requested karchive >=5.81\\nProblem: nothing provides requested ki18n >=5.81\\nProblem: nothing provides requested kconfig >=5.81\\nProblem: nothing provides requested kcoreaddons >=5.81\\nProblem: nothing provides requested kitemviews >=5.81\\nProblem: nothing provides requested kxmlgui >=5.81\\nProblem: nothing provides requested kcompletion >=5.81\\nProblem: nothing provides requested kwidgetsaddons >=5.81\\nProblem: nothing provides requested ktextwidgets >=5.81\\nProblem: nothing provides requested kiconthemes >=5.81\\nProblem: nothing provides requested kservice >=5.81\\nProblem: nothing provides requested attica >=5.81\\nProblem: nothing provides requested kpackage >=5.81\\n']\n\nsolver error - not solvable (<a href=\"https://github.com/regro/autotick-bot/actions/runs/737038659\">bot CI job</a>): master: ['linux_64_: Encountered problems while solving.\\nProblem: nothing provides requested kxmlgui >=5.81\\nProblem: nothing provides requested attica >=5.81\\nProblem: nothing provides requested kiconthemes >=5.81\\nProblem: nothing provides requested karchive >=5.81\\nProblem: nothing provides requested ktextwidgets >=5.81\\nProblem: nothing provides requested kconfig >=5.81\\nProblem: nothing provides requested ki18n >=5.81\\nProblem: nothing provides requested kcoreaddons >=5.81\\nProblem: nothing provides requested kitemviews >=5.81\\nProblem: nothing provides requested kwidgetsaddons >=5.81\\nProblem: nothing provides requested kservice >=5.81\\nProblem: nothing provides requested kpackage >=5.81\\nProblem: nothing provides requested kcompletion >=5.81\\nProblem: nothing provides requested kio >=5.81\\n']",
    "knotifications": "not solvable (<a href=\"https://github.com/regro/autotick-bot/actions/runs/735781287\">bot CI job</a>): master: ['linux_64_: Encountered problems while solving.\\nProblem: nothing provides requested extra-cmake-modules >=5.81.0\\n', 'linux_64_: Encountered problems while solving.\\nProblem: nothing provides requested kcodecs >=5.81.0\\nProblem: nothing provides requested kcoreaddons >=5.81.0\\nProblem: nothing provides requested kconfig >=5.81.0\\nProblem: nothing provides requested kwindowsystem >=5.81.0\\n']\n\nsolver error - not solvable (<a href=\"https://github.com/regro/autotick-bot/actions/runs/736799585\">bot CI job</a>): master: ['linux_64_: Encountered problems while solving.\\nProblem: nothing provides requested kwindowsystem >=5.81.0\\nProblem: nothing provides requested kcoreaddons >=5.81.0\\nProblem: nothing provides requested kconfig >=5.81.0\\nProblem: nothing provides requested kcodecs >=5.81.0\\n']\n\nsolver error - not solvable (<a href=\"https://github.com/regro/autotick-bot/actions/runs/737038659\">bot CI job</a>): master: ['linux_64_: Encountered problems while solving.\\nProblem: nothing provides requested kcodecs >=5.81.0\\nProblem: nothing provides requested kwindowsystem >=5.81.0\\nProblem: nothing provides requested kcoreaddons >=5.81.0\\nProblem: nothing provides requested kconfig >=5.81.0\\n']",
    "knotifyconfig": "not solvable (<a href=\"https://github.com/regro/autotick-bot/actions/runs/735781287\">bot CI job</a>): master: ['linux_64_: Encountered problems while solving.\\nProblem: nothing provides requested extra-cmake-modules >=5.81\\n', 'linux_64_: Encountered problems while solving.\\nProblem: nothing provides requested ki18n >=5.81\\nProblem: nothing provides requested kconfig >=5.81\\nProblem: nothing provides requested kio >=5.81\\nProblem: nothing provides requested kcompletion >=5.81\\n']\n\nsolver error - not solvable (<a href=\"https://github.com/regro/autotick-bot/actions/runs/736537844\">bot CI job</a>): master: ['linux_64_: Encountered problems while solving.\\nProblem: nothing provides requested kio >=5.81\\nProblem: nothing provides requested kcompletion >=5.81\\nProblem: nothing provides requested ki18n >=5.81\\nProblem: nothing provides requested kconfig >=5.81\\n']\n\nsolver error - not solvable (<a href=\"https://github.com/regro/autotick-bot/actions/runs/736927169\">bot CI job</a>): master: ['linux_64_: Encountered problems while solving.\\nProblem: nothing provides requested kcompletion >=5.81\\nProblem: nothing provides requested ki18n >=5.81\\nProblem: nothing provides requested kconfig >=5.81\\nProblem: nothing provides requested kio >=5.81\\n']\n\nsolver error - not solvable (<a href=\"https://github.com/regro/autotick-bot/actions/runs/737153436\">bot CI job</a>): master: ['linux_64_: Encountered problems while solving.\\nProblem: nothing provides requested kcompletion >=5.81\\nProblem: nothing provides requested kconfig >=5.81\\nProblem: nothing provides requested ki18n >=5.81\\nProblem: nothing provides requested kio >=5.81\\n']",
    "kpackage": "not solvable (<a href=\"https://github.com/regro/autotick-bot/actions/runs/735781287\">bot CI job</a>): master: ['linux_64_: Encountered problems while solving.\\nProblem: nothing provides requested extra-cmake-modules >=5.81\\n', 'linux_64_: Encountered problems while solving.\\nProblem: nothing provides requested ki18n >=5.81\\nProblem: nothing provides requested kcoreaddons >=5.81\\nProblem: nothing provides requested karchive >=5.81\\n']\n\nsolver error - not solvable (<a href=\"https://github.com/regro/autotick-bot/actions/runs/736382286\">bot CI job</a>): master: ['linux_64_: Encountered problems while solving.\\nProblem: nothing provides requested karchive >=5.81\\nProblem: nothing provides requested ki18n >=5.81\\nProblem: nothing provides requested kcoreaddons >=5.81\\n']\n\nsolver error - not solvable (<a href=\"https://github.com/regro/autotick-bot/actions/runs/736927169\">bot CI job</a>): master: ['linux_64_: Encountered problems while solving.\\nProblem: nothing provides requested kcoreaddons >=5.81\\nProblem: nothing provides requested karchive >=5.81\\nProblem: nothing provides requested ki18n >=5.81\\n']\n\nsolver error - not solvable (<a href=\"https://github.com/regro/autotick-bot/actions/runs/737153436\">bot CI job</a>): master: ['linux_64_: Encountered problems while solving.\\nProblem: nothing provides requested kcoreaddons >=5.81\\nProblem: nothing provides requested ki18n >=5.81\\nProblem: nothing provides requested karchive >=5.81\\n']",
    "kservice": "not solvable (<a href=\"https://github.com/regro/autotick-bot/actions/runs/735781287\">bot CI job</a>): master: ['linux_64_: Encountered problems while solving.\\nProblem: nothing provides requested extra-cmake-modules >=5.81.0\\n', 'linux_64_: Encountered problems while solving.\\nProblem: nothing provides requested kcrash >=5.81.0\\nProblem: nothing provides requested kdbusaddons >=5.81.0\\nProblem: nothing provides requested kcoreaddons >=5.81.0\\nProblem: nothing provides requested ki18n >=5.81.0\\nProblem: nothing provides requested kconfig >=5.81.0\\nProblem: nothing provides requested kwindowsystem >=5.81.0\\n']\n\nsolver error - not solvable (<a href=\"https://github.com/regro/autotick-bot/actions/runs/736537844\">bot CI job</a>): master: ['linux_64_: Encountered problems while solving.\\nProblem: nothing provides requested kcoreaddons >=5.81.0\\nProblem: nothing provides requested kwindowsystem >=5.81.0\\nProblem: nothing provides requested kcrash >=5.81.0\\nProblem: nothing provides requested kconfig >=5.81.0\\nProblem: nothing provides requested ki18n >=5.81.0\\nProblem: nothing provides requested kdbusaddons >=5.81.0\\n']\n\nsolver error - not solvable (<a href=\"https://github.com/regro/autotick-bot/actions/runs/737038659\">bot CI job</a>): master: ['linux_64_: Encountered problems while solving.\\nProblem: nothing provides requested kcrash >=5.81.0\\nProblem: nothing provides requested kdbusaddons >=5.81.0\\nProblem: nothing provides requested ki18n >=5.81.0\\nProblem: nothing provides requested kwindowsystem >=5.81.0\\nProblem: nothing provides requested kcoreaddons >=5.81.0\\nProblem: nothing provides requested kconfig >=5.81.0\\n']",
    "ktextwidgets": "not solvable (<a href=\"https://github.com/regro/autotick-bot/actions/runs/735781287\">bot CI job</a>): master: ['linux_64_: Encountered problems while solving.\\nProblem: nothing provides requested extra-cmake-modules >=5.81.0\\n', 'linux_64_: Encountered problems while solving.\\nProblem: nothing provides requested sonnet >=5.81.0\\nProblem: nothing provides requested kservice >=5.81.0\\nProblem: nothing provides requested kcoreaddons >=5.81.0\\nProblem: nothing provides requested ki18n >=5.81.0\\nProblem: nothing provides requested kcompletion >=5.81.0\\nProblem: nothing provides requested kconfig >=5.81.0\\nProblem: nothing provides requested kconfigwidgets >=5.81.0\\nProblem: nothing provides requested kwidgetsaddons >=5.81.0\\nProblem: nothing provides requested kwindowsystem >=5.81.0\\n']\n\nsolver error - not solvable (<a href=\"https://github.com/regro/autotick-bot/actions/runs/736799585\">bot CI job</a>): master: ['linux_64_: Encountered problems while solving.\\nProblem: nothing provides requested kwidgetsaddons >=5.81.0\\nProblem: nothing provides requested kwindowsystem >=5.81.0\\nProblem: nothing provides requested ki18n >=5.81.0\\nProblem: nothing provides requested sonnet >=5.81.0\\nProblem: nothing provides requested kcoreaddons >=5.81.0\\nProblem: nothing provides requested kconfig >=5.81.0\\nProblem: nothing provides requested kservice >=5.81.0\\nProblem: nothing provides requested kconfigwidgets >=5.81.0\\nProblem: nothing provides requested kcompletion >=5.81.0\\n']\n\nsolver error - not solvable (<a href=\"https://github.com/regro/autotick-bot/actions/runs/737038659\">bot CI job</a>): master: ['linux_64_: Encountered problems while solving.\\nProblem: nothing provides requested kconfigwidgets >=5.81.0\\nProblem: nothing provides requested kcompletion >=5.81.0\\nProblem: nothing provides requested kservice >=5.81.0\\nProblem: nothing provides requested ki18n >=5.81.0\\nProblem: nothing provides requested kwindowsystem >=5.81.0\\nProblem: nothing provides requested kwidgetsaddons >=5.81.0\\nProblem: nothing provides requested kcoreaddons >=5.81.0\\nProblem: nothing provides requested kconfig >=5.81.0\\nProblem: nothing provides requested sonnet >=5.81.0\\n']",
    "kwallet": "not solvable (<a href=\"https://github.com/regro/autotick-bot/actions/runs/735781287\">bot CI job</a>): master: ['linux_64_: Encountered problems while solving.\\nProblem: nothing provides requested extra-cmake-modules >=5.81\\n', 'linux_64_: Encountered problems while solving.\\nProblem: nothing provides requested kconfigwidgets >=5.81\\nProblem: nothing provides requested kwidgetsaddons >=5.81\\nProblem: nothing provides requested kwindowsystem >=5.81\\nProblem: nothing provides requested kservice >=5.81\\nProblem: nothing provides requested kdbusaddons >=5.81\\nProblem: nothing provides requested ki18n >=5.81\\nProblem: nothing provides requested kconfig >=5.81\\nProblem: nothing provides requested knotifications >=5.81\\nProblem: nothing provides requested kcoreaddons >=5.81\\n']\n\nsolver error - not solvable (<a href=\"https://github.com/regro/autotick-bot/actions/runs/736537844\">bot CI job</a>): master: ['linux_64_: Encountered problems while solving.\\nProblem: nothing provides requested ki18n >=5.81\\nProblem: nothing provides requested knotifications >=5.81\\nProblem: nothing provides requested kconfigwidgets >=5.81\\nProblem: nothing provides requested kconfig >=5.81\\nProblem: nothing provides requested kwidgetsaddons >=5.81\\nProblem: nothing provides requested kdbusaddons >=5.81\\nProblem: nothing provides requested kcoreaddons >=5.81\\nProblem: nothing provides requested kservice >=5.81\\nProblem: nothing provides requested kwindowsystem >=5.81\\n']\n\nsolver error - not solvable (<a href=\"https://github.com/regro/autotick-bot/actions/runs/737038659\">bot CI job</a>): master: ['linux_64_: Encountered problems while solving.\\nProblem: nothing provides requested kwindowsystem >=5.81\\nProblem: nothing provides requested kwidgetsaddons >=5.81\\nProblem: nothing provides requested kdbusaddons >=5.81\\nProblem: nothing provides requested kservice >=5.81\\nProblem: nothing provides requested kconfig >=5.81\\nProblem: nothing provides requested knotifications >=5.81\\nProblem: nothing provides requested ki18n >=5.81\\nProblem: nothing provides requested kconfigwidgets >=5.81\\nProblem: nothing provides requested kcoreaddons >=5.81\\n']",
    "kxmlgui": "not solvable (<a href=\"https://github.com/regro/autotick-bot/actions/runs/735781287\">bot CI job</a>): master: ['linux_64_: Encountered problems while solving.\\nProblem: nothing provides requested attica >=5.81.0\\nProblem: nothing provides requested kitemviews >=5.81.0\\nProblem: nothing provides requested kglobalaccel >=5.81.0\\nProblem: nothing provides requested kcoreaddons >=5.81.0\\nProblem: nothing provides requested ki18n >=5.81.0\\nProblem: nothing provides requested kiconthemes >=5.81.0\\nProblem: nothing provides requested kconfig >=5.81.0\\nProblem: nothing provides requested kconfigwidgets >=5.81.0\\nProblem: nothing provides requested kwidgetsaddons >=5.81.0\\nProblem: nothing provides requested ktextwidgets >=5.81.0\\nProblem: nothing provides requested kwindowsystem >=5.81.0\\n', 'linux_64_: Encountered problems while solving.\\nProblem: nothing provides requested extra-cmake-modules >=5.81.0\\n']\n\nsolver error - not solvable (<a href=\"https://github.com/regro/autotick-bot/actions/runs/736087011\">bot CI job</a>): master: ['linux_64_: Encountered problems while solving.\\nProblem: nothing provides requested kiconthemes >=5.81.0\\nProblem: nothing provides requested ktextwidgets >=5.81.0\\nProblem: nothing provides requested attica >=5.81.0\\nProblem: nothing provides requested ki18n >=5.81.0\\nProblem: nothing provides requested kitemviews >=5.81.0\\nProblem: nothing provides requested kwindowsystem >=5.81.0\\nProblem: nothing provides requested kwidgetsaddons >=5.81.0\\nProblem: nothing provides requested kconfig >=5.81.0\\nProblem: nothing provides requested kconfigwidgets >=5.81.0\\nProblem: nothing provides requested kcoreaddons >=5.81.0\\nProblem: nothing provides requested kglobalaccel >=5.81.0\\n']\n\nsolver error - not solvable (<a href=\"https://github.com/regro/autotick-bot/actions/runs/736799585\">bot CI job</a>): master: ['linux_64_: Encountered problems while solving.\\nProblem: nothing provides requested ktextwidgets >=5.81.0\\nProblem: nothing provides requested kwidgetsaddons >=5.81.0\\nProblem: nothing provides requested kwindowsystem >=5.81.0\\nProblem: nothing provides requested ki18n >=5.81.0\\nProblem: nothing provides requested kcoreaddons >=5.81.0\\nProblem: nothing provides requested kconfig >=5.81.0\\nProblem: nothing provides requested kitemviews >=5.81.0\\nProblem: nothing provides requested kglobalaccel >=5.81.0\\nProblem: nothing provides requested kconfigwidgets >=5.81.0\\nProblem: nothing provides requested attica >=5.81.0\\nProblem: nothing provides requested kiconthemes >=5.81.0\\n']",
    "latte-integrale": "The recipe did not change in the version migration, a URL did not hash, or there is jinja2 syntax the bot cannot handle!\n\nPlease check the URLs in your recipe with version '2' to make sure they exist!\n\nWe also found the following errors:\n\n - could not hash URL template 'https://github.com/latte-int/latte/releases/download/version_{{ version | replace('.', '_') }}/latte-int-{{ version }}.tar.gz'\n",
    "libdap4": "The recipe did not change in the version migration, a URL did not hash, or there is jinja2 syntax the bot cannot handle!\n\nPlease check the URLs in your recipe with version '3.20.7' to make sure they exist!\n\nWe also found the following errors:\n\n - could not hash URL template 'https://github.com/OPENDAP/libdap4/archive/version-{{ version }}.tar.gz'\n",
    "libgumbo": "The recipe did not change in the version migration, a URL did not hash, or there is jinja2 syntax the bot cannot handle!\n\nPlease check the URLs in your recipe with version '1.0.0' to make sure they exist!\n\nWe also found the following errors:\n\n - no URLs in the source section\n",
    "libignition-common": "The recipe did not change in the version migration, a URL did not hash, or there is jinja2 syntax the bot cannot handle!\n\nPlease check the URLs in your recipe with version '4_4.0.0' to make sure they exist!\n\nWe also found the following errors:\n\n - could not hash URL template 'https://github.com/ignitionrobotics/ign-common/archive/ignition-common{{ major_version }}_{{ version }}.tar.gz'\n",
    "libignition-fuel-tools": "The recipe did not change in the version migration, a URL did not hash, or there is jinja2 syntax the bot cannot handle!\n\nPlease check the URLs in your recipe with version '6_6.0.0' to make sure they exist!\n\nWe also found the following errors:\n\n - could not hash URL template 'https://github.com/ignitionrobotics/ign-fuel-tools/archive/ignition-fuel-tools{{ major_version }}_{{ version }}.tar.gz'\n",
    "libignition-gui": "The recipe did not change in the version migration, a URL did not hash, or there is jinja2 syntax the bot cannot handle!\n\nPlease check the URLs in your recipe with version '5_5.0.0' to make sure they exist!\n\nWe also found the following errors:\n\n - could not hash URL template 'https://github.com/ignitionrobotics/ign-{{ component_name }}/archive/ignition-{{ component_name }}{{ major_version }}_{{ version }}.tar.gz'\n",
    "libignition-rendering4": "The recipe did not change in the version migration, a URL did not hash, or there is jinja2 syntax the bot cannot handle!\n\nPlease check the URLs in your recipe with version '5_5.0.0' to make sure they exist!\n\nWe also found the following errors:\n\n - could not hash URL template 'https://github.com/ignitionrobotics/ign-rendering/archive/ignition-rendering{{ version.split('.')[0] }}_{{ version }}.tar.gz'\n",
    "libignition-sensors": "The recipe did not change in the version migration, a URL did not hash, or there is jinja2 syntax the bot cannot handle!\n\nPlease check the URLs in your recipe with version '5_5.0.0' to make sure they exist!\n\nWe also found the following errors:\n\n - could not hash URL template 'https://github.com/ignitionrobotics/ign-{{ component_name }}/archive/ignition-{{ component_name }}{{ major_version }}_{{ version }}.tar.gz'\n",
    "libignition-utils": "The recipe did not change in the version migration, a URL did not hash, or there is jinja2 syntax the bot cannot handle!\n\nPlease check the URLs in your recipe with version '1_1.0.0' to make sure they exist!\n\nWe also found the following errors:\n\n - could not hash URL template 'https://github.com/ignitionrobotics/ign-{{ component_name }}/archive/ignition-{{ component_name }}{{ major_version }}_{{ version }}.tar.gz'\n",
    "libjpeg-turbo": "The recipe did not change in the version migration, a URL did not hash, or there is jinja2 syntax the bot cannot handle!\n\nPlease check the URLs in your recipe with version '9d' to make sure they exist!\n\nWe also found the following errors:\n\n - could not hash URL template 'https://github.com/libjpeg-turbo/libjpeg-turbo/archive/{{ version }}.tar.gz'\n",
    "libmo_unpack": "The recipe did not change in the version migration, a URL did not hash, or there is jinja2 syntax the bot cannot handle!\n\nPlease check the URLs in your recipe with version '8231' to make sure they exist!\n\nWe also found the following errors:\n\n - could not hash URL template 'https://github.com/SciTools/libmo_unpack/archive/v{{ version }}.tar.gz'\n",
    "libredwg": "The recipe did not change in the version migration, a URL did not hash, or there is jinja2 syntax the bot cannot handle!\n\nPlease check the URLs in your recipe with version '0.12.4093' to make sure they exist!\n\nWe also found the following errors:\n\n - could not hash URL template 'https://github.com/LibreDWG/libredwg/releases/download/{{ version }}/libredwg-{{ version }}.tar.gz'\n",
    "liquidprompt": "The recipe did not change in the version migration, a URL did not hash, or there is jinja2 syntax the bot cannot handle!\n\nPlease check the URLs in your recipe with version '2.0.2' to make sure they exist!\n\nWe also found the following errors:\n\n - could not hash URL template 'https://github.com/nojhan/{{ name }}/archive/v_{{ version }}.tar.gz'\n",
    "lua": "The recipe did not change in the version migration, a URL did not hash, or there is jinja2 syntax the bot cannot handle!\n\nPlease check the URLs in your recipe with version '5.4.3' to make sure they exist!\n\nWe also found the following errors:\n\n - no URLs in the source section\n",
    "maml": "The recipe did not change in the version migration, a URL did not hash, or there is jinja2 syntax the bot cannot handle!\n\nPlease check the URLs in your recipe with version '2021.3.2' to make sure they exist!\n\nWe also found the following errors:\n\n - recipe did not appear to change even though the bot said it should have\n",
    "markdown-checklist": "The recipe did not change in the version migration, a URL did not hash, or there is jinja2 syntax the bot cannot handle!\n\nPlease check the URLs in your recipe with version '0.4.3' to make sure they exist!\n\nWe also found the following errors:\n\n - recipe did not appear to change even though the bot said it should have\n",
    "markdown_strings": "The recipe did not change in the version migration, a URL did not hash, or there is jinja2 syntax the bot cannot handle!\n\nPlease check the URLs in your recipe with version '3.3.0' to make sure they exist!\n\nWe also found the following errors:\n\n - could not hash URL template 'https://pypi.io/packages/source/{{ name[0] }}/{{ name }}/{{ name }}-{{ version }}.tar.gz'\n",
    "mkdocs-markdownextradata-plugin": "The recipe did not change in the version migration, a URL did not hash, or there is jinja2 syntax the bot cannot handle!\n\nPlease check the URLs in your recipe with version '0.2.4' to make sure they exist!\n\nWe also found the following errors:\n\n - could not hash URL template 'https://pypi.io/packages/source/{{ name[0] }}/{{ name }}/{{ name }}-{{ version }}.tar.gz'\n",
    "mkl_random": "The recipe did not change in the version migration, a URL did not hash, or there is jinja2 syntax the bot cannot handle!\n\nPlease check the URLs in your recipe with version '1.2.1' to make sure they exist!\n\nWe also found the following errors:\n\n - could not hash URL template 'https://github.com/IntelPython/mkl_random/archive/v{{ version }}.post0.tar.gz'\n",
    "mlt": "The recipe did not change in the version migration, a URL did not hash, or there is jinja2 syntax the bot cannot handle!\n\nPlease check the URLs in your recipe with version '21.03.21' to make sure they exist!\n\nWe also found the following errors:\n\n - could not hash URL template 'https://github.com/mltframework/mlt/releases/download/v{{ version }}/mlt-{{ version }}.tar.gz'\n",
    "monotonic": "The recipe did not change in the version migration, a URL did not hash, or there is jinja2 syntax the bot cannot handle!\n\nPlease check the URLs in your recipe with version '1.6' to make sure they exist!\n\nWe also found the following errors:\n\n - could not hash URL template 'https://pypi.io/packages/source/{{ name[0] }}/{{ name }}/{{ name }}-{{ version }}.tar.gz'\n",
    "mpifft4py": "The recipe did not change in the version migration, a URL did not hash, or there is jinja2 syntax the bot cannot handle!\n\nPlease check the URLs in your recipe with version '4py-1.1' to make sure they exist!\n\nWe also found the following errors:\n\n - could not hash URL template 'https://github.com/spectralDNS/mpiFFT4py/archive/mpiFFT4py-{{ version }}.tar.gz'\n",
    "mvlearn": "The recipe did not change in the version migration, a URL did not hash, or there is jinja2 syntax the bot cannot handle!\n\nPlease check the URLs in your recipe with version '0.4.1' to make sure they exist!\n\nWe also found the following errors:\n\n - could not hash URL template 'https://github.com/mvlearn/mvlearn/releases/download/{{ version }}-conda/{{ name }}-{{ version }}.tar.gz'\n",
    "neptune-client": "The recipe did not change in the version migration, a URL did not hash, or there is jinja2 syntax the bot cannot handle!\n\nPlease check the URLs in your recipe with version '2F0.9.4' to make sure they exist!\n\nWe also found the following errors:\n\n - could not hash URL template 'https://github.com/neptune-ai/neptune-client/archive/client/{{ version }}.tar.gz'\n",
    "netgen": "The recipe did not change in the version migration, a URL did not hash, or there is jinja2 syntax the bot cannot handle!\n\nPlease check the URLs in your recipe with version '6.2.2009' to make sure they exist!\n\nWe also found the following errors:\n\n - migrations do not work on `git_url`s\n",
    "nginx-module-njs": "The recipe did not change in the version migration, a URL did not hash, or there is jinja2 syntax the bot cannot handle!\n\nPlease check the URLs in your recipe with version '0.5.1' to make sure they exist!\n\nWe also found the following errors:\n\n - could not hash URL template 'https://nginx.org/download/nginx-{{ nginx }}.tar.gz'\n - missing jinja2 variable 'nginx' for selector 'None'\n",
    "oclgrind": "The recipe did not change in the version migration, a URL did not hash, or there is jinja2 syntax the bot cannot handle!\n\nPlease check the URLs in your recipe with version '32' to make sure they exist!\n\nWe also found the following errors:\n\n - could not hash URL template 'https://github.com/jrprice/Oclgrind/archive/v{{ version }}.tar.gz'\n",
    "openal-soft": "The recipe did not change in the version migration, a URL did not hash, or there is jinja2 syntax the bot cannot handle!\n\nPlease check the URLs in your recipe with version '1.21.1' to make sure they exist!\n\nWe also found the following errors:\n\n - could not hash URL template 'https://github.com/kcat/{{ name }}/archive/{{ name }}-{{ version }}.tar.gz'\n",
    "opencensus-context": "The recipe did not change in the version migration, a URL did not hash, or there is jinja2 syntax the bot cannot handle!\n\nPlease check the URLs in your recipe with version '0.7.12' to make sure they exist!\n\nWe also found the following errors:\n\n - recipe did not appear to change even though the bot said it should have\n",
    "opencv": "We found a problem parsing the recipe for version '4.5.2': \n\nParserError('while parsing a block mapping', <ruamel.yaml.error.StringMark object at 0x7f07057140b0>, \"expected <block end>, but found '<block sequence start>'\", <ruamel.yaml.error.StringMark object at 0x7f065c38b970>)\n\ntraceback:\n  File \"/home/runner/work/autotick-bot/autotick-bot/cf-scripts/conda_forge_tick/migrators/version.py\", line 472, in migrate\n    cmeta = CondaMetaYAML(fp.read())\n  File \"/home/runner/work/autotick-bot/autotick-bot/cf-scripts/conda_forge_tick/recipe_parser/_parser.py\", line 455, in __init__\n    self.meta = self._parser.load(\"\".join(lines))\n  File \"/usr/share/miniconda/envs/run_env/lib/python3.9/site-packages/ruamel/yaml/main.py\", line 343, in load\n    return constructor.get_single_data()\n  File \"/usr/share/miniconda/envs/run_env/lib/python3.9/site-packages/ruamel/yaml/constructor.py\", line 111, in get_single_data\n    node = self.composer.get_single_node()\n  File \"/usr/share/miniconda/envs/run_env/lib/python3.9/site-packages/ruamel/yaml/composer.py\", line 78, in get_single_node\n    document = self.compose_document()\n  File \"/usr/share/miniconda/envs/run_env/lib/python3.9/site-packages/ruamel/yaml/composer.py\", line 101, in compose_document\n    node = self.compose_node(None, None)\n  File \"/usr/share/miniconda/envs/run_env/lib/python3.9/site-packages/ruamel/yaml/composer.py\", line 138, in compose_node\n    node = self.compose_mapping_node(anchor)\n  File \"/usr/share/miniconda/envs/run_env/lib/python3.9/site-packages/ruamel/yaml/composer.py\", line 218, in compose_mapping_node\n    item_value = self.compose_node(node, item_key)\n  File \"/usr/share/miniconda/envs/run_env/lib/python3.9/site-packages/ruamel/yaml/composer.py\", line 138, in compose_node\n    node = self.compose_mapping_node(anchor)\n  File \"/usr/share/miniconda/envs/run_env/lib/python3.9/site-packages/ruamel/yaml/composer.py\", line 211, in compose_mapping_node\n    while not self.parser.check_event(MappingEndEvent):\n  File \"/usr/share/miniconda/envs/run_env/lib/python3.9/site-packages/ruamel/yaml/parser.py\", line 140, in check_event\n    self.current_event = self.state()\n  File \"/usr/share/miniconda/envs/run_env/lib/python3.9/site-packages/ruamel/yaml/parser.py\", line 585, in parse_block_mapping_key\n    raise ParserError(\n",
    "openglider": "The recipe did not change in the version migration, a URL did not hash, or there is jinja2 syntax the bot cannot handle!\n\nPlease check the URLs in your recipe with version '006' to make sure they exist!\n\nWe also found the following errors:\n\n - could not hash URL template 'https://github.com/booya-at/OpenGlider/archive/{{ version }}.tar.gz'\n",
    "openml": "The recipe did not change in the version migration, a URL did not hash, or there is jinja2 syntax the bot cannot handle!\n\nPlease check the URLs in your recipe with version '31_36' to make sure they exist!\n\nWe also found the following errors:\n\n - could not hash URL template 'https://github.com/{{ name }}/{{ name }}-python/archive/v{{ version }}.tar.gz'\n",
    "openscenegraph-osgqt": "The recipe did not change in the version migration, a URL did not hash, or there is jinja2 syntax the bot cannot handle!\n\nPlease check the URLs in your recipe with version '4' to make sure they exist!\n\nWe also found the following errors:\n\n - no URLs in the source section\n - could not hash URL template 'https://github.com/openscenegraph/osgQt/archive/{{ version }}.tar.gz'\n",
    "orekit": "The recipe did not change in the version migration, a URL did not hash, or there is jinja2 syntax the bot cannot handle!\n\nPlease check the URLs in your recipe with version '10_3_2' to make sure they exist!\n\nWe also found the following errors:\n\n - recipe did not appear to change even though the bot said it should have\n",
    "osrf_pycommon": "The recipe did not change in the version migration, a URL did not hash, or there is jinja2 syntax the bot cannot handle!\n\nPlease check the URLs in your recipe with version '8.3.1' to make sure they exist!\n\nWe also found the following errors:\n\n - could not hash URL template 'https://github.com/osrf//{{ name }}/archive/{{ version }}.tar.gz'\n",
    "outdated": "The recipe did not change in the version migration, a URL did not hash, or there is jinja2 syntax the bot cannot handle!\n\nPlease check the URLs in your recipe with version '0.2.1' to make sure they exist!\n\nWe also found the following errors:\n\n - could not hash URL template 'https://pypi.io/packages/source/{{ name[0] }}/{{ name }}/{{ name }}-{{ version }}.tar.gz'\n",
    "pixmappy": "The recipe did not change in the version migration, a URL did not hash, or there is jinja2 syntax the bot cannot handle!\n\nPlease check the URLs in your recipe with version '4' to make sure they exist!\n\nWe also found the following errors:\n\n - could not hash URL template 'https://github.com/gbernstein/pixmappy/archive/v{{ version }}.tar.gz'\n",
    "postgis": "The recipe did not change in the version migration, a URL did not hash, or there is jinja2 syntax the bot cannot handle!\n\nPlease check the URLs in your recipe with version '3.1.1' to make sure they exist!\n\nWe also found the following errors:\n\n - recipe did not appear to change even though the bot said it should have\n",
    "proj-data": "The recipe did not change in the version migration, a URL did not hash, or there is jinja2 syntax the bot cannot handle!\n\nPlease check the URLs in your recipe with version '1.4' to make sure they exist!\n\nWe also found the following errors:\n\n - could not hash URL template 'http://download.osgeo.org/proj/proj-data-{{ version }}.zip'\n",
    "protobuf": "not solvable (<a href=\"https://github.com/regro/autotick-bot/actions/runs/730580892\">bot CI job</a>): master: ['linux_64_python3.6.____73_pypypython_implpypy: Encountered problems while solving.\\nProblem: nothing provides requested libprotobuf 3.15.8.*\\n', 'linux_64_python3.6.____cpythonpython_implcpython: Encountered problems while solving.\\nProblem: nothing provides requested libprotobuf 3.15.8.*\\n', 'linux_64_python3.7.____73_pypypython_implpypy: Encountered problems while solving.\\nProblem: nothing provides requested libprotobuf 3.15.8.*\\n', 'linux_64_python3.7.____cpythonpython_implcpython: Encountered problems while solving.\\nProblem: nothing provides requested libprotobuf 3.15.8.*\\n', 'linux_64_python3.8.____cpythonpython_implcpython: Encountered problems while solving.\\nProblem: nothing provides requested libprotobuf 3.15.8.*\\n', 'linux_64_python3.9.____cpythonpython_implcpython: Encountered problems while solving.\\nProblem: nothing provides requested libprotobuf 3.15.8.*\\n', 'linux_aarch64_python3.6.____73_pypypython_implpypy: Encountered problems while solving.\\nProblem: nothing provides requested libprotobuf 3.15.8.*\\n', 'linux_aarch64_python3.6.____cpythonpython_implcpython: Encountered problems while solving.\\nProblem: nothing provides requested libprotobuf 3.15.8.*\\n', 'linux_aarch64_python3.7.____73_pypypython_implpypy: Encountered problems while solving.\\nProblem: nothing provides requested libprotobuf 3.15.8.*\\n', 'linux_aarch64_python3.7.____cpythonpython_implcpython: Encountered problems while solving.\\nProblem: nothing provides requested libprotobuf 3.15.8.*\\n', 'linux_aarch64_python3.8.____cpythonpython_implcpython: Encountered problems while solving.\\nProblem: nothing provides requested libprotobuf 3.15.8.*\\n', 'linux_aarch64_python3.9.____cpythonpython_implcpython: Encountered problems while solving.\\nProblem: nothing provides requested libprotobuf 3.15.8.*\\n', 'linux_ppc64le_python3.6.____73_pypypython_implpypy: Encountered problems while solving.\\nProblem: nothing provides requested libprotobuf 3.15.8.*\\n', 'linux_ppc64le_python3.6.____cpythonpython_implcpython: Encountered problems while solving.\\nProblem: nothing provides requested libprotobuf 3.15.8.*\\n', 'linux_ppc64le_python3.7.____73_pypypython_implpypy: Encountered problems while solving.\\nProblem: nothing provides requested libprotobuf 3.15.8.*\\n', 'linux_ppc64le_python3.7.____cpythonpython_implcpython: Encountered problems while solving.\\nProblem: nothing provides requested libprotobuf 3.15.8.*\\n', 'linux_ppc64le_python3.8.____cpythonpython_implcpython: Encountered problems while solving.\\nProblem: nothing provides requested libprotobuf 3.15.8.*\\n', 'linux_ppc64le_python3.9.____cpythonpython_implcpython: Encountered problems while solving.\\nProblem: nothing provides requested libprotobuf 3.15.8.*\\n', 'osx_64_python3.6.____73_pypypython_implpypy: Encountered problems while solving.\\nProblem: nothing provides requested libprotobuf 3.15.8.*\\n', 'osx_64_python3.6.____cpythonpython_implcpython: Encountered problems while solving.\\nProblem: nothing provides requested libprotobuf 3.15.8.*\\n', 'osx_64_python3.7.____73_pypypython_implpypy: Encountered problems while solving.\\nProblem: nothing provides requested libprotobuf 3.15.8.*\\n', 'osx_64_python3.7.____cpythonpython_implcpython: Encountered problems while solving.\\nProblem: nothing provides requested libprotobuf 3.15.8.*\\n', 'osx_64_python3.8.____cpythonpython_implcpython: Encountered problems while solving.\\nProblem: nothing provides requested libprotobuf 3.15.8.*\\n', 'osx_64_python3.9.____cpythonpython_implcpython: Encountered problems while solving.\\nProblem: nothing provides requested libprotobuf 3.15.8.*\\n', 'osx_arm64_python3.8.____cpython: Encountered problems while solving.\\nProblem: nothing provides requested libprotobuf 3.15.8.*\\n', 'osx_arm64_python3.9.____cpython: Encountered problems while solving.\\nProblem: nothing provides requested libprotobuf 3.15.8.*\\n', 'win_64_python3.6.____cpython: Encountered problems while solving.\\nProblem: nothing provides requested libprotobuf 3.15.8.*\\n', 'win_64_python3.7.____cpython: Encountered problems while solving.\\nProblem: nothing provides requested libprotobuf 3.15.8.*\\n', 'win_64_python3.8.____cpython: Encountered problems while solving.\\nProblem: nothing provides requested libprotobuf 3.15.8.*\\n', 'win_64_python3.9.____cpython: Encountered problems while solving.\\nProblem: nothing provides requested libprotobuf 3.15.8.*\\n']\n\nsolver error - not solvable (<a href=\"https://github.com/regro/autotick-bot/actions/runs/730797593\">bot CI job</a>): master: ['linux_64_python3.6.____73_pypypython_implpypy: Encountered problems while solving.\\nProblem: nothing provides requested libprotobuf 3.15.8.*\\n', 'linux_64_python3.6.____cpythonpython_implcpython: Encountered problems while solving.\\nProblem: nothing provides requested libprotobuf 3.15.8.*\\n', 'linux_64_python3.7.____73_pypypython_implpypy: Encountered problems while solving.\\nProblem: nothing provides requested libprotobuf 3.15.8.*\\n', 'linux_64_python3.7.____cpythonpython_implcpython: Encountered problems while solving.\\nProblem: nothing provides requested libprotobuf 3.15.8.*\\n', 'linux_64_python3.8.____cpythonpython_implcpython: Encountered problems while solving.\\nProblem: nothing provides requested libprotobuf 3.15.8.*\\n', 'linux_64_python3.9.____cpythonpython_implcpython: Encountered problems while solving.\\nProblem: nothing provides requested libprotobuf 3.15.8.*\\n', 'linux_aarch64_python3.6.____73_pypypython_implpypy: Encountered problems while solving.\\nProblem: nothing provides requested libprotobuf 3.15.8.*\\n', 'linux_aarch64_python3.6.____cpythonpython_implcpython: Encountered problems while solving.\\nProblem: nothing provides requested libprotobuf 3.15.8.*\\n', 'linux_aarch64_python3.7.____73_pypypython_implpypy: Encountered problems while solving.\\nProblem: nothing provides requested libprotobuf 3.15.8.*\\n', 'linux_aarch64_python3.7.____cpythonpython_implcpython: Encountered problems while solving.\\nProblem: nothing provides requested libprotobuf 3.15.8.*\\n', 'linux_aarch64_python3.8.____cpythonpython_implcpython: Encountered problems while solving.\\nProblem: nothing provides requested libprotobuf 3.15.8.*\\n', 'linux_aarch64_python3.9.____cpythonpython_implcpython: Encountered problems while solving.\\nProblem: nothing provides requested libprotobuf 3.15.8.*\\n', 'linux_ppc64le_python3.6.____73_pypypython_implpypy: Encountered problems while solving.\\nProblem: nothing provides requested libprotobuf 3.15.8.*\\n', 'linux_ppc64le_python3.6.____cpythonpython_implcpython: Encountered problems while solving.\\nProblem: nothing provides requested libprotobuf 3.15.8.*\\n', 'linux_ppc64le_python3.7.____73_pypypython_implpypy: Encountered problems while solving.\\nProblem: nothing provides requested libprotobuf 3.15.8.*\\n', 'linux_ppc64le_python3.7.____cpythonpython_implcpython: Encountered problems while solving.\\nProblem: nothing provides requested libprotobuf 3.15.8.*\\n', 'linux_ppc64le_python3.8.____cpythonpython_implcpython: Encountered problems while solving.\\nProblem: nothing provides requested libprotobuf 3.15.8.*\\n', 'linux_ppc64le_python3.9.____cpythonpython_implcpython: Encountered problems while solving.\\nProblem: nothing provides requested libprotobuf 3.15.8.*\\n', 'osx_64_python3.6.____73_pypypython_implpypy: Encountered problems while solving.\\nProblem: nothing provides requested libprotobuf 3.15.8.*\\n', 'osx_64_python3.6.____cpythonpython_implcpython: Encountered problems while solving.\\nProblem: nothing provides requested libprotobuf 3.15.8.*\\n', 'osx_64_python3.7.____73_pypypython_implpypy: Encountered problems while solving.\\nProblem: nothing provides requested libprotobuf 3.15.8.*\\n', 'osx_64_python3.7.____cpythonpython_implcpython: Encountered problems while solving.\\nProblem: nothing provides requested libprotobuf 3.15.8.*\\n', 'osx_64_python3.8.____cpythonpython_implcpython: Encountered problems while solving.\\nProblem: nothing provides requested libprotobuf 3.15.8.*\\n', 'osx_64_python3.9.____cpythonpython_implcpython: Encountered problems while solving.\\nProblem: nothing provides requested libprotobuf 3.15.8.*\\n', 'osx_arm64_python3.8.____cpython: Encountered problems while solving.\\nProblem: nothing provides requested libprotobuf 3.15.8.*\\n', 'osx_arm64_python3.9.____cpython: Encountered problems while solving.\\nProblem: nothing provides requested libprotobuf 3.15.8.*\\n', 'win_64_python3.6.____cpython: Encountered problems while solving.\\nProblem: nothing provides requested libprotobuf 3.15.8.*\\n', 'win_64_python3.7.____cpython: Encountered problems while solving.\\nProblem: nothing provides requested libprotobuf 3.15.8.*\\n', 'win_64_python3.8.____cpython: Encountered problems while solving.\\nProblem: nothing provides requested libprotobuf 3.15.8.*\\n', 'win_64_python3.9.____cpython: Encountered problems while solving.\\nProblem: nothing provides requested libprotobuf 3.15.8.*\\n']\n\nsolver error - not solvable (<a href=\"https://github.com/regro/autotick-bot/actions/runs/730985076\">bot CI job</a>): master: ['linux_64_python3.6.____73_pypypython_implpypy: Encountered problems while solving.\\nProblem: nothing provides requested libprotobuf 3.15.8.*\\n', 'linux_64_python3.6.____cpythonpython_implcpython: Encountered problems while solving.\\nProblem: nothing provides requested libprotobuf 3.15.8.*\\n', 'linux_64_python3.7.____73_pypypython_implpypy: Encountered problems while solving.\\nProblem: nothing provides requested libprotobuf 3.15.8.*\\n', 'linux_64_python3.7.____cpythonpython_implcpython: Encountered problems while solving.\\nProblem: nothing provides requested libprotobuf 3.15.8.*\\n', 'linux_64_python3.8.____cpythonpython_implcpython: Encountered problems while solving.\\nProblem: nothing provides requested libprotobuf 3.15.8.*\\n', 'linux_64_python3.9.____cpythonpython_implcpython: Encountered problems while solving.\\nProblem: nothing provides requested libprotobuf 3.15.8.*\\n', 'linux_aarch64_python3.6.____73_pypypython_implpypy: Encountered problems while solving.\\nProblem: nothing provides requested libprotobuf 3.15.8.*\\n', 'linux_aarch64_python3.6.____cpythonpython_implcpython: Encountered problems while solving.\\nProblem: nothing provides requested libprotobuf 3.15.8.*\\n', 'linux_aarch64_python3.7.____73_pypypython_implpypy: Encountered problems while solving.\\nProblem: nothing provides requested libprotobuf 3.15.8.*\\n', 'linux_aarch64_python3.7.____cpythonpython_implcpython: Encountered problems while solving.\\nProblem: nothing provides requested libprotobuf 3.15.8.*\\n', 'linux_aarch64_python3.8.____cpythonpython_implcpython: Encountered problems while solving.\\nProblem: nothing provides requested libprotobuf 3.15.8.*\\n', 'linux_aarch64_python3.9.____cpythonpython_implcpython: Encountered problems while solving.\\nProblem: nothing provides requested libprotobuf 3.15.8.*\\n', 'linux_ppc64le_python3.6.____73_pypypython_implpypy: Encountered problems while solving.\\nProblem: nothing provides requested libprotobuf 3.15.8.*\\n', 'linux_ppc64le_python3.6.____cpythonpython_implcpython: Encountered problems while solving.\\nProblem: nothing provides requested libprotobuf 3.15.8.*\\n', 'linux_ppc64le_python3.7.____73_pypypython_implpypy: Encountered problems while solving.\\nProblem: nothing provides requested libprotobuf 3.15.8.*\\n', 'linux_ppc64le_python3.7.____cpythonpython_implcpython: Encountered problems while solving.\\nProblem: nothing provides requested libprotobuf 3.15.8.*\\n', 'linux_ppc64le_python3.8.____cpythonpython_implcpython: Encountered problems while solving.\\nProblem: nothing provides requested libprotobuf 3.15.8.*\\n', 'linux_ppc64le_python3.9.____cpythonpython_implcpython: Encountered problems while solving.\\nProblem: nothing provides requested libprotobuf 3.15.8.*\\n', 'osx_64_python3.6.____73_pypypython_implpypy: Encountered problems while solving.\\nProblem: nothing provides requested libprotobuf 3.15.8.*\\n', 'osx_64_python3.6.____cpythonpython_implcpython: Encountered problems while solving.\\nProblem: nothing provides requested libprotobuf 3.15.8.*\\n', 'osx_64_python3.7.____73_pypypython_implpypy: Encountered problems while solving.\\nProblem: nothing provides requested libprotobuf 3.15.8.*\\n', 'osx_64_python3.7.____cpythonpython_implcpython: Encountered problems while solving.\\nProblem: nothing provides requested libprotobuf 3.15.8.*\\n', 'osx_64_python3.8.____cpythonpython_implcpython: Encountered problems while solving.\\nProblem: nothing provides requested libprotobuf 3.15.8.*\\n', 'osx_64_python3.9.____cpythonpython_implcpython: Encountered problems while solving.\\nProblem: nothing provides requested libprotobuf 3.15.8.*\\n', 'osx_arm64_python3.8.____cpython: Encountered problems while solving.\\nProblem: nothing provides requested libprotobuf 3.15.8.*\\n', 'osx_arm64_python3.9.____cpython: Encountered problems while solving.\\nProblem: nothing provides requested libprotobuf 3.15.8.*\\n', 'win_64_python3.6.____cpython: Encountered problems while solving.\\nProblem: nothing provides requested libprotobuf 3.15.8.*\\n', 'win_64_python3.7.____cpython: Encountered problems while solving.\\nProblem: nothing provides requested libprotobuf 3.15.8.*\\n', 'win_64_python3.8.____cpython: Encountered problems while solving.\\nProblem: nothing provides requested libprotobuf 3.15.8.*\\n', 'win_64_python3.9.____cpython: Encountered problems while solving.\\nProblem: nothing provides requested libprotobuf 3.15.8.*\\n']\n\nsolver error - not solvable (<a href=\"https://github.com/regro/autotick-bot/actions/runs/731176691\">bot CI job</a>): master: ['linux_64_python3.6.____73_pypypython_implpypy: Encountered problems while solving.\\nProblem: nothing provides requested libprotobuf 3.15.8.*\\n', 'linux_64_python3.6.____cpythonpython_implcpython: Encountered problems while solving.\\nProblem: nothing provides requested libprotobuf 3.15.8.*\\n', 'linux_64_python3.7.____73_pypypython_implpypy: Encountered problems while solving.\\nProblem: nothing provides requested libprotobuf 3.15.8.*\\n', 'linux_64_python3.7.____cpythonpython_implcpython: Encountered problems while solving.\\nProblem: nothing provides requested libprotobuf 3.15.8.*\\n', 'linux_64_python3.8.____cpythonpython_implcpython: Encountered problems while solving.\\nProblem: nothing provides requested libprotobuf 3.15.8.*\\n', 'linux_64_python3.9.____cpythonpython_implcpython: Encountered problems while solving.\\nProblem: nothing provides requested libprotobuf 3.15.8.*\\n', 'linux_aarch64_python3.6.____73_pypypython_implpypy: Encountered problems while solving.\\nProblem: nothing provides requested libprotobuf 3.15.8.*\\n', 'linux_aarch64_python3.6.____cpythonpython_implcpython: Encountered problems while solving.\\nProblem: nothing provides requested libprotobuf 3.15.8.*\\n', 'linux_aarch64_python3.7.____73_pypypython_implpypy: Encountered problems while solving.\\nProblem: nothing provides requested libprotobuf 3.15.8.*\\n', 'linux_aarch64_python3.7.____cpythonpython_implcpython: Encountered problems while solving.\\nProblem: nothing provides requested libprotobuf 3.15.8.*\\n', 'linux_aarch64_python3.8.____cpythonpython_implcpython: Encountered problems while solving.\\nProblem: nothing provides requested libprotobuf 3.15.8.*\\n', 'linux_aarch64_python3.9.____cpythonpython_implcpython: Encountered problems while solving.\\nProblem: nothing provides requested libprotobuf 3.15.8.*\\n', 'linux_ppc64le_python3.6.____73_pypypython_implpypy: Encountered problems while solving.\\nProblem: nothing provides requested libprotobuf 3.15.8.*\\n', 'linux_ppc64le_python3.6.____cpythonpython_implcpython: Encountered problems while solving.\\nProblem: nothing provides requested libprotobuf 3.15.8.*\\n', 'linux_ppc64le_python3.7.____73_pypypython_implpypy: Encountered problems while solving.\\nProblem: nothing provides requested libprotobuf 3.15.8.*\\n', 'linux_ppc64le_python3.7.____cpythonpython_implcpython: Encountered problems while solving.\\nProblem: nothing provides requested libprotobuf 3.15.8.*\\n', 'linux_ppc64le_python3.8.____cpythonpython_implcpython: Encountered problems while solving.\\nProblem: nothing provides requested libprotobuf 3.15.8.*\\n', 'linux_ppc64le_python3.9.____cpythonpython_implcpython: Encountered problems while solving.\\nProblem: nothing provides requested libprotobuf 3.15.8.*\\n', 'osx_64_python3.6.____73_pypypython_implpypy: Encountered problems while solving.\\nProblem: nothing provides requested libprotobuf 3.15.8.*\\n', 'osx_64_python3.6.____cpythonpython_implcpython: Encountered problems while solving.\\nProblem: nothing provides requested libprotobuf 3.15.8.*\\n', 'osx_64_python3.7.____73_pypypython_implpypy: Encountered problems while solving.\\nProblem: nothing provides requested libprotobuf 3.15.8.*\\n', 'osx_64_python3.7.____cpythonpython_implcpython: Encountered problems while solving.\\nProblem: nothing provides requested libprotobuf 3.15.8.*\\n', 'osx_64_python3.8.____cpythonpython_implcpython: Encountered problems while solving.\\nProblem: nothing provides requested libprotobuf 3.15.8.*\\n', 'osx_64_python3.9.____cpythonpython_implcpython: Encountered problems while solving.\\nProblem: nothing provides requested libprotobuf 3.15.8.*\\n', 'osx_arm64_python3.8.____cpython: Encountered problems while solving.\\nProblem: nothing provides requested libprotobuf 3.15.8.*\\n', 'osx_arm64_python3.9.____cpython: Encountered problems while solving.\\nProblem: nothing provides requested libprotobuf 3.15.8.*\\n', 'win_64_python3.6.____cpython: Encountered problems while solving.\\nProblem: nothing provides requested libprotobuf 3.15.8.*\\n', 'win_64_python3.7.____cpython: Encountered problems while solving.\\nProblem: nothing provides requested libprotobuf 3.15.8.*\\n', 'win_64_python3.8.____cpython: Encountered problems while solving.\\nProblem: nothing provides requested libprotobuf 3.15.8.*\\n', 'win_64_python3.9.____cpython: Encountered problems while solving.\\nProblem: nothing provides requested libprotobuf 3.15.8.*\\n']\n\nsolver error - not solvable (<a href=\"https://github.com/regro/autotick-bot/actions/runs/731393042\">bot CI job</a>): master: ['linux_64_python3.6.____73_pypypython_implpypy: Encountered problems while solving.\\nProblem: nothing provides requested libprotobuf 3.15.8.*\\n', 'linux_64_python3.6.____cpythonpython_implcpython: Encountered problems while solving.\\nProblem: nothing provides requested libprotobuf 3.15.8.*\\n', 'linux_64_python3.7.____73_pypypython_implpypy: Encountered problems while solving.\\nProblem: nothing provides requested libprotobuf 3.15.8.*\\n', 'linux_64_python3.7.____cpythonpython_implcpython: Encountered problems while solving.\\nProblem: nothing provides requested libprotobuf 3.15.8.*\\n', 'linux_64_python3.8.____cpythonpython_implcpython: Encountered problems while solving.\\nProblem: nothing provides requested libprotobuf 3.15.8.*\\n', 'linux_64_python3.9.____cpythonpython_implcpython: Encountered problems while solving.\\nProblem: nothing provides requested libprotobuf 3.15.8.*\\n', 'linux_aarch64_python3.6.____73_pypypython_implpypy: Encountered problems while solving.\\nProblem: nothing provides requested libprotobuf 3.15.8.*\\n', 'linux_aarch64_python3.6.____cpythonpython_implcpython: Encountered problems while solving.\\nProblem: nothing provides requested libprotobuf 3.15.8.*\\n', 'linux_aarch64_python3.7.____73_pypypython_implpypy: Encountered problems while solving.\\nProblem: nothing provides requested libprotobuf 3.15.8.*\\n', 'linux_aarch64_python3.7.____cpythonpython_implcpython: Encountered problems while solving.\\nProblem: nothing provides requested libprotobuf 3.15.8.*\\n', 'linux_aarch64_python3.8.____cpythonpython_implcpython: Encountered problems while solving.\\nProblem: nothing provides requested libprotobuf 3.15.8.*\\n', 'linux_aarch64_python3.9.____cpythonpython_implcpython: Encountered problems while solving.\\nProblem: nothing provides requested libprotobuf 3.15.8.*\\n', 'linux_ppc64le_python3.6.____73_pypypython_implpypy: Encountered problems while solving.\\nProblem: nothing provides requested libprotobuf 3.15.8.*\\n', 'linux_ppc64le_python3.6.____cpythonpython_implcpython: Encountered problems while solving.\\nProblem: nothing provides requested libprotobuf 3.15.8.*\\n', 'linux_ppc64le_python3.7.____73_pypypython_implpypy: Encountered problems while solving.\\nProblem: nothing provides requested libprotobuf 3.15.8.*\\n', 'linux_ppc64le_python3.7.____cpythonpython_implcpython: Encountered problems while solving.\\nProblem: nothing provides requested libprotobuf 3.15.8.*\\n', 'linux_ppc64le_python3.8.____cpythonpython_implcpython: Encountered problems while solving.\\nProblem: nothing provides requested libprotobuf 3.15.8.*\\n', 'linux_ppc64le_python3.9.____cpythonpython_implcpython: Encountered problems while solving.\\nProblem: nothing provides requested libprotobuf 3.15.8.*\\n', 'osx_64_python3.6.____73_pypypython_implpypy: Encountered problems while solving.\\nProblem: nothing provides requested libprotobuf 3.15.8.*\\n', 'osx_64_python3.6.____cpythonpython_implcpython: Encountered problems while solving.\\nProblem: nothing provides requested libprotobuf 3.15.8.*\\n', 'osx_64_python3.7.____73_pypypython_implpypy: Encountered problems while solving.\\nProblem: nothing provides requested libprotobuf 3.15.8.*\\n', 'osx_64_python3.7.____cpythonpython_implcpython: Encountered problems while solving.\\nProblem: nothing provides requested libprotobuf 3.15.8.*\\n', 'osx_64_python3.8.____cpythonpython_implcpython: Encountered problems while solving.\\nProblem: nothing provides requested libprotobuf 3.15.8.*\\n', 'osx_64_python3.9.____cpythonpython_implcpython: Encountered problems while solving.\\nProblem: nothing provides requested libprotobuf 3.15.8.*\\n', 'osx_arm64_python3.8.____cpython: Encountered problems while solving.\\nProblem: nothing provides requested libprotobuf 3.15.8.*\\n', 'osx_arm64_python3.9.____cpython: Encountered problems while solving.\\nProblem: nothing provides requested libprotobuf 3.15.8.*\\n', 'win_64_python3.6.____cpython: Encountered problems while solving.\\nProblem: nothing provides requested libprotobuf 3.15.8.*\\n', 'win_64_python3.7.____cpython: Encountered problems while solving.\\nProblem: nothing provides requested libprotobuf 3.15.8.*\\n', 'win_64_python3.8.____cpython: Encountered problems while solving.\\nProblem: nothing provides requested libprotobuf 3.15.8.*\\n', 'win_64_python3.9.____cpython: Encountered problems while solving.\\nProblem: nothing provides requested libprotobuf 3.15.8.*\\n']\n\nsolver error - not solvable (<a href=\"https://github.com/regro/autotick-bot/actions/runs/731570457\">bot CI job</a>): master: ['linux_64_python3.6.____73_pypypython_implpypy: Encountered problems while solving.\\nProblem: nothing provides requested libprotobuf 3.15.8.*\\n', 'linux_64_python3.6.____cpythonpython_implcpython: Encountered problems while solving.\\nProblem: nothing provides requested libprotobuf 3.15.8.*\\n', 'linux_64_python3.7.____73_pypypython_implpypy: Encountered problems while solving.\\nProblem: nothing provides requested libprotobuf 3.15.8.*\\n', 'linux_64_python3.7.____cpythonpython_implcpython: Encountered problems while solving.\\nProblem: nothing provides requested libprotobuf 3.15.8.*\\n', 'linux_64_python3.8.____cpythonpython_implcpython: Encountered problems while solving.\\nProblem: nothing provides requested libprotobuf 3.15.8.*\\n', 'linux_64_python3.9.____cpythonpython_implcpython: Encountered problems while solving.\\nProblem: nothing provides requested libprotobuf 3.15.8.*\\n', 'linux_aarch64_python3.6.____73_pypypython_implpypy: Encountered problems while solving.\\nProblem: nothing provides requested libprotobuf 3.15.8.*\\n', 'linux_aarch64_python3.6.____cpythonpython_implcpython: Encountered problems while solving.\\nProblem: nothing provides requested libprotobuf 3.15.8.*\\n', 'linux_aarch64_python3.7.____73_pypypython_implpypy: Encountered problems while solving.\\nProblem: nothing provides requested libprotobuf 3.15.8.*\\n', 'linux_aarch64_python3.7.____cpythonpython_implcpython: Encountered problems while solving.\\nProblem: nothing provides requested libprotobuf 3.15.8.*\\n', 'linux_aarch64_python3.8.____cpythonpython_implcpython: Encountered problems while solving.\\nProblem: nothing provides requested libprotobuf 3.15.8.*\\n', 'linux_aarch64_python3.9.____cpythonpython_implcpython: Encountered problems while solving.\\nProblem: nothing provides requested libprotobuf 3.15.8.*\\n', 'linux_ppc64le_python3.6.____73_pypypython_implpypy: Encountered problems while solving.\\nProblem: nothing provides requested libprotobuf 3.15.8.*\\n', 'linux_ppc64le_python3.6.____cpythonpython_implcpython: Encountered problems while solving.\\nProblem: nothing provides requested libprotobuf 3.15.8.*\\n', 'linux_ppc64le_python3.7.____73_pypypython_implpypy: Encountered problems while solving.\\nProblem: nothing provides requested libprotobuf 3.15.8.*\\n', 'linux_ppc64le_python3.7.____cpythonpython_implcpython: Encountered problems while solving.\\nProblem: nothing provides requested libprotobuf 3.15.8.*\\n', 'linux_ppc64le_python3.8.____cpythonpython_implcpython: Encountered problems while solving.\\nProblem: nothing provides requested libprotobuf 3.15.8.*\\n', 'linux_ppc64le_python3.9.____cpythonpython_implcpython: Encountered problems while solving.\\nProblem: nothing provides requested libprotobuf 3.15.8.*\\n', 'osx_64_python3.6.____73_pypypython_implpypy: Encountered problems while solving.\\nProblem: nothing provides requested libprotobuf 3.15.8.*\\n', 'osx_64_python3.6.____cpythonpython_implcpython: Encountered problems while solving.\\nProblem: nothing provides requested libprotobuf 3.15.8.*\\n', 'osx_64_python3.7.____73_pypypython_implpypy: Encountered problems while solving.\\nProblem: nothing provides requested libprotobuf 3.15.8.*\\n', 'osx_64_python3.7.____cpythonpython_implcpython: Encountered problems while solving.\\nProblem: nothing provides requested libprotobuf 3.15.8.*\\n', 'osx_64_python3.8.____cpythonpython_implcpython: Encountered problems while solving.\\nProblem: nothing provides requested libprotobuf 3.15.8.*\\n', 'osx_64_python3.9.____cpythonpython_implcpython: Encountered problems while solving.\\nProblem: nothing provides requested libprotobuf 3.15.8.*\\n', 'osx_arm64_python3.8.____cpython: Encountered problems while solving.\\nProblem: nothing provides requested libprotobuf 3.15.8.*\\n', 'osx_arm64_python3.9.____cpython: Encountered problems while solving.\\nProblem: nothing provides requested libprotobuf 3.15.8.*\\n', 'win_64_python3.6.____cpython: Encountered problems while solving.\\nProblem: nothing provides requested libprotobuf 3.15.8.*\\n', 'win_64_python3.7.____cpython: Encountered problems while solving.\\nProblem: nothing provides requested libprotobuf 3.15.8.*\\n', 'win_64_python3.8.____cpython: Encountered problems while solving.\\nProblem: nothing provides requested libprotobuf 3.15.8.*\\n', 'win_64_python3.9.____cpython: Encountered problems while solving.\\nProblem: nothing provides requested libprotobuf 3.15.8.*\\n']\n\nsolver error - not solvable (<a href=\"https://github.com/regro/autotick-bot/actions/runs/731764236\">bot CI job</a>): master: ['linux_64_python3.6.____73_pypypython_implpypy: Encountered problems while solving.\\nProblem: nothing provides requested libprotobuf 3.15.8.*\\n', 'linux_64_python3.6.____cpythonpython_implcpython: Encountered problems while solving.\\nProblem: nothing provides requested libprotobuf 3.15.8.*\\n', 'linux_64_python3.7.____73_pypypython_implpypy: Encountered problems while solving.\\nProblem: nothing provides requested libprotobuf 3.15.8.*\\n', 'linux_64_python3.7.____cpythonpython_implcpython: Encountered problems while solving.\\nProblem: nothing provides requested libprotobuf 3.15.8.*\\n', 'linux_64_python3.8.____cpythonpython_implcpython: Encountered problems while solving.\\nProblem: nothing provides requested libprotobuf 3.15.8.*\\n', 'linux_64_python3.9.____cpythonpython_implcpython: Encountered problems while solving.\\nProblem: nothing provides requested libprotobuf 3.15.8.*\\n', 'linux_aarch64_python3.6.____73_pypypython_implpypy: Encountered problems while solving.\\nProblem: nothing provides requested libprotobuf 3.15.8.*\\n', 'linux_aarch64_python3.6.____cpythonpython_implcpython: Encountered problems while solving.\\nProblem: nothing provides requested libprotobuf 3.15.8.*\\n', 'linux_aarch64_python3.7.____73_pypypython_implpypy: Encountered problems while solving.\\nProblem: nothing provides requested libprotobuf 3.15.8.*\\n', 'linux_aarch64_python3.7.____cpythonpython_implcpython: Encountered problems while solving.\\nProblem: nothing provides requested libprotobuf 3.15.8.*\\n', 'linux_aarch64_python3.8.____cpythonpython_implcpython: Encountered problems while solving.\\nProblem: nothing provides requested libprotobuf 3.15.8.*\\n', 'linux_aarch64_python3.9.____cpythonpython_implcpython: Encountered problems while solving.\\nProblem: nothing provides requested libprotobuf 3.15.8.*\\n', 'linux_ppc64le_python3.6.____73_pypypython_implpypy: Encountered problems while solving.\\nProblem: nothing provides requested libprotobuf 3.15.8.*\\n', 'linux_ppc64le_python3.6.____cpythonpython_implcpython: Encountered problems while solving.\\nProblem: nothing provides requested libprotobuf 3.15.8.*\\n', 'linux_ppc64le_python3.7.____73_pypypython_implpypy: Encountered problems while solving.\\nProblem: nothing provides requested libprotobuf 3.15.8.*\\n', 'linux_ppc64le_python3.7.____cpythonpython_implcpython: Encountered problems while solving.\\nProblem: nothing provides requested libprotobuf 3.15.8.*\\n', 'linux_ppc64le_python3.8.____cpythonpython_implcpython: Encountered problems while solving.\\nProblem: nothing provides requested libprotobuf 3.15.8.*\\n', 'linux_ppc64le_python3.9.____cpythonpython_implcpython: Encountered problems while solving.\\nProblem: nothing provides requested libprotobuf 3.15.8.*\\n', 'osx_64_python3.6.____73_pypypython_implpypy: Encountered problems while solving.\\nProblem: nothing provides requested libprotobuf 3.15.8.*\\n', 'osx_64_python3.6.____cpythonpython_implcpython: Encountered problems while solving.\\nProblem: nothing provides requested libprotobuf 3.15.8.*\\n', 'osx_64_python3.7.____73_pypypython_implpypy: Encountered problems while solving.\\nProblem: nothing provides requested libprotobuf 3.15.8.*\\n', 'osx_64_python3.7.____cpythonpython_implcpython: Encountered problems while solving.\\nProblem: nothing provides requested libprotobuf 3.15.8.*\\n', 'osx_64_python3.8.____cpythonpython_implcpython: Encountered problems while solving.\\nProblem: nothing provides requested libprotobuf 3.15.8.*\\n', 'osx_64_python3.9.____cpythonpython_implcpython: Encountered problems while solving.\\nProblem: nothing provides requested libprotobuf 3.15.8.*\\n', 'osx_arm64_python3.8.____cpython: Encountered problems while solving.\\nProblem: nothing provides requested libprotobuf 3.15.8.*\\n', 'osx_arm64_python3.9.____cpython: Encountered problems while solving.\\nProblem: nothing provides requested libprotobuf 3.15.8.*\\n', 'win_64_python3.6.____cpython: Encountered problems while solving.\\nProblem: nothing provides requested libprotobuf 3.15.8.*\\n', 'win_64_python3.7.____cpython: Encountered problems while solving.\\nProblem: nothing provides requested libprotobuf 3.15.8.*\\n', 'win_64_python3.8.____cpython: Encountered problems while solving.\\nProblem: nothing provides requested libprotobuf 3.15.8.*\\n', 'win_64_python3.9.____cpython: Encountered problems while solving.\\nProblem: nothing provides requested libprotobuf 3.15.8.*\\n']\n\nsolver error - not solvable (<a href=\"https://github.com/regro/autotick-bot/actions/runs/731905316\">bot CI job</a>): master: ['linux_64_python3.6.____73_pypypython_implpypy: Encountered problems while solving.\\nProblem: nothing provides requested libprotobuf 3.15.8.*\\n', 'linux_64_python3.6.____cpythonpython_implcpython: Encountered problems while solving.\\nProblem: nothing provides requested libprotobuf 3.15.8.*\\n', 'linux_64_python3.7.____73_pypypython_implpypy: Encountered problems while solving.\\nProblem: nothing provides requested libprotobuf 3.15.8.*\\n', 'linux_64_python3.7.____cpythonpython_implcpython: Encountered problems while solving.\\nProblem: nothing provides requested libprotobuf 3.15.8.*\\n', 'linux_64_python3.8.____cpythonpython_implcpython: Encountered problems while solving.\\nProblem: nothing provides requested libprotobuf 3.15.8.*\\n', 'linux_64_python3.9.____cpythonpython_implcpython: Encountered problems while solving.\\nProblem: nothing provides requested libprotobuf 3.15.8.*\\n', 'linux_aarch64_python3.6.____73_pypypython_implpypy: Encountered problems while solving.\\nProblem: nothing provides requested libprotobuf 3.15.8.*\\n', 'linux_aarch64_python3.6.____cpythonpython_implcpython: Encountered problems while solving.\\nProblem: nothing provides requested libprotobuf 3.15.8.*\\n', 'linux_aarch64_python3.7.____73_pypypython_implpypy: Encountered problems while solving.\\nProblem: nothing provides requested libprotobuf 3.15.8.*\\n', 'linux_aarch64_python3.7.____cpythonpython_implcpython: Encountered problems while solving.\\nProblem: nothing provides requested libprotobuf 3.15.8.*\\n', 'linux_aarch64_python3.8.____cpythonpython_implcpython: Encountered problems while solving.\\nProblem: nothing provides requested libprotobuf 3.15.8.*\\n', 'linux_aarch64_python3.9.____cpythonpython_implcpython: Encountered problems while solving.\\nProblem: nothing provides requested libprotobuf 3.15.8.*\\n', 'linux_ppc64le_python3.6.____73_pypypython_implpypy: Encountered problems while solving.\\nProblem: nothing provides requested libprotobuf 3.15.8.*\\n', 'linux_ppc64le_python3.6.____cpythonpython_implcpython: Encountered problems while solving.\\nProblem: nothing provides requested libprotobuf 3.15.8.*\\n', 'linux_ppc64le_python3.7.____73_pypypython_implpypy: Encountered problems while solving.\\nProblem: nothing provides requested libprotobuf 3.15.8.*\\n', 'linux_ppc64le_python3.7.____cpythonpython_implcpython: Encountered problems while solving.\\nProblem: nothing provides requested libprotobuf 3.15.8.*\\n', 'linux_ppc64le_python3.8.____cpythonpython_implcpython: Encountered problems while solving.\\nProblem: nothing provides requested libprotobuf 3.15.8.*\\n', 'linux_ppc64le_python3.9.____cpythonpython_implcpython: Encountered problems while solving.\\nProblem: nothing provides requested libprotobuf 3.15.8.*\\n', 'osx_64_python3.6.____73_pypypython_implpypy: Encountered problems while solving.\\nProblem: nothing provides requested libprotobuf 3.15.8.*\\n', 'osx_64_python3.6.____cpythonpython_implcpython: Encountered problems while solving.\\nProblem: nothing provides requested libprotobuf 3.15.8.*\\n', 'osx_64_python3.7.____73_pypypython_implpypy: Encountered problems while solving.\\nProblem: nothing provides requested libprotobuf 3.15.8.*\\n', 'osx_64_python3.7.____cpythonpython_implcpython: Encountered problems while solving.\\nProblem: nothing provides requested libprotobuf 3.15.8.*\\n', 'osx_64_python3.8.____cpythonpython_implcpython: Encountered problems while solving.\\nProblem: nothing provides requested libprotobuf 3.15.8.*\\n', 'osx_64_python3.9.____cpythonpython_implcpython: Encountered problems while solving.\\nProblem: nothing provides requested libprotobuf 3.15.8.*\\n', 'osx_arm64_python3.8.____cpython: Encountered problems while solving.\\nProblem: nothing provides requested libprotobuf 3.15.8.*\\n', 'osx_arm64_python3.9.____cpython: Encountered problems while solving.\\nProblem: nothing provides requested libprotobuf 3.15.8.*\\n', 'win_64_python3.6.____cpython: Encountered problems while solving.\\nProblem: nothing provides requested libprotobuf 3.15.8.*\\n', 'win_64_python3.7.____cpython: Encountered problems while solving.\\nProblem: nothing provides requested libprotobuf 3.15.8.*\\n', 'win_64_python3.8.____cpython: Encountered problems while solving.\\nProblem: nothing provides requested libprotobuf 3.15.8.*\\n', 'win_64_python3.9.____cpython: Encountered problems while solving.\\nProblem: nothing provides requested libprotobuf 3.15.8.*\\n']\n\nsolver error - not solvable (<a href=\"https://github.com/regro/autotick-bot/actions/runs/732078350\">bot CI job</a>): master: ['linux_64_python3.6.____73_pypypython_implpypy: Encountered problems while solving.\\nProblem: nothing provides requested libprotobuf 3.15.8.*\\n', 'linux_64_python3.6.____cpythonpython_implcpython: Encountered problems while solving.\\nProblem: nothing provides requested libprotobuf 3.15.8.*\\n', 'linux_64_python3.7.____73_pypypython_implpypy: Encountered problems while solving.\\nProblem: nothing provides requested libprotobuf 3.15.8.*\\n', 'linux_64_python3.7.____cpythonpython_implcpython: Encountered problems while solving.\\nProblem: nothing provides requested libprotobuf 3.15.8.*\\n', 'linux_64_python3.8.____cpythonpython_implcpython: Encountered problems while solving.\\nProblem: nothing provides requested libprotobuf 3.15.8.*\\n', 'linux_64_python3.9.____cpythonpython_implcpython: Encountered problems while solving.\\nProblem: nothing provides requested libprotobuf 3.15.8.*\\n', 'linux_aarch64_python3.6.____73_pypypython_implpypy: Encountered problems while solving.\\nProblem: nothing provides requested libprotobuf 3.15.8.*\\n', 'linux_aarch64_python3.6.____cpythonpython_implcpython: Encountered problems while solving.\\nProblem: nothing provides requested libprotobuf 3.15.8.*\\n', 'linux_aarch64_python3.7.____73_pypypython_implpypy: Encountered problems while solving.\\nProblem: nothing provides requested libprotobuf 3.15.8.*\\n', 'linux_aarch64_python3.7.____cpythonpython_implcpython: Encountered problems while solving.\\nProblem: nothing provides requested libprotobuf 3.15.8.*\\n', 'linux_aarch64_python3.8.____cpythonpython_implcpython: Encountered problems while solving.\\nProblem: nothing provides requested libprotobuf 3.15.8.*\\n', 'linux_aarch64_python3.9.____cpythonpython_implcpython: Encountered problems while solving.\\nProblem: nothing provides requested libprotobuf 3.15.8.*\\n', 'linux_ppc64le_python3.6.____73_pypypython_implpypy: Encountered problems while solving.\\nProblem: nothing provides requested libprotobuf 3.15.8.*\\n', 'linux_ppc64le_python3.6.____cpythonpython_implcpython: Encountered problems while solving.\\nProblem: nothing provides requested libprotobuf 3.15.8.*\\n', 'linux_ppc64le_python3.7.____73_pypypython_implpypy: Encountered problems while solving.\\nProblem: nothing provides requested libprotobuf 3.15.8.*\\n', 'linux_ppc64le_python3.7.____cpythonpython_implcpython: Encountered problems while solving.\\nProblem: nothing provides requested libprotobuf 3.15.8.*\\n', 'linux_ppc64le_python3.8.____cpythonpython_implcpython: Encountered problems while solving.\\nProblem: nothing provides requested libprotobuf 3.15.8.*\\n', 'linux_ppc64le_python3.9.____cpythonpython_implcpython: Encountered problems while solving.\\nProblem: nothing provides requested libprotobuf 3.15.8.*\\n', 'osx_64_python3.6.____73_pypypython_implpypy: Encountered problems while solving.\\nProblem: nothing provides requested libprotobuf 3.15.8.*\\n', 'osx_64_python3.6.____cpythonpython_implcpython: Encountered problems while solving.\\nProblem: nothing provides requested libprotobuf 3.15.8.*\\n', 'osx_64_python3.7.____73_pypypython_implpypy: Encountered problems while solving.\\nProblem: nothing provides requested libprotobuf 3.15.8.*\\n', 'osx_64_python3.7.____cpythonpython_implcpython: Encountered problems while solving.\\nProblem: nothing provides requested libprotobuf 3.15.8.*\\n', 'osx_64_python3.8.____cpythonpython_implcpython: Encountered problems while solving.\\nProblem: nothing provides requested libprotobuf 3.15.8.*\\n', 'osx_64_python3.9.____cpythonpython_implcpython: Encountered problems while solving.\\nProblem: nothing provides requested libprotobuf 3.15.8.*\\n', 'osx_arm64_python3.8.____cpython: Encountered problems while solving.\\nProblem: nothing provides requested libprotobuf 3.15.8.*\\n', 'osx_arm64_python3.9.____cpython: Encountered problems while solving.\\nProblem: nothing provides requested libprotobuf 3.15.8.*\\n', 'win_64_python3.6.____cpython: Encountered problems while solving.\\nProblem: nothing provides requested libprotobuf 3.15.8.*\\n', 'win_64_python3.7.____cpython: Encountered problems while solving.\\nProblem: nothing provides requested libprotobuf 3.15.8.*\\n', 'win_64_python3.8.____cpython: Encountered problems while solving.\\nProblem: nothing provides requested libprotobuf 3.15.8.*\\n', 'win_64_python3.9.____cpython: Encountered problems while solving.\\nProblem: nothing provides requested libprotobuf 3.15.8.*\\n']\n\nsolver error - not solvable (<a href=\"https://github.com/regro/autotick-bot/actions/runs/732300023\">bot CI job</a>): master: ['linux_64_python3.6.____73_pypypython_implpypy: Encountered problems while solving.\\nProblem: nothing provides requested libprotobuf 3.15.8.*\\n', 'linux_64_python3.6.____cpythonpython_implcpython: Encountered problems while solving.\\nProblem: nothing provides requested libprotobuf 3.15.8.*\\n', 'linux_64_python3.7.____73_pypypython_implpypy: Encountered problems while solving.\\nProblem: nothing provides requested libprotobuf 3.15.8.*\\n', 'linux_64_python3.7.____cpythonpython_implcpython: Encountered problems while solving.\\nProblem: nothing provides requested libprotobuf 3.15.8.*\\n', 'linux_64_python3.8.____cpythonpython_implcpython: Encountered problems while solving.\\nProblem: nothing provides requested libprotobuf 3.15.8.*\\n', 'linux_64_python3.9.____cpythonpython_implcpython: Encountered problems while solving.\\nProblem: nothing provides requested libprotobuf 3.15.8.*\\n', 'linux_aarch64_python3.6.____73_pypypython_implpypy: Encountered problems while solving.\\nProblem: nothing provides requested libprotobuf 3.15.8.*\\n', 'linux_aarch64_python3.6.____cpythonpython_implcpython: Encountered problems while solving.\\nProblem: nothing provides requested libprotobuf 3.15.8.*\\n', 'linux_aarch64_python3.7.____73_pypypython_implpypy: Encountered problems while solving.\\nProblem: nothing provides requested libprotobuf 3.15.8.*\\n', 'linux_aarch64_python3.7.____cpythonpython_implcpython: Encountered problems while solving.\\nProblem: nothing provides requested libprotobuf 3.15.8.*\\n', 'linux_aarch64_python3.8.____cpythonpython_implcpython: Encountered problems while solving.\\nProblem: nothing provides requested libprotobuf 3.15.8.*\\n', 'linux_aarch64_python3.9.____cpythonpython_implcpython: Encountered problems while solving.\\nProblem: nothing provides requested libprotobuf 3.15.8.*\\n', 'linux_ppc64le_python3.6.____73_pypypython_implpypy: Encountered problems while solving.\\nProblem: nothing provides requested libprotobuf 3.15.8.*\\n', 'linux_ppc64le_python3.6.____cpythonpython_implcpython: Encountered problems while solving.\\nProblem: nothing provides requested libprotobuf 3.15.8.*\\n', 'linux_ppc64le_python3.7.____73_pypypython_implpypy: Encountered problems while solving.\\nProblem: nothing provides requested libprotobuf 3.15.8.*\\n', 'linux_ppc64le_python3.7.____cpythonpython_implcpython: Encountered problems while solving.\\nProblem: nothing provides requested libprotobuf 3.15.8.*\\n', 'linux_ppc64le_python3.8.____cpythonpython_implcpython: Encountered problems while solving.\\nProblem: nothing provides requested libprotobuf 3.15.8.*\\n', 'linux_ppc64le_python3.9.____cpythonpython_implcpython: Encountered problems while solving.\\nProblem: nothing provides requested libprotobuf 3.15.8.*\\n', 'osx_64_python3.6.____73_pypypython_implpypy: Encountered problems while solving.\\nProblem: nothing provides requested libprotobuf 3.15.8.*\\n', 'osx_64_python3.6.____cpythonpython_implcpython: Encountered problems while solving.\\nProblem: nothing provides requested libprotobuf 3.15.8.*\\n', 'osx_64_python3.7.____73_pypypython_implpypy: Encountered problems while solving.\\nProblem: nothing provides requested libprotobuf 3.15.8.*\\n', 'osx_64_python3.7.____cpythonpython_implcpython: Encountered problems while solving.\\nProblem: nothing provides requested libprotobuf 3.15.8.*\\n', 'osx_64_python3.8.____cpythonpython_implcpython: Encountered problems while solving.\\nProblem: nothing provides requested libprotobuf 3.15.8.*\\n', 'osx_64_python3.9.____cpythonpython_implcpython: Encountered problems while solving.\\nProblem: nothing provides requested libprotobuf 3.15.8.*\\n', 'osx_arm64_python3.8.____cpython: Encountered problems while solving.\\nProblem: nothing provides requested libprotobuf 3.15.8.*\\n', 'osx_arm64_python3.9.____cpython: Encountered problems while solving.\\nProblem: nothing provides requested libprotobuf 3.15.8.*\\n', 'win_64_python3.6.____cpython: Encountered problems while solving.\\nProblem: nothing provides requested libprotobuf 3.15.8.*\\n', 'win_64_python3.7.____cpython: Encountered problems while solving.\\nProblem: nothing provides requested libprotobuf 3.15.8.*\\n', 'win_64_python3.8.____cpython: Encountered problems while solving.\\nProblem: nothing provides requested libprotobuf 3.15.8.*\\n', 'win_64_python3.9.____cpython: Encountered problems while solving.\\nProblem: nothing provides requested libprotobuf 3.15.8.*\\n']\n\nsolver error - not solvable (<a href=\"https://github.com/regro/autotick-bot/actions/runs/732561095\">bot CI job</a>): master: ['linux_64_python3.6.____73_pypypython_implpypy: Encountered problems while solving.\\nProblem: nothing provides requested libprotobuf 3.15.8.*\\n', 'linux_64_python3.6.____cpythonpython_implcpython: Encountered problems while solving.\\nProblem: nothing provides requested libprotobuf 3.15.8.*\\n', 'linux_64_python3.7.____73_pypypython_implpypy: Encountered problems while solving.\\nProblem: nothing provides requested libprotobuf 3.15.8.*\\n', 'linux_64_python3.7.____cpythonpython_implcpython: Encountered problems while solving.\\nProblem: nothing provides requested libprotobuf 3.15.8.*\\n', 'linux_64_python3.8.____cpythonpython_implcpython: Encountered problems while solving.\\nProblem: nothing provides requested libprotobuf 3.15.8.*\\n', 'linux_64_python3.9.____cpythonpython_implcpython: Encountered problems while solving.\\nProblem: nothing provides requested libprotobuf 3.15.8.*\\n', 'linux_aarch64_python3.6.____73_pypypython_implpypy: Encountered problems while solving.\\nProblem: nothing provides requested libprotobuf 3.15.8.*\\n', 'linux_aarch64_python3.6.____cpythonpython_implcpython: Encountered problems while solving.\\nProblem: nothing provides requested libprotobuf 3.15.8.*\\n', 'linux_aarch64_python3.7.____73_pypypython_implpypy: Encountered problems while solving.\\nProblem: nothing provides requested libprotobuf 3.15.8.*\\n', 'linux_aarch64_python3.7.____cpythonpython_implcpython: Encountered problems while solving.\\nProblem: nothing provides requested libprotobuf 3.15.8.*\\n', 'linux_aarch64_python3.8.____cpythonpython_implcpython: Encountered problems while solving.\\nProblem: nothing provides requested libprotobuf 3.15.8.*\\n', 'linux_aarch64_python3.9.____cpythonpython_implcpython: Encountered problems while solving.\\nProblem: nothing provides requested libprotobuf 3.15.8.*\\n', 'linux_ppc64le_python3.6.____73_pypypython_implpypy: Encountered problems while solving.\\nProblem: nothing provides requested libprotobuf 3.15.8.*\\n', 'linux_ppc64le_python3.6.____cpythonpython_implcpython: Encountered problems while solving.\\nProblem: nothing provides requested libprotobuf 3.15.8.*\\n', 'linux_ppc64le_python3.7.____73_pypypython_implpypy: Encountered problems while solving.\\nProblem: nothing provides requested libprotobuf 3.15.8.*\\n', 'linux_ppc64le_python3.7.____cpythonpython_implcpython: Encountered problems while solving.\\nProblem: nothing provides requested libprotobuf 3.15.8.*\\n', 'linux_ppc64le_python3.8.____cpythonpython_implcpython: Encountered problems while solving.\\nProblem: nothing provides requested libprotobuf 3.15.8.*\\n', 'linux_ppc64le_python3.9.____cpythonpython_implcpython: Encountered problems while solving.\\nProblem: nothing provides requested libprotobuf 3.15.8.*\\n', 'osx_64_python3.6.____73_pypypython_implpypy: Encountered problems while solving.\\nProblem: nothing provides requested libprotobuf 3.15.8.*\\n', 'osx_64_python3.6.____cpythonpython_implcpython: Encountered problems while solving.\\nProblem: nothing provides requested libprotobuf 3.15.8.*\\n', 'osx_64_python3.7.____73_pypypython_implpypy: Encountered problems while solving.\\nProblem: nothing provides requested libprotobuf 3.15.8.*\\n', 'osx_64_python3.7.____cpythonpython_implcpython: Encountered problems while solving.\\nProblem: nothing provides requested libprotobuf 3.15.8.*\\n', 'osx_64_python3.8.____cpythonpython_implcpython: Encountered problems while solving.\\nProblem: nothing provides requested libprotobuf 3.15.8.*\\n', 'osx_64_python3.9.____cpythonpython_implcpython: Encountered problems while solving.\\nProblem: nothing provides requested libprotobuf 3.15.8.*\\n', 'osx_arm64_python3.8.____cpython: Encountered problems while solving.\\nProblem: nothing provides requested libprotobuf 3.15.8.*\\n', 'osx_arm64_python3.9.____cpython: Encountered problems while solving.\\nProblem: nothing provides requested libprotobuf 3.15.8.*\\n', 'win_64_python3.6.____cpython: Encountered problems while solving.\\nProblem: nothing provides requested libprotobuf 3.15.8.*\\n', 'win_64_python3.7.____cpython: Encountered problems while solving.\\nProblem: nothing provides requested libprotobuf 3.15.8.*\\n', 'win_64_python3.8.____cpython: Encountered problems while solving.\\nProblem: nothing provides requested libprotobuf 3.15.8.*\\n', 'win_64_python3.9.____cpython: Encountered problems while solving.\\nProblem: nothing provides requested libprotobuf 3.15.8.*\\n']\n\nsolver error - not solvable (<a href=\"https://github.com/regro/autotick-bot/actions/runs/732771848\">bot CI job</a>): master: ['linux_64_python3.6.____73_pypypython_implpypy: Encountered problems while solving.\\nProblem: nothing provides requested libprotobuf 3.15.8.*\\n', 'linux_64_python3.6.____cpythonpython_implcpython: Encountered problems while solving.\\nProblem: nothing provides requested libprotobuf 3.15.8.*\\n', 'linux_64_python3.7.____73_pypypython_implpypy: Encountered problems while solving.\\nProblem: nothing provides requested libprotobuf 3.15.8.*\\n', 'linux_64_python3.7.____cpythonpython_implcpython: Encountered problems while solving.\\nProblem: nothing provides requested libprotobuf 3.15.8.*\\n', 'linux_64_python3.8.____cpythonpython_implcpython: Encountered problems while solving.\\nProblem: nothing provides requested libprotobuf 3.15.8.*\\n', 'linux_64_python3.9.____cpythonpython_implcpython: Encountered problems while solving.\\nProblem: nothing provides requested libprotobuf 3.15.8.*\\n', 'linux_aarch64_python3.6.____73_pypypython_implpypy: Encountered problems while solving.\\nProblem: nothing provides requested libprotobuf 3.15.8.*\\n', 'linux_aarch64_python3.6.____cpythonpython_implcpython: Encountered problems while solving.\\nProblem: nothing provides requested libprotobuf 3.15.8.*\\n', 'linux_aarch64_python3.7.____73_pypypython_implpypy: Encountered problems while solving.\\nProblem: nothing provides requested libprotobuf 3.15.8.*\\n', 'linux_aarch64_python3.7.____cpythonpython_implcpython: Encountered problems while solving.\\nProblem: nothing provides requested libprotobuf 3.15.8.*\\n', 'linux_aarch64_python3.8.____cpythonpython_implcpython: Encountered problems while solving.\\nProblem: nothing provides requested libprotobuf 3.15.8.*\\n', 'linux_aarch64_python3.9.____cpythonpython_implcpython: Encountered problems while solving.\\nProblem: nothing provides requested libprotobuf 3.15.8.*\\n', 'linux_ppc64le_python3.6.____73_pypypython_implpypy: Encountered problems while solving.\\nProblem: nothing provides requested libprotobuf 3.15.8.*\\n', 'linux_ppc64le_python3.6.____cpythonpython_implcpython: Encountered problems while solving.\\nProblem: nothing provides requested libprotobuf 3.15.8.*\\n', 'linux_ppc64le_python3.7.____73_pypypython_implpypy: Encountered problems while solving.\\nProblem: nothing provides requested libprotobuf 3.15.8.*\\n', 'linux_ppc64le_python3.7.____cpythonpython_implcpython: Encountered problems while solving.\\nProblem: nothing provides requested libprotobuf 3.15.8.*\\n', 'linux_ppc64le_python3.8.____cpythonpython_implcpython: Encountered problems while solving.\\nProblem: nothing provides requested libprotobuf 3.15.8.*\\n', 'linux_ppc64le_python3.9.____cpythonpython_implcpython: Encountered problems while solving.\\nProblem: nothing provides requested libprotobuf 3.15.8.*\\n', 'osx_64_python3.6.____73_pypypython_implpypy: Encountered problems while solving.\\nProblem: nothing provides requested libprotobuf 3.15.8.*\\n', 'osx_64_python3.6.____cpythonpython_implcpython: Encountered problems while solving.\\nProblem: nothing provides requested libprotobuf 3.15.8.*\\n', 'osx_64_python3.7.____73_pypypython_implpypy: Encountered problems while solving.\\nProblem: nothing provides requested libprotobuf 3.15.8.*\\n', 'osx_64_python3.7.____cpythonpython_implcpython: Encountered problems while solving.\\nProblem: nothing provides requested libprotobuf 3.15.8.*\\n', 'osx_64_python3.8.____cpythonpython_implcpython: Encountered problems while solving.\\nProblem: nothing provides requested libprotobuf 3.15.8.*\\n', 'osx_64_python3.9.____cpythonpython_implcpython: Encountered problems while solving.\\nProblem: nothing provides requested libprotobuf 3.15.8.*\\n', 'osx_arm64_python3.8.____cpython: Encountered problems while solving.\\nProblem: nothing provides requested libprotobuf 3.15.8.*\\n', 'osx_arm64_python3.9.____cpython: Encountered problems while solving.\\nProblem: nothing provides requested libprotobuf 3.15.8.*\\n', 'win_64_python3.6.____cpython: Encountered problems while solving.\\nProblem: nothing provides requested libprotobuf 3.15.8.*\\n', 'win_64_python3.7.____cpython: Encountered problems while solving.\\nProblem: nothing provides requested libprotobuf 3.15.8.*\\n', 'win_64_python3.8.____cpython: Encountered problems while solving.\\nProblem: nothing provides requested libprotobuf 3.15.8.*\\n', 'win_64_python3.9.____cpython: Encountered problems while solving.\\nProblem: nothing provides requested libprotobuf 3.15.8.*\\n']\n\nsolver error - not solvable (<a href=\"https://github.com/regro/autotick-bot/actions/runs/732952905\">bot CI job</a>): master: ['linux_64_python3.6.____73_pypypython_implpypy: Encountered problems while solving.\\nProblem: nothing provides requested libprotobuf 3.15.8.*\\n', 'linux_64_python3.6.____cpythonpython_implcpython: Encountered problems while solving.\\nProblem: nothing provides requested libprotobuf 3.15.8.*\\n', 'linux_64_python3.7.____73_pypypython_implpypy: Encountered problems while solving.\\nProblem: nothing provides requested libprotobuf 3.15.8.*\\n', 'linux_64_python3.7.____cpythonpython_implcpython: Encountered problems while solving.\\nProblem: nothing provides requested libprotobuf 3.15.8.*\\n', 'linux_64_python3.8.____cpythonpython_implcpython: Encountered problems while solving.\\nProblem: nothing provides requested libprotobuf 3.15.8.*\\n', 'linux_64_python3.9.____cpythonpython_implcpython: Encountered problems while solving.\\nProblem: nothing provides requested libprotobuf 3.15.8.*\\n', 'linux_aarch64_python3.6.____73_pypypython_implpypy: Encountered problems while solving.\\nProblem: nothing provides requested libprotobuf 3.15.8.*\\n', 'linux_aarch64_python3.6.____cpythonpython_implcpython: Encountered problems while solving.\\nProblem: nothing provides requested libprotobuf 3.15.8.*\\n', 'linux_aarch64_python3.7.____73_pypypython_implpypy: Encountered problems while solving.\\nProblem: nothing provides requested libprotobuf 3.15.8.*\\n', 'linux_aarch64_python3.7.____cpythonpython_implcpython: Encountered problems while solving.\\nProblem: nothing provides requested libprotobuf 3.15.8.*\\n', 'linux_aarch64_python3.8.____cpythonpython_implcpython: Encountered problems while solving.\\nProblem: nothing provides requested libprotobuf 3.15.8.*\\n', 'linux_aarch64_python3.9.____cpythonpython_implcpython: Encountered problems while solving.\\nProblem: nothing provides requested libprotobuf 3.15.8.*\\n', 'linux_ppc64le_python3.6.____73_pypypython_implpypy: Encountered problems while solving.\\nProblem: nothing provides requested libprotobuf 3.15.8.*\\n', 'linux_ppc64le_python3.6.____cpythonpython_implcpython: Encountered problems while solving.\\nProblem: nothing provides requested libprotobuf 3.15.8.*\\n', 'linux_ppc64le_python3.7.____73_pypypython_implpypy: Encountered problems while solving.\\nProblem: nothing provides requested libprotobuf 3.15.8.*\\n', 'linux_ppc64le_python3.7.____cpythonpython_implcpython: Encountered problems while solving.\\nProblem: nothing provides requested libprotobuf 3.15.8.*\\n', 'linux_ppc64le_python3.8.____cpythonpython_implcpython: Encountered problems while solving.\\nProblem: nothing provides requested libprotobuf 3.15.8.*\\n', 'linux_ppc64le_python3.9.____cpythonpython_implcpython: Encountered problems while solving.\\nProblem: nothing provides requested libprotobuf 3.15.8.*\\n', 'osx_64_python3.6.____73_pypypython_implpypy: Encountered problems while solving.\\nProblem: nothing provides requested libprotobuf 3.15.8.*\\n', 'osx_64_python3.6.____cpythonpython_implcpython: Encountered problems while solving.\\nProblem: nothing provides requested libprotobuf 3.15.8.*\\n', 'osx_64_python3.7.____73_pypypython_implpypy: Encountered problems while solving.\\nProblem: nothing provides requested libprotobuf 3.15.8.*\\n', 'osx_64_python3.7.____cpythonpython_implcpython: Encountered problems while solving.\\nProblem: nothing provides requested libprotobuf 3.15.8.*\\n', 'osx_64_python3.8.____cpythonpython_implcpython: Encountered problems while solving.\\nProblem: nothing provides requested libprotobuf 3.15.8.*\\n', 'osx_64_python3.9.____cpythonpython_implcpython: Encountered problems while solving.\\nProblem: nothing provides requested libprotobuf 3.15.8.*\\n', 'osx_arm64_python3.8.____cpython: Encountered problems while solving.\\nProblem: nothing provides requested libprotobuf 3.15.8.*\\n', 'osx_arm64_python3.9.____cpython: Encountered problems while solving.\\nProblem: nothing provides requested libprotobuf 3.15.8.*\\n', 'win_64_python3.6.____cpython: Encountered problems while solving.\\nProblem: nothing provides requested libprotobuf 3.15.8.*\\n', 'win_64_python3.7.____cpython: Encountered problems while solving.\\nProblem: nothing provides requested libprotobuf 3.15.8.*\\n', 'win_64_python3.8.____cpython: Encountered problems while solving.\\nProblem: nothing provides requested libprotobuf 3.15.8.*\\n', 'win_64_python3.9.____cpython: Encountered problems while solving.\\nProblem: nothing provides requested libprotobuf 3.15.8.*\\n']\n\nsolver error - not solvable (<a href=\"https://github.com/regro/autotick-bot/actions/runs/733209766\">bot CI job</a>): master: ['linux_64_python3.6.____73_pypypython_implpypy: Encountered problems while solving.\\nProblem: nothing provides requested libprotobuf 3.15.8.*\\n', 'linux_64_python3.6.____cpythonpython_implcpython: Encountered problems while solving.\\nProblem: nothing provides requested libprotobuf 3.15.8.*\\n', 'linux_64_python3.7.____73_pypypython_implpypy: Encountered problems while solving.\\nProblem: nothing provides requested libprotobuf 3.15.8.*\\n', 'linux_64_python3.7.____cpythonpython_implcpython: Encountered problems while solving.\\nProblem: nothing provides requested libprotobuf 3.15.8.*\\n', 'linux_64_python3.8.____cpythonpython_implcpython: Encountered problems while solving.\\nProblem: nothing provides requested libprotobuf 3.15.8.*\\n', 'linux_64_python3.9.____cpythonpython_implcpython: Encountered problems while solving.\\nProblem: nothing provides requested libprotobuf 3.15.8.*\\n', 'linux_aarch64_python3.6.____73_pypypython_implpypy: Encountered problems while solving.\\nProblem: nothing provides requested libprotobuf 3.15.8.*\\n', 'linux_aarch64_python3.6.____cpythonpython_implcpython: Encountered problems while solving.\\nProblem: nothing provides requested libprotobuf 3.15.8.*\\n', 'linux_aarch64_python3.7.____73_pypypython_implpypy: Encountered problems while solving.\\nProblem: nothing provides requested libprotobuf 3.15.8.*\\n', 'linux_aarch64_python3.7.____cpythonpython_implcpython: Encountered problems while solving.\\nProblem: nothing provides requested libprotobuf 3.15.8.*\\n', 'linux_aarch64_python3.8.____cpythonpython_implcpython: Encountered problems while solving.\\nProblem: nothing provides requested libprotobuf 3.15.8.*\\n', 'linux_aarch64_python3.9.____cpythonpython_implcpython: Encountered problems while solving.\\nProblem: nothing provides requested libprotobuf 3.15.8.*\\n', 'linux_ppc64le_python3.6.____73_pypypython_implpypy: Encountered problems while solving.\\nProblem: nothing provides requested libprotobuf 3.15.8.*\\n', 'linux_ppc64le_python3.6.____cpythonpython_implcpython: Encountered problems while solving.\\nProblem: nothing provides requested libprotobuf 3.15.8.*\\n', 'linux_ppc64le_python3.7.____73_pypypython_implpypy: Encountered problems while solving.\\nProblem: nothing provides requested libprotobuf 3.15.8.*\\n', 'linux_ppc64le_python3.7.____cpythonpython_implcpython: Encountered problems while solving.\\nProblem: nothing provides requested libprotobuf 3.15.8.*\\n', 'linux_ppc64le_python3.8.____cpythonpython_implcpython: Encountered problems while solving.\\nProblem: nothing provides requested libprotobuf 3.15.8.*\\n', 'linux_ppc64le_python3.9.____cpythonpython_implcpython: Encountered problems while solving.\\nProblem: nothing provides requested libprotobuf 3.15.8.*\\n', 'osx_64_python3.6.____73_pypypython_implpypy: Encountered problems while solving.\\nProblem: nothing provides requested libprotobuf 3.15.8.*\\n', 'osx_64_python3.6.____cpythonpython_implcpython: Encountered problems while solving.\\nProblem: nothing provides requested libprotobuf 3.15.8.*\\n', 'osx_64_python3.7.____73_pypypython_implpypy: Encountered problems while solving.\\nProblem: nothing provides requested libprotobuf 3.15.8.*\\n', 'osx_64_python3.7.____cpythonpython_implcpython: Encountered problems while solving.\\nProblem: nothing provides requested libprotobuf 3.15.8.*\\n', 'osx_64_python3.8.____cpythonpython_implcpython: Encountered problems while solving.\\nProblem: nothing provides requested libprotobuf 3.15.8.*\\n', 'osx_64_python3.9.____cpythonpython_implcpython: Encountered problems while solving.\\nProblem: nothing provides requested libprotobuf 3.15.8.*\\n', 'osx_arm64_python3.8.____cpython: Encountered problems while solving.\\nProblem: nothing provides requested libprotobuf 3.15.8.*\\n', 'osx_arm64_python3.9.____cpython: Encountered problems while solving.\\nProblem: nothing provides requested libprotobuf 3.15.8.*\\n', 'win_64_python3.6.____cpython: Encountered problems while solving.\\nProblem: nothing provides requested libprotobuf 3.15.8.*\\n', 'win_64_python3.7.____cpython: Encountered problems while solving.\\nProblem: nothing provides requested libprotobuf 3.15.8.*\\n', 'win_64_python3.8.____cpython: Encountered problems while solving.\\nProblem: nothing provides requested libprotobuf 3.15.8.*\\n', 'win_64_python3.9.____cpython: Encountered problems while solving.\\nProblem: nothing provides requested libprotobuf 3.15.8.*\\n']\n\nsolver error - not solvable (<a href=\"https://github.com/regro/autotick-bot/actions/runs/733456767\">bot CI job</a>): master: ['linux_64_python3.6.____73_pypypython_implpypy: Encountered problems while solving.\\nProblem: nothing provides requested libprotobuf 3.15.8.*\\n', 'linux_64_python3.6.____cpythonpython_implcpython: Encountered problems while solving.\\nProblem: nothing provides requested libprotobuf 3.15.8.*\\n', 'linux_64_python3.7.____73_pypypython_implpypy: Encountered problems while solving.\\nProblem: nothing provides requested libprotobuf 3.15.8.*\\n', 'linux_64_python3.7.____cpythonpython_implcpython: Encountered problems while solving.\\nProblem: nothing provides requested libprotobuf 3.15.8.*\\n', 'linux_64_python3.8.____cpythonpython_implcpython: Encountered problems while solving.\\nProblem: nothing provides requested libprotobuf 3.15.8.*\\n', 'linux_64_python3.9.____cpythonpython_implcpython: Encountered problems while solving.\\nProblem: nothing provides requested libprotobuf 3.15.8.*\\n', 'linux_aarch64_python3.6.____73_pypypython_implpypy: Encountered problems while solving.\\nProblem: nothing provides requested libprotobuf 3.15.8.*\\n', 'linux_aarch64_python3.6.____cpythonpython_implcpython: Encountered problems while solving.\\nProblem: nothing provides requested libprotobuf 3.15.8.*\\n', 'linux_aarch64_python3.7.____73_pypypython_implpypy: Encountered problems while solving.\\nProblem: nothing provides requested libprotobuf 3.15.8.*\\n', 'linux_aarch64_python3.7.____cpythonpython_implcpython: Encountered problems while solving.\\nProblem: nothing provides requested libprotobuf 3.15.8.*\\n', 'linux_aarch64_python3.8.____cpythonpython_implcpython: Encountered problems while solving.\\nProblem: nothing provides requested libprotobuf 3.15.8.*\\n', 'linux_aarch64_python3.9.____cpythonpython_implcpython: Encountered problems while solving.\\nProblem: nothing provides requested libprotobuf 3.15.8.*\\n', 'linux_ppc64le_python3.6.____73_pypypython_implpypy: Encountered problems while solving.\\nProblem: nothing provides requested libprotobuf 3.15.8.*\\n', 'linux_ppc64le_python3.6.____cpythonpython_implcpython: Encountered problems while solving.\\nProblem: nothing provides requested libprotobuf 3.15.8.*\\n', 'linux_ppc64le_python3.7.____73_pypypython_implpypy: Encountered problems while solving.\\nProblem: nothing provides requested libprotobuf 3.15.8.*\\n', 'linux_ppc64le_python3.7.____cpythonpython_implcpython: Encountered problems while solving.\\nProblem: nothing provides requested libprotobuf 3.15.8.*\\n', 'linux_ppc64le_python3.8.____cpythonpython_implcpython: Encountered problems while solving.\\nProblem: nothing provides requested libprotobuf 3.15.8.*\\n', 'linux_ppc64le_python3.9.____cpythonpython_implcpython: Encountered problems while solving.\\nProblem: nothing provides requested libprotobuf 3.15.8.*\\n', 'osx_64_python3.6.____73_pypypython_implpypy: Encountered problems while solving.\\nProblem: nothing provides requested libprotobuf 3.15.8.*\\n', 'osx_64_python3.6.____cpythonpython_implcpython: Encountered problems while solving.\\nProblem: nothing provides requested libprotobuf 3.15.8.*\\n', 'osx_64_python3.7.____73_pypypython_implpypy: Encountered problems while solving.\\nProblem: nothing provides requested libprotobuf 3.15.8.*\\n', 'osx_64_python3.7.____cpythonpython_implcpython: Encountered problems while solving.\\nProblem: nothing provides requested libprotobuf 3.15.8.*\\n', 'osx_64_python3.8.____cpythonpython_implcpython: Encountered problems while solving.\\nProblem: nothing provides requested libprotobuf 3.15.8.*\\n', 'osx_64_python3.9.____cpythonpython_implcpython: Encountered problems while solving.\\nProblem: nothing provides requested libprotobuf 3.15.8.*\\n', 'osx_arm64_python3.8.____cpython: Encountered problems while solving.\\nProblem: nothing provides requested libprotobuf 3.15.8.*\\n', 'osx_arm64_python3.9.____cpython: Encountered problems while solving.\\nProblem: nothing provides requested libprotobuf 3.15.8.*\\n', 'win_64_python3.6.____cpython: Encountered problems while solving.\\nProblem: nothing provides requested libprotobuf 3.15.8.*\\n', 'win_64_python3.7.____cpython: Encountered problems while solving.\\nProblem: nothing provides requested libprotobuf 3.15.8.*\\n', 'win_64_python3.8.____cpython: Encountered problems while solving.\\nProblem: nothing provides requested libprotobuf 3.15.8.*\\n', 'win_64_python3.9.____cpython: Encountered problems while solving.\\nProblem: nothing provides requested libprotobuf 3.15.8.*\\n']\n\nsolver error - not solvable (<a href=\"https://github.com/regro/autotick-bot/actions/runs/734837090\">bot CI job</a>): master: ['linux_64_python3.6.____73_pypypython_implpypy: Encountered problems while solving.\\nProblem: nothing provides requested libprotobuf 3.15.8.*\\n', 'linux_64_python3.6.____cpythonpython_implcpython: Encountered problems while solving.\\nProblem: nothing provides requested libprotobuf 3.15.8.*\\n', 'linux_64_python3.7.____73_pypypython_implpypy: Encountered problems while solving.\\nProblem: nothing provides requested libprotobuf 3.15.8.*\\n', 'linux_64_python3.7.____cpythonpython_implcpython: Encountered problems while solving.\\nProblem: nothing provides requested libprotobuf 3.15.8.*\\n', 'linux_64_python3.8.____cpythonpython_implcpython: Encountered problems while solving.\\nProblem: nothing provides requested libprotobuf 3.15.8.*\\n', 'linux_64_python3.9.____cpythonpython_implcpython: Encountered problems while solving.\\nProblem: nothing provides requested libprotobuf 3.15.8.*\\n', 'linux_aarch64_python3.6.____73_pypypython_implpypy: Encountered problems while solving.\\nProblem: nothing provides requested libprotobuf 3.15.8.*\\n', 'linux_aarch64_python3.6.____cpythonpython_implcpython: Encountered problems while solving.\\nProblem: nothing provides requested libprotobuf 3.15.8.*\\n', 'linux_aarch64_python3.7.____73_pypypython_implpypy: Encountered problems while solving.\\nProblem: nothing provides requested libprotobuf 3.15.8.*\\n', 'linux_aarch64_python3.7.____cpythonpython_implcpython: Encountered problems while solving.\\nProblem: nothing provides requested libprotobuf 3.15.8.*\\n', 'linux_aarch64_python3.8.____cpythonpython_implcpython: Encountered problems while solving.\\nProblem: nothing provides requested libprotobuf 3.15.8.*\\n', 'linux_aarch64_python3.9.____cpythonpython_implcpython: Encountered problems while solving.\\nProblem: nothing provides requested libprotobuf 3.15.8.*\\n', 'linux_ppc64le_python3.6.____73_pypypython_implpypy: Encountered problems while solving.\\nProblem: nothing provides requested libprotobuf 3.15.8.*\\n', 'linux_ppc64le_python3.6.____cpythonpython_implcpython: Encountered problems while solving.\\nProblem: nothing provides requested libprotobuf 3.15.8.*\\n', 'linux_ppc64le_python3.7.____73_pypypython_implpypy: Encountered problems while solving.\\nProblem: nothing provides requested libprotobuf 3.15.8.*\\n', 'linux_ppc64le_python3.7.____cpythonpython_implcpython: Encountered problems while solving.\\nProblem: nothing provides requested libprotobuf 3.15.8.*\\n', 'linux_ppc64le_python3.8.____cpythonpython_implcpython: Encountered problems while solving.\\nProblem: nothing provides requested libprotobuf 3.15.8.*\\n', 'linux_ppc64le_python3.9.____cpythonpython_implcpython: Encountered problems while solving.\\nProblem: nothing provides requested libprotobuf 3.15.8.*\\n', 'osx_64_python3.6.____73_pypypython_implpypy: Encountered problems while solving.\\nProblem: nothing provides requested libprotobuf 3.15.8.*\\n', 'osx_64_python3.6.____cpythonpython_implcpython: Encountered problems while solving.\\nProblem: nothing provides requested libprotobuf 3.15.8.*\\n', 'osx_64_python3.7.____73_pypypython_implpypy: Encountered problems while solving.\\nProblem: nothing provides requested libprotobuf 3.15.8.*\\n', 'osx_64_python3.7.____cpythonpython_implcpython: Encountered problems while solving.\\nProblem: nothing provides requested libprotobuf 3.15.8.*\\n', 'osx_64_python3.8.____cpythonpython_implcpython: Encountered problems while solving.\\nProblem: nothing provides requested libprotobuf 3.15.8.*\\n', 'osx_64_python3.9.____cpythonpython_implcpython: Encountered problems while solving.\\nProblem: nothing provides requested libprotobuf 3.15.8.*\\n', 'osx_arm64_python3.8.____cpython: Encountered problems while solving.\\nProblem: nothing provides requested libprotobuf 3.15.8.*\\n', 'osx_arm64_python3.9.____cpython: Encountered problems while solving.\\nProblem: nothing provides requested libprotobuf 3.15.8.*\\n', 'win_64_python3.6.____cpython: Encountered problems while solving.\\nProblem: nothing provides requested libprotobuf 3.15.8.*\\n', 'win_64_python3.7.____cpython: Encountered problems while solving.\\nProblem: nothing provides requested libprotobuf 3.15.8.*\\n', 'win_64_python3.8.____cpython: Encountered problems while solving.\\nProblem: nothing provides requested libprotobuf 3.15.8.*\\n', 'win_64_python3.9.____cpython: Encountered problems while solving.\\nProblem: nothing provides requested libprotobuf 3.15.8.*\\n']",
    "pudb": "We found a problem parsing the recipe for version '2020.1': \n\nDuplicateKeyError('while constructing a mapping', <ruamel.yaml.error.StringMark object at 0x7fb6a8cace40>, 'found duplicate key \"commands\" with value \"[\\'cd test && python -m pytest\\']\" (original value: \"[\\'pudb --help\\']\")', <ruamel.yaml.error.StringMark object at 0x7fb74ffafc10>, '\\n                    To suppress this check see:\\n                        http://yaml.readthedocs.io/en/latest/api.html#duplicate-keys\\n                    ', '                    Duplicate keys will become an error in future releases, and are errors\\n                    by default when using the new API.\\n                    ')\n\ntraceback:\n  File \"/home/runner/work/autotick-bot/autotick-bot/cf-scripts/conda_forge_tick/migrators/version.py\", line 472, in migrate\n    cmeta = CondaMetaYAML(fp.read())\n  File \"/home/runner/work/autotick-bot/autotick-bot/cf-scripts/conda_forge_tick/recipe_parser/_parser.py\", line 455, in __init__\n    self.meta = self._parser.load(\"\".join(lines))\n  File \"/usr/share/miniconda/envs/run_env/lib/python3.9/site-packages/ruamel/yaml/main.py\", line 343, in load\n    return constructor.get_single_data()\n  File \"/usr/share/miniconda/envs/run_env/lib/python3.9/site-packages/ruamel/yaml/constructor.py\", line 113, in get_single_data\n    return self.construct_document(node)\n  File \"/usr/share/miniconda/envs/run_env/lib/python3.9/site-packages/ruamel/yaml/constructor.py\", line 123, in construct_document\n    for _dummy in generator:\n  File \"/usr/share/miniconda/envs/run_env/lib/python3.9/site-packages/ruamel/yaml/constructor.py\", line 1563, in construct_yaml_map\n    self.construct_mapping(node, data, deep=True)\n  File \"/usr/share/miniconda/envs/run_env/lib/python3.9/site-packages/ruamel/yaml/constructor.py\", line 1469, in construct_mapping\n    value = self.construct_object(value_node, deep=deep)\n  File \"/usr/share/miniconda/envs/run_env/lib/python3.9/site-packages/ruamel/yaml/constructor.py\", line 146, in construct_object\n    data = self.construct_non_recursive_object(node)\n  File \"/usr/share/miniconda/envs/run_env/lib/python3.9/site-packages/ruamel/yaml/constructor.py\", line 188, in construct_non_recursive_object\n    for _dummy in generator:\n  File \"/usr/share/miniconda/envs/run_env/lib/python3.9/site-packages/ruamel/yaml/constructor.py\", line 1563, in construct_yaml_map\n    self.construct_mapping(node, data, deep=True)\n  File \"/usr/share/miniconda/envs/run_env/lib/python3.9/site-packages/ruamel/yaml/constructor.py\", line 1470, in construct_mapping\n    if self.check_mapping_key(node, key_node, maptyp, key, value):\n  File \"/usr/share/miniconda/envs/run_env/lib/python3.9/site-packages/ruamel/yaml/constructor.py\", line 295, in check_mapping_key\n    raise DuplicateKeyError(*args)\n",
    "purpose": "not solvable (<a href=\"https://github.com/regro/autotick-bot/actions/runs/735781287\">bot CI job</a>): master: ['linux_64_: Encountered problems while solving.\\nProblem: nothing provides requested extra-cmake-modules >=5.81\\n', 'linux_64_: Encountered problems while solving.\\nProblem: nothing provides requested kirigami2 >=5.81\\nProblem: nothing provides requested ki18n >=5.81\\nProblem: nothing provides requested kconfig >=5.81\\nProblem: nothing provides requested kio >=5.81\\nProblem: nothing provides requested knotifications >=5.81\\nProblem: nothing provides requested kcoreaddons >=5.81\\n']\n\nsolver error - not solvable (<a href=\"https://github.com/regro/autotick-bot/actions/runs/735945050\">bot CI job</a>): master: ['linux_64_: Encountered problems while solving.\\nProblem: nothing provides requested ki18n >=5.81\\nProblem: nothing provides requested kcoreaddons >=5.81\\nProblem: nothing provides requested knotifications >=5.81\\nProblem: nothing provides requested kio >=5.81\\nProblem: nothing provides requested kconfig >=5.81\\nProblem: nothing provides requested kirigami2 >=5.81\\n']\n\nsolver error - not solvable (<a href=\"https://github.com/regro/autotick-bot/actions/runs/737038659\">bot CI job</a>): master: ['linux_64_: Encountered problems while solving.\\nProblem: nothing provides requested kirigami2 >=5.81\\nProblem: nothing provides requested kconfig >=5.81\\nProblem: nothing provides requested knotifications >=5.81\\nProblem: nothing provides requested ki18n >=5.81\\nProblem: nothing provides requested kio >=5.81\\nProblem: nothing provides requested kcoreaddons >=5.81\\n']\n\nsolver error - not solvable (<a href=\"https://github.com/regro/autotick-bot/actions/runs/737153436\">bot CI job</a>): master: ['linux_64_: Encountered problems while solving.\\nProblem: nothing provides requested kirigami2 >=5.81\\nProblem: nothing provides requested knotifications >=5.81\\nProblem: nothing provides requested kconfig >=5.81\\nProblem: nothing provides requested kcoreaddons >=5.81\\nProblem: nothing provides requested ki18n >=5.81\\nProblem: nothing provides requested kio >=5.81\\n']",
    "py-applescript": "The recipe did not change in the version migration, a URL did not hash, or there is jinja2 syntax the bot cannot handle!\n\nPlease check the URLs in your recipe with version '1.0.2' to make sure they exist!\n\nWe also found the following errors:\n\n - could not hash URL template 'https://pypi.io/packages/source/{{ name[0] }}/{{ name }}/{{ name }}-{{ version }}.tar.gz'\n",
    "py3dmol": "The recipe did not change in the version migration, a URL did not hash, or there is jinja2 syntax the bot cannot handle!\n\nPlease check the URLs in your recipe with version '0.9.1' to make sure they exist!\n\nWe also found the following errors:\n\n - could not hash URL template 'https://pypi.io/packages/source/{{ name[0] }}/{{ name }}/{{ name }}-{{ version }}.tar.gz'\n",
    "pybamm": "The recipe did not change in the version migration, a URL did not hash, or there is jinja2 syntax the bot cannot handle!\n\nPlease check the URLs in your recipe with version '0.4.0' to make sure they exist!\n\nWe also found the following errors:\n\n - could not hash URL template 'https://pypi.io/packages/source/{{ name[0] }}/{{ name }}/{{ name }}-{{ version }}.tar.gz'\n",
    "pyct": "The recipe did not change in the version migration, a URL did not hash, or there is jinja2 syntax the bot cannot handle!\n\nPlease check the URLs in your recipe with version '0.4.8' to make sure they exist!\n\nWe also found the following errors:\n\n - no source sections found in the recipe\n",
    "pyprocar": "The recipe did not change in the version migration, a URL did not hash, or there is jinja2 syntax the bot cannot handle!\n\nPlease check the URLs in your recipe with version '5.6.3' to make sure they exist!\n\nWe also found the following errors:\n\n - could not hash URL template 'https://pypi.io/packages/source/{{ name[0] }}/{{ name }}/{{ name }}-{{ version }}.tar.gz'\n",
    "python": "We found a problem parsing the recipe for version '3.9.4': \n\nDuplicateKeyError('while constructing a mapping', <ruamel.yaml.error.StringMark object at 0x7f065c38beb0>, 'found duplicate key \"string\" with value \"h<{ PKG_HASH }}_<{ PKG_BUILDNUM }}<{ linkage_nature }}<{ debug }}\" (original value: \"<{ dev_ }}h<{ PKG_HASH }}_<{ PKG_BUILDNUM }}<{ linkage_nature }}<{ debug }}_cpython\")', <ruamel.yaml.error.StringMark object at 0x7f065c192190>, '\\n                    To suppress this check see:\\n                        http://yaml.readthedocs.io/en/latest/api.html#duplicate-keys\\n                    ', '                    Duplicate keys will become an error in future releases, and are errors\\n                    by default when using the new API.\\n                    ')\n\ntraceback:\n  File \"/home/runner/work/autotick-bot/autotick-bot/cf-scripts/conda_forge_tick/migrators/version.py\", line 472, in migrate\n    cmeta = CondaMetaYAML(fp.read())\n  File \"/home/runner/work/autotick-bot/autotick-bot/cf-scripts/conda_forge_tick/recipe_parser/_parser.py\", line 455, in __init__\n    self.meta = self._parser.load(\"\".join(lines))\n  File \"/usr/share/miniconda/envs/run_env/lib/python3.9/site-packages/ruamel/yaml/main.py\", line 343, in load\n    return constructor.get_single_data()\n  File \"/usr/share/miniconda/envs/run_env/lib/python3.9/site-packages/ruamel/yaml/constructor.py\", line 113, in get_single_data\n    return self.construct_document(node)\n  File \"/usr/share/miniconda/envs/run_env/lib/python3.9/site-packages/ruamel/yaml/constructor.py\", line 123, in construct_document\n    for _dummy in generator:\n  File \"/usr/share/miniconda/envs/run_env/lib/python3.9/site-packages/ruamel/yaml/constructor.py\", line 1563, in construct_yaml_map\n    self.construct_mapping(node, data, deep=True)\n  File \"/usr/share/miniconda/envs/run_env/lib/python3.9/site-packages/ruamel/yaml/constructor.py\", line 1469, in construct_mapping\n    value = self.construct_object(value_node, deep=deep)\n  File \"/usr/share/miniconda/envs/run_env/lib/python3.9/site-packages/ruamel/yaml/constructor.py\", line 146, in construct_object\n    data = self.construct_non_recursive_object(node)\n  File \"/usr/share/miniconda/envs/run_env/lib/python3.9/site-packages/ruamel/yaml/constructor.py\", line 188, in construct_non_recursive_object\n    for _dummy in generator:\n  File \"/usr/share/miniconda/envs/run_env/lib/python3.9/site-packages/ruamel/yaml/constructor.py\", line 1555, in construct_yaml_seq\n    data.extend(self.construct_rt_sequence(node, data))\n  File \"/usr/share/miniconda/envs/run_env/lib/python3.9/site-packages/ruamel/yaml/constructor.py\", line 1317, in construct_rt_sequence\n    ret_val.append(self.construct_object(child, deep=deep))\n  File \"/usr/share/miniconda/envs/run_env/lib/python3.9/site-packages/ruamel/yaml/constructor.py\", line 146, in construct_object\n    data = self.construct_non_recursive_object(node)\n  File \"/usr/share/miniconda/envs/run_env/lib/python3.9/site-packages/ruamel/yaml/constructor.py\", line 188, in construct_non_recursive_object\n    for _dummy in generator:\n  File \"/usr/share/miniconda/envs/run_env/lib/python3.9/site-packages/ruamel/yaml/constructor.py\", line 1563, in construct_yaml_map\n    self.construct_mapping(node, data, deep=True)\n  File \"/usr/share/miniconda/envs/run_env/lib/python3.9/site-packages/ruamel/yaml/constructor.py\", line 1469, in construct_mapping\n    value = self.construct_object(value_node, deep=deep)\n  File \"/usr/share/miniconda/envs/run_env/lib/python3.9/site-packages/ruamel/yaml/constructor.py\", line 146, in construct_object\n    data = self.construct_non_recursive_object(node)\n  File \"/usr/share/miniconda/envs/run_env/lib/python3.9/site-packages/ruamel/yaml/constructor.py\", line 188, in construct_non_recursive_object\n    for _dummy in generator:\n  File \"/usr/share/miniconda/envs/run_env/lib/python3.9/site-packages/ruamel/yaml/constructor.py\", line 1563, in construct_yaml_map\n    self.construct_mapping(node, data, deep=True)\n  File \"/usr/share/miniconda/envs/run_env/lib/python3.9/site-packages/ruamel/yaml/constructor.py\", line 1470, in construct_mapping\n    if self.check_mapping_key(node, key_node, maptyp, key, value):\n  File \"/usr/share/miniconda/envs/run_env/lib/python3.9/site-packages/ruamel/yaml/constructor.py\", line 295, in check_mapping_key\n    raise DuplicateKeyError(*args)\n",
    "python-certifi-win32": "The recipe did not change in the version migration, a URL did not hash, or there is jinja2 syntax the bot cannot handle!\n\nPlease check the URLs in your recipe with version '1.6' to make sure they exist!\n\nWe also found the following errors:\n\n - could not hash URL template 'https://pypi.io/packages/source/{{ name[0] }}/{{ name }}/{{ name }}-{{ version }}.tar.gz'\n",
    "python-gilt": "The recipe did not change in the version migration, a URL did not hash, or there is jinja2 syntax the bot cannot handle!\n\nPlease check the URLs in your recipe with version '1.2.3' to make sure they exist!\n\nWe also found the following errors:\n\n - could not hash URL template 'https://pypi.io/packages/source/{{ name[0] }}/{{ name }}/{{ name }}-{{ version }}.tar.gz'\n",
    "python-kaleido": "The recipe did not change in the version migration, a URL did not hash, or there is jinja2 syntax the bot cannot handle!\n\nPlease check the URLs in your recipe with version '0.2.1.post1' to make sure they exist!\n\nWe also found the following errors:\n\n - could not hash URL template 'https://github.com/plotly/Kaleido/releases/download/v{{ version }}/kaleido-{{ version }}.tar.gz'\n",
    "python-node-semver": "The recipe did not change in the version migration, a URL did not hash, or there is jinja2 syntax the bot cannot handle!\n\nPlease check the URLs in your recipe with version '0.8.0' to make sure they exist!\n\nWe also found the following errors:\n\n - could not hash URL template 'https://pypi.io/packages/source/{{ name[0] }}/{{ name }}/{{ name }}-{{ version }}.tar.gz'\n",
    "pytorch-dp": "The recipe did not change in the version migration, a URL did not hash, or there is jinja2 syntax the bot cannot handle!\n\nPlease check the URLs in your recipe with version '0.13.0' to make sure they exist!\n\nWe also found the following errors:\n\n - recipe did not appear to change even though the bot said it should have\n",
    "qt": "The recipe did not change in the version migration, a URL did not hash, or there is jinja2 syntax the bot cannot handle!\n\nPlease check the URLs in your recipe with version '6.0.3' to make sure they exist!\n\nWe also found the following errors:\n\n - recipe did not appear to change even though the bot said it should have\n",
    "r-bactdating": "The recipe did not change in the version migration, a URL did not hash, or there is jinja2 syntax the bot cannot handle!\n\nPlease check the URLs in your recipe with version '1.1' to make sure they exist!\n\nWe also found the following errors:\n\n - recipe did not appear to change even though the bot said it should have\n",
    "r-loose.rock": "We found a problem parsing the recipe for version '1.1.1': \n\nDuplicateKeyError('while constructing a mapping', <ruamel.yaml.error.StringMark object at 0x7f3928db2510>, 'found duplicate key \"build\" with value \"ordereddict([(\\'merge_build_host__###conda-selector###__win\\', True), (\\'number\\', 0), (\\'rpaths\\', [\\'lib/R/lib/\\', \\'lib/\\'])])\" (original value: \"ordereddict([(\\'merge_build_host__###conda-selector###__win\\', True), (\\'number\\', 0), (\\'noarch\\', \\'generic\\'), (\\'rpaths\\', [\\'lib/R/lib/\\', \\'lib/\\'])])\")', <ruamel.yaml.error.StringMark object at 0x7f38efd284a0>, '\\n                    To suppress this check see:\\n                        http://yaml.readthedocs.io/en/latest/api.html#duplicate-keys\\n                    ', '                    Duplicate keys will become an error in future releases, and are errors\\n                    by default when using the new API.\\n                    ')\n\ntraceback:\n  File \"/home/runner/work/autotick-bot/autotick-bot/cf-scripts/conda_forge_tick/migrators/version.py\", line 472, in migrate\n    cmeta = CondaMetaYAML(fp.read())\n  File \"/home/runner/work/autotick-bot/autotick-bot/cf-scripts/conda_forge_tick/recipe_parser/_parser.py\", line 455, in __init__\n    self.meta = self._parser.load(\"\".join(lines))\n  File \"/usr/share/miniconda/envs/run_env/lib/python3.9/site-packages/ruamel/yaml/main.py\", line 343, in load\n    return constructor.get_single_data()\n  File \"/usr/share/miniconda/envs/run_env/lib/python3.9/site-packages/ruamel/yaml/constructor.py\", line 113, in get_single_data\n    return self.construct_document(node)\n  File \"/usr/share/miniconda/envs/run_env/lib/python3.9/site-packages/ruamel/yaml/constructor.py\", line 123, in construct_document\n    for _dummy in generator:\n  File \"/usr/share/miniconda/envs/run_env/lib/python3.9/site-packages/ruamel/yaml/constructor.py\", line 1563, in construct_yaml_map\n    self.construct_mapping(node, data, deep=True)\n  File \"/usr/share/miniconda/envs/run_env/lib/python3.9/site-packages/ruamel/yaml/constructor.py\", line 1470, in construct_mapping\n    if self.check_mapping_key(node, key_node, maptyp, key, value):\n  File \"/usr/share/miniconda/envs/run_env/lib/python3.9/site-packages/ruamel/yaml/constructor.py\", line 295, in check_mapping_key\n    raise DuplicateKeyError(*args)\n",
    "r-rgdal": "No error information available for version '1.5_18'.",
    "rabbitmq-server": "The recipe did not change in the version migration, a URL did not hash, or there is jinja2 syntax the bot cannot handle!\n\nPlease check the URLs in your recipe with version '3.8.14' to make sure they exist!\n\nWe also found the following errors:\n\n - no URLs in the source section\n",
    "rb-aws-codedeploy-agent": "We found a problem parsing the recipe for version '1.3.1': \n\nDuplicateKeyError('while constructing a mapping', <ruamel.yaml.error.StringMark object at 0x7f0708293f20>, 'found duplicate key \"url\" with value \"https://github.com/aws/aws-codedeploy-agent/archive/v1.0-1.<{ version }}.tar.gz\" (original value: \"https://github.com/aws/aws-codedeploy-agent/archive/v1.0-<{ version }}.tar.gz\")', <ruamel.yaml.error.StringMark object at 0x7f067c5b7270>, '\\n                    To suppress this check see:\\n                        http://yaml.readthedocs.io/en/latest/api.html#duplicate-keys\\n                    ', '                    Duplicate keys will become an error in future releases, and are errors\\n                    by default when using the new API.\\n                    ')\n\ntraceback:\n  File \"/home/runner/work/autotick-bot/autotick-bot/cf-scripts/conda_forge_tick/migrators/version.py\", line 472, in migrate\n    cmeta = CondaMetaYAML(fp.read())\n  File \"/home/runner/work/autotick-bot/autotick-bot/cf-scripts/conda_forge_tick/recipe_parser/_parser.py\", line 455, in __init__\n    self.meta = self._parser.load(\"\".join(lines))\n  File \"/usr/share/miniconda/envs/run_env/lib/python3.9/site-packages/ruamel/yaml/main.py\", line 343, in load\n    return constructor.get_single_data()\n  File \"/usr/share/miniconda/envs/run_env/lib/python3.9/site-packages/ruamel/yaml/constructor.py\", line 113, in get_single_data\n    return self.construct_document(node)\n  File \"/usr/share/miniconda/envs/run_env/lib/python3.9/site-packages/ruamel/yaml/constructor.py\", line 123, in construct_document\n    for _dummy in generator:\n  File \"/usr/share/miniconda/envs/run_env/lib/python3.9/site-packages/ruamel/yaml/constructor.py\", line 1563, in construct_yaml_map\n    self.construct_mapping(node, data, deep=True)\n  File \"/usr/share/miniconda/envs/run_env/lib/python3.9/site-packages/ruamel/yaml/constructor.py\", line 1469, in construct_mapping\n    value = self.construct_object(value_node, deep=deep)\n  File \"/usr/share/miniconda/envs/run_env/lib/python3.9/site-packages/ruamel/yaml/constructor.py\", line 146, in construct_object\n    data = self.construct_non_recursive_object(node)\n  File \"/usr/share/miniconda/envs/run_env/lib/python3.9/site-packages/ruamel/yaml/constructor.py\", line 188, in construct_non_recursive_object\n    for _dummy in generator:\n  File \"/usr/share/miniconda/envs/run_env/lib/python3.9/site-packages/ruamel/yaml/constructor.py\", line 1563, in construct_yaml_map\n    self.construct_mapping(node, data, deep=True)\n  File \"/usr/share/miniconda/envs/run_env/lib/python3.9/site-packages/ruamel/yaml/constructor.py\", line 1470, in construct_mapping\n    if self.check_mapping_key(node, key_node, maptyp, key, value):\n  File \"/usr/share/miniconda/envs/run_env/lib/python3.9/site-packages/ruamel/yaml/constructor.py\", line 295, in check_mapping_key\n    raise DuplicateKeyError(*args)\n",
    "rb-cool.io": "We found a problem parsing the recipe for version '1.7.1': \n\nParserError('while parsing a block collection', <ruamel.yaml.error.StringMark object at 0x7f06f91375f0>, \"expected <block end>, but found '<anchor>'\", <ruamel.yaml.error.StringMark object at 0x7f06f9137c80>)\n\ntraceback:\n  File \"/home/runner/work/autotick-bot/autotick-bot/cf-scripts/conda_forge_tick/migrators/version.py\", line 472, in migrate\n    cmeta = CondaMetaYAML(fp.read())\n  File \"/home/runner/work/autotick-bot/autotick-bot/cf-scripts/conda_forge_tick/recipe_parser/_parser.py\", line 455, in __init__\n    self.meta = self._parser.load(\"\".join(lines))\n  File \"/usr/share/miniconda/envs/run_env/lib/python3.9/site-packages/ruamel/yaml/main.py\", line 343, in load\n    return constructor.get_single_data()\n  File \"/usr/share/miniconda/envs/run_env/lib/python3.9/site-packages/ruamel/yaml/constructor.py\", line 111, in get_single_data\n    node = self.composer.get_single_node()\n  File \"/usr/share/miniconda/envs/run_env/lib/python3.9/site-packages/ruamel/yaml/composer.py\", line 78, in get_single_node\n    document = self.compose_document()\n  File \"/usr/share/miniconda/envs/run_env/lib/python3.9/site-packages/ruamel/yaml/composer.py\", line 101, in compose_document\n    node = self.compose_node(None, None)\n  File \"/usr/share/miniconda/envs/run_env/lib/python3.9/site-packages/ruamel/yaml/composer.py\", line 138, in compose_node\n    node = self.compose_mapping_node(anchor)\n  File \"/usr/share/miniconda/envs/run_env/lib/python3.9/site-packages/ruamel/yaml/composer.py\", line 218, in compose_mapping_node\n    item_value = self.compose_node(node, item_key)\n  File \"/usr/share/miniconda/envs/run_env/lib/python3.9/site-packages/ruamel/yaml/composer.py\", line 138, in compose_node\n    node = self.compose_mapping_node(anchor)\n  File \"/usr/share/miniconda/envs/run_env/lib/python3.9/site-packages/ruamel/yaml/composer.py\", line 218, in compose_mapping_node\n    item_value = self.compose_node(node, item_key)\n  File \"/usr/share/miniconda/envs/run_env/lib/python3.9/site-packages/ruamel/yaml/composer.py\", line 136, in compose_node\n    node = self.compose_sequence_node(anchor)\n  File \"/usr/share/miniconda/envs/run_env/lib/python3.9/site-packages/ruamel/yaml/composer.py\", line 179, in compose_sequence_node\n    while not self.parser.check_event(SequenceEndEvent):\n  File \"/usr/share/miniconda/envs/run_env/lib/python3.9/site-packages/ruamel/yaml/parser.py\", line 140, in check_event\n    self.current_event = self.state()\n  File \"/usr/share/miniconda/envs/run_env/lib/python3.9/site-packages/ruamel/yaml/parser.py\", line 521, in parse_block_sequence_entry\n    raise ParserError(\n",
    "reproc": "We found a problem parsing the recipe for version '14.2.2': \n\nParserError('while parsing a block collection', <ruamel.yaml.error.StringMark object at 0x7f9c336ac580>, \"expected <block end>, but found '<scalar>'\", <ruamel.yaml.error.StringMark object at 0x7f9c35bf93c0>)\n\ntraceback:\n  File \"/home/runner/work/autotick-bot/autotick-bot/cf-scripts/conda_forge_tick/migrators/version.py\", line 472, in migrate\n    cmeta = CondaMetaYAML(fp.read())\n  File \"/home/runner/work/autotick-bot/autotick-bot/cf-scripts/conda_forge_tick/recipe_parser/_parser.py\", line 455, in __init__\n    self.meta = self._parser.load(\"\".join(lines))\n  File \"/usr/share/miniconda/envs/run_env/lib/python3.9/site-packages/ruamel/yaml/main.py\", line 343, in load\n    return constructor.get_single_data()\n  File \"/usr/share/miniconda/envs/run_env/lib/python3.9/site-packages/ruamel/yaml/constructor.py\", line 111, in get_single_data\n    node = self.composer.get_single_node()\n  File \"/usr/share/miniconda/envs/run_env/lib/python3.9/site-packages/ruamel/yaml/composer.py\", line 78, in get_single_node\n    document = self.compose_document()\n  File \"/usr/share/miniconda/envs/run_env/lib/python3.9/site-packages/ruamel/yaml/composer.py\", line 101, in compose_document\n    node = self.compose_node(None, None)\n  File \"/usr/share/miniconda/envs/run_env/lib/python3.9/site-packages/ruamel/yaml/composer.py\", line 138, in compose_node\n    node = self.compose_mapping_node(anchor)\n  File \"/usr/share/miniconda/envs/run_env/lib/python3.9/site-packages/ruamel/yaml/composer.py\", line 218, in compose_mapping_node\n    item_value = self.compose_node(node, item_key)\n  File \"/usr/share/miniconda/envs/run_env/lib/python3.9/site-packages/ruamel/yaml/composer.py\", line 136, in compose_node\n    node = self.compose_sequence_node(anchor)\n  File \"/usr/share/miniconda/envs/run_env/lib/python3.9/site-packages/ruamel/yaml/composer.py\", line 180, in compose_sequence_node\n    node.value.append(self.compose_node(node, index))\n  File \"/usr/share/miniconda/envs/run_env/lib/python3.9/site-packages/ruamel/yaml/composer.py\", line 138, in compose_node\n    node = self.compose_mapping_node(anchor)\n  File \"/usr/share/miniconda/envs/run_env/lib/python3.9/site-packages/ruamel/yaml/composer.py\", line 218, in compose_mapping_node\n    item_value = self.compose_node(node, item_key)\n  File \"/usr/share/miniconda/envs/run_env/lib/python3.9/site-packages/ruamel/yaml/composer.py\", line 138, in compose_node\n    node = self.compose_mapping_node(anchor)\n  File \"/usr/share/miniconda/envs/run_env/lib/python3.9/site-packages/ruamel/yaml/composer.py\", line 218, in compose_mapping_node\n    item_value = self.compose_node(node, item_key)\n  File \"/usr/share/miniconda/envs/run_env/lib/python3.9/site-packages/ruamel/yaml/composer.py\", line 136, in compose_node\n    node = self.compose_sequence_node(anchor)\n  File \"/usr/share/miniconda/envs/run_env/lib/python3.9/site-packages/ruamel/yaml/composer.py\", line 179, in compose_sequence_node\n    while not self.parser.check_event(SequenceEndEvent):\n  File \"/usr/share/miniconda/envs/run_env/lib/python3.9/site-packages/ruamel/yaml/parser.py\", line 140, in check_event\n    self.current_event = self.state()\n  File \"/usr/share/miniconda/envs/run_env/lib/python3.9/site-packages/ruamel/yaml/parser.py\", line 521, in parse_block_sequence_entry\n    raise ParserError(\n",
    "root": "We found a problem parsing the recipe for version '6-25-01': \n\nComposerError('expected a single document in the stream', <ruamel.yaml.error.StringMark object at 0x7fe1f5ba0740>, 'but found another document', <ruamel.yaml.error.StringMark object at 0x7fe1f5b8dc80>)\n\ntraceback:\n  File \"/home/runner/work/autotick-bot/autotick-bot/cf-scripts/conda_forge_tick/migrators/version.py\", line 472, in migrate\n    cmeta = CondaMetaYAML(fp.read())\n  File \"/home/runner/work/autotick-bot/autotick-bot/cf-scripts/conda_forge_tick/recipe_parser/_parser.py\", line 455, in __init__\n    self.meta = self._parser.load(\"\".join(lines))\n  File \"/usr/share/miniconda/envs/run_env/lib/python3.9/site-packages/ruamel/yaml/main.py\", line 343, in load\n    return constructor.get_single_data()\n  File \"/usr/share/miniconda/envs/run_env/lib/python3.9/site-packages/ruamel/yaml/constructor.py\", line 111, in get_single_data\n    node = self.composer.get_single_node()\n  File \"/usr/share/miniconda/envs/run_env/lib/python3.9/site-packages/ruamel/yaml/composer.py\", line 83, in get_single_node\n    raise ComposerError(\n",
    "segyio": "The recipe did not change in the version migration, a URL did not hash, or there is jinja2 syntax the bot cannot handle!\n\nPlease check the URLs in your recipe with version '1.9.6' to make sure they exist!\n\nWe also found the following errors:\n\n - could not hash URL template 'https://github.com/equinor/{{ name }}/releases/download/{{ version }}/{{ name }}-{{ version }}.tar.gz'\n",
    "simage": "The recipe did not change in the version migration, a URL did not hash, or there is jinja2 syntax the bot cannot handle!\n\nPlease check the URLs in your recipe with version '1.8.1' to make sure they exist!\n\nWe also found the following errors:\n\n - could not hash URL template 'https://github.com/coin3d/simage/archive/simage-{{ version }}.tar.gz'\n",
    "simanneal": "The recipe did not change in the version migration, a URL did not hash, or there is jinja2 syntax the bot cannot handle!\n\nPlease check the URLs in your recipe with version '0.5.0' to make sure they exist!\n\nWe also found the following errors:\n\n - could not hash URL template 'https://pypi.io/packages/source/{{ name[0] }}/{{ name }}/{{ name }}-{{ version }}.tar.gz'\n",
    "spacy-model-en_vectors_web": "The recipe did not change in the version migration, a URL did not hash, or there is jinja2 syntax the bot cannot handle!\n\nPlease check the URLs in your recipe with version '3.0.0' to make sure they exist!\n\nWe also found the following errors:\n\n - could not hash URL template 'https://github.com/explosion/spacy-models/releases/download/{{ name }}_lg-{{ version }}/{{ name }}_lg-{{ version }}.tar.gz'\n",
    "stack_data": "The recipe did not change in the version migration, a URL did not hash, or there is jinja2 syntax the bot cannot handle!\n\nPlease check the URLs in your recipe with version '0.1.0' to make sure they exist!\n\nWe also found the following errors:\n\n - could not hash URL template 'https://pypi.io/packages/source/{{ name[0] }}/{{ name }}/{{ name }}-{{ version }}.tar.gz'\n",
    "suds-py3": "The recipe did not change in the version migration, a URL did not hash, or there is jinja2 syntax the bot cannot handle!\n\nPlease check the URLs in your recipe with version '1.4.4.1' to make sure they exist!\n\nWe also found the following errors:\n\n - no URLs in the source section\n",
    "tensorflow": "The recipe did not change in the version migration, a URL did not hash, or there is jinja2 syntax the bot cannot handle!\n\nPlease check the URLs in your recipe with version '2.4.1' to make sure they exist!\n\nWe also found the following errors:\n\n - missing jinja2 variable 'pyver' for selector 'linux'\n - could not hash URL template 'https://pypi.io/packages/{{ pyver }}/t/tensorflow/{{ fn }}'\n",
    "terraform-provider-credstash": "We found a problem parsing the recipe for version '0.5.0': \n\nDuplicateKeyError('while constructing a mapping', <ruamel.yaml.error.StringMark object at 0x7f06fafecdd0>, 'found duplicate key \"license_file\" with value \"LICENSE.txt\" (original value: \"LICENSE\")', <ruamel.yaml.error.StringMark object at 0x7f06eddd0970>, '\\n                    To suppress this check see:\\n                        http://yaml.readthedocs.io/en/latest/api.html#duplicate-keys\\n                    ', '                    Duplicate keys will become an error in future releases, and are errors\\n                    by default when using the new API.\\n                    ')\n\ntraceback:\n  File \"/home/runner/work/autotick-bot/autotick-bot/cf-scripts/conda_forge_tick/migrators/version.py\", line 472, in migrate\n    cmeta = CondaMetaYAML(fp.read())\n  File \"/home/runner/work/autotick-bot/autotick-bot/cf-scripts/conda_forge_tick/recipe_parser/_parser.py\", line 455, in __init__\n    self.meta = self._parser.load(\"\".join(lines))\n  File \"/usr/share/miniconda/envs/run_env/lib/python3.9/site-packages/ruamel/yaml/main.py\", line 343, in load\n    return constructor.get_single_data()\n  File \"/usr/share/miniconda/envs/run_env/lib/python3.9/site-packages/ruamel/yaml/constructor.py\", line 113, in get_single_data\n    return self.construct_document(node)\n  File \"/usr/share/miniconda/envs/run_env/lib/python3.9/site-packages/ruamel/yaml/constructor.py\", line 123, in construct_document\n    for _dummy in generator:\n  File \"/usr/share/miniconda/envs/run_env/lib/python3.9/site-packages/ruamel/yaml/constructor.py\", line 1563, in construct_yaml_map\n    self.construct_mapping(node, data, deep=True)\n  File \"/usr/share/miniconda/envs/run_env/lib/python3.9/site-packages/ruamel/yaml/constructor.py\", line 1469, in construct_mapping\n    value = self.construct_object(value_node, deep=deep)\n  File \"/usr/share/miniconda/envs/run_env/lib/python3.9/site-packages/ruamel/yaml/constructor.py\", line 146, in construct_object\n    data = self.construct_non_recursive_object(node)\n  File \"/usr/share/miniconda/envs/run_env/lib/python3.9/site-packages/ruamel/yaml/constructor.py\", line 188, in construct_non_recursive_object\n    for _dummy in generator:\n  File \"/usr/share/miniconda/envs/run_env/lib/python3.9/site-packages/ruamel/yaml/constructor.py\", line 1563, in construct_yaml_map\n    self.construct_mapping(node, data, deep=True)\n  File \"/usr/share/miniconda/envs/run_env/lib/python3.9/site-packages/ruamel/yaml/constructor.py\", line 1470, in construct_mapping\n    if self.check_mapping_key(node, key_node, maptyp, key, value):\n  File \"/usr/share/miniconda/envs/run_env/lib/python3.9/site-packages/ruamel/yaml/constructor.py\", line 295, in check_mapping_key\n    raise DuplicateKeyError(*args)\n",
    "terraform-provider-time": "We found a problem parsing the recipe for version '0.7.0': \n\nAssertionError('\\n  ')\n\ntraceback:\n  File \"/home/runner/work/autotick-bot/autotick-bot/cf-scripts/conda_forge_tick/migrators/version.py\", line 472, in migrate\n    cmeta = CondaMetaYAML(fp.read())\n  File \"/home/runner/work/autotick-bot/autotick-bot/cf-scripts/conda_forge_tick/recipe_parser/_parser.py\", line 437, in __init__\n    v, e = _parse_jinja2_variables(meta_yaml)\n  File \"/home/runner/work/autotick-bot/autotick-bot/cf-scripts/conda_forge_tick/recipe_parser/_parser.py\", line 112, in _parse_jinja2_variables\n    assert False, jinja2_data\n",
    "tesseract": "The recipe did not change in the version migration, a URL did not hash, or there is jinja2 syntax the bot cannot handle!\n\nPlease check the URLs in your recipe with version '5.0.0.20190623' to make sure they exist!\n\nWe also found the following errors:\n\n - could not hash URL template 'https://github.com/tesseract-ocr/{{ name }}/archive/{{ version }}.tar.gz'\n",
    "tf_object_detection": "The recipe did not change in the version migration, a URL did not hash, or there is jinja2 syntax the bot cannot handle!\n\nPlease check the URLs in your recipe with version '2.4.0' to make sure they exist!\n\nWe also found the following errors:\n\n - recipe did not appear to change even though the bot said it should have\n",
    "thrust": "The recipe did not change in the version migration, a URL did not hash, or there is jinja2 syntax the bot cannot handle!\n\nPlease check the URLs in your recipe with version '20.9' to make sure they exist!\n\nWe also found the following errors:\n\n - could not hash URL template 'https://github.com/NVIDIA/thrust/archive/{{ version }}.tar.gz'\n",
    "tokei": "The recipe did not change in the version migration, a URL did not hash, or there is jinja2 syntax the bot cannot handle!\n\nPlease check the URLs in your recipe with version '4012.1.2' to make sure they exist!\n\nWe also found the following errors:\n\n - could not hash URL template 'https://github.com/XAMPPRocky/tokei/archive/v{{ version }}.tar.gz'\n",
    "torchvision": "We found a problem parsing the recipe for version '0.9.1': \n\nParserError('while parsing a block mapping', <ruamel.yaml.error.StringMark object at 0x7ff4a4cd1580>, \"expected <block end>, but found '<scalar>'\", <ruamel.yaml.error.StringMark object at 0x7ff4a4cd1ba0>)\n\ntraceback:\n  File \"/home/runner/work/autotick-bot/autotick-bot/cf-scripts/conda_forge_tick/migrators/version.py\", line 472, in migrate\n    cmeta = CondaMetaYAML(fp.read())\n  File \"/home/runner/work/autotick-bot/autotick-bot/cf-scripts/conda_forge_tick/recipe_parser/_parser.py\", line 455, in __init__\n    self.meta = self._parser.load(\"\".join(lines))\n  File \"/usr/share/miniconda/envs/run_env/lib/python3.9/site-packages/ruamel/yaml/main.py\", line 343, in load\n    return constructor.get_single_data()\n  File \"/usr/share/miniconda/envs/run_env/lib/python3.9/site-packages/ruamel/yaml/constructor.py\", line 111, in get_single_data\n    node = self.composer.get_single_node()\n  File \"/usr/share/miniconda/envs/run_env/lib/python3.9/site-packages/ruamel/yaml/composer.py\", line 78, in get_single_node\n    document = self.compose_document()\n  File \"/usr/share/miniconda/envs/run_env/lib/python3.9/site-packages/ruamel/yaml/composer.py\", line 101, in compose_document\n    node = self.compose_node(None, None)\n  File \"/usr/share/miniconda/envs/run_env/lib/python3.9/site-packages/ruamel/yaml/composer.py\", line 138, in compose_node\n    node = self.compose_mapping_node(anchor)\n  File \"/usr/share/miniconda/envs/run_env/lib/python3.9/site-packages/ruamel/yaml/composer.py\", line 218, in compose_mapping_node\n    item_value = self.compose_node(node, item_key)\n  File \"/usr/share/miniconda/envs/run_env/lib/python3.9/site-packages/ruamel/yaml/composer.py\", line 136, in compose_node\n    node = self.compose_sequence_node(anchor)\n  File \"/usr/share/miniconda/envs/run_env/lib/python3.9/site-packages/ruamel/yaml/composer.py\", line 180, in compose_sequence_node\n    node.value.append(self.compose_node(node, index))\n  File \"/usr/share/miniconda/envs/run_env/lib/python3.9/site-packages/ruamel/yaml/composer.py\", line 138, in compose_node\n    node = self.compose_mapping_node(anchor)\n  File \"/usr/share/miniconda/envs/run_env/lib/python3.9/site-packages/ruamel/yaml/composer.py\", line 218, in compose_mapping_node\n    item_value = self.compose_node(node, item_key)\n  File \"/usr/share/miniconda/envs/run_env/lib/python3.9/site-packages/ruamel/yaml/composer.py\", line 138, in compose_node\n    node = self.compose_mapping_node(anchor)\n  File \"/usr/share/miniconda/envs/run_env/lib/python3.9/site-packages/ruamel/yaml/composer.py\", line 211, in compose_mapping_node\n    while not self.parser.check_event(MappingEndEvent):\n  File \"/usr/share/miniconda/envs/run_env/lib/python3.9/site-packages/ruamel/yaml/parser.py\", line 140, in check_event\n    self.current_event = self.state()\n  File \"/usr/share/miniconda/envs/run_env/lib/python3.9/site-packages/ruamel/yaml/parser.py\", line 585, in parse_block_mapping_key\n    raise ParserError(\n",
    "vault": "The recipe did not change in the version migration, a URL did not hash, or there is jinja2 syntax the bot cannot handle!\n\nPlease check the URLs in your recipe with version '2Fv0.2.0' to make sure they exist!\n\nWe also found the following errors:\n\n - could not hash URL template 'https://github.com/hashicorp/{{ name }}/archive/v{{ version }}.tar.gz'\n",
    "versioned-hdf5": "The recipe did not change in the version migration, a URL did not hash, or there is jinja2 syntax the bot cannot handle!\n\nPlease check the URLs in your recipe with version '1.2.4' to make sure they exist!\n\nWe also found the following errors:\n\n - could not hash URL template 'https://github.com/deshaw/versioned-hdf5/releases/download/{{ version }}/{{ name }}-{{ version }}.tar.gz'\n",
    "wand": "The recipe did not change in the version migration, a URL did not hash, or there is jinja2 syntax the bot cannot handle!\n\nPlease check the URLs in your recipe with version '0.6.6' to make sure they exist!\n\nWe also found the following errors:\n\n - could not hash URL template 'https://github.com/emcconville/wand/releases/download/{{ version }}/Wand-{{ version }}.tar.gz'\n",
    "wkhtmltopdf": "The recipe did not change in the version migration, a URL did not hash, or there is jinja2 syntax the bot cannot handle!\n\nPlease check the URLs in your recipe with version '0.12.6' to make sure they exist!\n\nWe also found the following errors:\n\n - migrations do not work on versions not specified with jinja2\n",
    "xarray-spatial": "The recipe did not change in the version migration, a URL did not hash, or there is jinja2 syntax the bot cannot handle!\n\nPlease check the URLs in your recipe with version '0.1.5' to make sure they exist!\n\nWe also found the following errors:\n\n - could not hash URL template 'https://pypi.io/packages/source/{{ name[0] }}/{{ name }}/{{ name }}-{{ version }}.tar.gz'\n",
    "xtensor": "The recipe did not change in the version migration, a URL did not hash, or there is jinja2 syntax the bot cannot handle!\n\nPlease check the URLs in your recipe with version '21.8' to make sure they exist!\n\nWe also found the following errors:\n\n - could not hash URL template 'https://github.com/xtensor-stack/xtensor/archive/{{ version }}.tar.gz'\n",
    "zziplib": "The recipe did not change in the version migration, a URL did not hash, or there is jinja2 syntax the bot cannot handle!\n\nPlease check the URLs in your recipe with version '0.13.72' to make sure they exist!\n\nWe also found the following errors:\n\n - no URLs in the source section\n"
  },
  "queued": []
}